#
# There is insufficient memory for the Java Runtime Environment to continue.
# Native memory allocation (malloc) failed to allocate 827616 bytes. Error detail: Chunk::new
# Possible reasons:
#   The system is out of physical RAM or swap space
#   This process is running with CompressedOops enabled, and the Java Heap may be blocking the growth of the native heap
# Possible solutions:
#   Reduce memory load on the system
#   Increase physical memory or swap space
#   Check if swap backing store is full
#   Decrease Java heap size (-Xmx/-Xms)
#   Decrease number of Java threads
#   Decrease Java thread stack sizes (-Xss)
#   Set larger code cache with -XX:ReservedCodeCacheSize=
#   JVM is running with Unscaled Compressed Oops mode in which the Java heap is
#     placed in the first 4GB address space. The Java Heap base address is the
#     maximum limit for the native heap growth. Please use -XX:HeapBaseMinAddress
#     to set the Java Heap base and to place the Java Heap above 4GB virtual address.
# This output file may be truncated or incomplete.
#
#  Out of Memory Error (arena.cpp:168), pid=25952, tid=18744
#
# JRE version: OpenJDK Runtime Environment Temurin-21.0.10+7 (21.0.10+7) (build 21.0.10+7-LTS)
# Java VM: OpenJDK 64-Bit Server VM Temurin-21.0.10+7 (21.0.10+7-LTS, mixed mode, sharing, tiered, compressed oops, compressed class ptrs, parallel gc, windows-amd64)
# No core dump will be written. Minidumps are not enabled by default on client versions of Windows
#

---------------  S U M M A R Y ------------

Command Line: --add-modules=ALL-SYSTEM --add-opens=java.base/java.util=ALL-UNNAMED --add-opens=java.base/java.lang=ALL-UNNAMED --add-opens=java.base/sun.nio.fs=ALL-UNNAMED -Declipse.application=org.eclipse.jdt.ls.core.id1 -Dosgi.bundles.defaultStartLevel=4 -Declipse.product=org.eclipse.jdt.ls.core.product -Djava.import.generatesMetadataFilesAtProjectRoot=false -DDetectVMInstallationsJob.disabled=true -Dfile.encoding=utf8 -XX:+UseParallelGC -XX:GCTimeRatio=4 -XX:AdaptiveSizePolicyWeight=90 -Dsun.zip.disableMemoryMapping=true -Xmx2G -Xms100m -Xlog:disable -javaagent:c:\Users\dives\.vscode\extensions\redhat.java-1.53.0-win32-x64\lombok\lombok-1.18.39-4050.jar -XX:+HeapDumpOnOutOfMemoryError -XX:HeapDumpPath=c:\Users\dives\AppData\Roaming\Code\User\workspaceStorage\0306aa9fc2007cb3af0743571fb27f26\redhat.java -Daether.dependencyCollector.impl=bf c:\Users\dives\.vscode\extensions\redhat.java-1.53.0-win32-x64\server\plugins\org.eclipse.equinox.launcher_1.7.100.v20251111-0406.jar -configuration c:\Users\dives\AppData\Roaming\Code\User\globalStorage\redhat.java\1.53.0\config_win -data c:\Users\dives\AppData\Roaming\Code\User\workspaceStorage\0306aa9fc2007cb3af0743571fb27f26\redhat.java\jdt_ws --pipe=\\.\pipe\lsp-77721e2380cd4618667b35fa6c0ef126-sock

Host: 11th Gen Intel(R) Core(TM) i5-1135G7 @ 2.40GHz, 8 cores, 7G,  Windows 11 , 64 bit Build 26100 (10.0.26100.7920)
Time: Mon Mar 23 22:22:49 2026 India Standard Time elapsed time: 71.669347 seconds (0d 0h 1m 11s)

---------------  T H R E A D  ---------------

Current thread (0x000002550b56f210):  JavaThread "C2 CompilerThread1" daemon [_thread_in_native, id=18744, stack(0x000000e5ac700000,0x000000e5ac800000) (1024K)]


Current CompileTask:
C2:71669 9477  s!   4       org.eclipse.jdt.internal.core.index.DiskIndex::readCategoryTable (743 bytes)

Stack: [0x000000e5ac700000,0x000000e5ac800000]
Native frames: (J=compiled Java code, j=interpreted, Vv=VM code, C=native code)
V  [jvm.dll+0x6d7a39]
V  [jvm.dll+0x8b4b26]
V  [jvm.dll+0x8b70de]
V  [jvm.dll+0x8b77c3]
V  [jvm.dll+0x284346]
V  [jvm.dll+0xc66ed]
V  [jvm.dll+0xc6c31]
V  [jvm.dll+0x2fb29e]
V  [jvm.dll+0x5fe884]
V  [jvm.dll+0x255b17]
V  [jvm.dll+0x255edd]
V  [jvm.dll+0x24e500]
V  [jvm.dll+0x24ba42]
V  [jvm.dll+0x1cb34e]
V  [jvm.dll+0x25b85d]
V  [jvm.dll+0x259dea]
V  [jvm.dll+0x3f857e]
V  [jvm.dll+0x85f59d]
V  [jvm.dll+0x6d626d]
C  [ucrtbase.dll+0x37b0]
C  [KERNEL32.DLL+0x2e8d7]
C  [ntdll.dll+0x8c48c]


---------------  P R O C E S S  ---------------

Threads class SMR info:
_java_thread_list=0x000002550f7d5e50, length=45, elements={
0x00000254ab38c170, 0x00000254ad88bc30, 0x00000254ad744770, 0x00000254ad746ca0,
0x00000254ad747800, 0x00000254ad74a370, 0x00000254ad750880, 0x00000254ad758d80,
0x00000254ad763970, 0x0000025506c9bf10, 0x0000025506da77b0, 0x000002550b75d730,
0x000002550b9c27e0, 0x000002550b9c3250, 0x0000025506e2a010, 0x0000025506cdd550,
0x000002550b753ab0, 0x000002550b968370, 0x0000025506cdac50, 0x0000025506cda5c0,
0x0000025506cd9210, 0x0000025506cd7e60, 0x0000025506cd8b80, 0x0000025506cd77d0,
0x0000025506cd9f30, 0x000002550b7dbc70, 0x000002550b7de3d0, 0x000002550b7dc300,
0x000002550b7ddd40, 0x000002550b7db5e0, 0x000002550b7dc990, 0x000002550b7daf50,
0x000002550b7e04a0, 0x000002550b7dd6b0, 0x000002550b7df780, 0x000002550b7dd020,
0x000002550b7df0f0, 0x000002550b7e0b30, 0x000002551040ae50, 0x000002551040a7c0,
0x0000025510408060, 0x000002550b56f210, 0x00000255104086f0, 0x000002551040a130,
0x0000025510409aa0
}

Java Threads: ( => current thread )
  0x00000254ab38c170 JavaThread "main"                              [_thread_blocked, id=18340, stack(0x000000e5a9200000,0x000000e5a9300000) (1024K)]
  0x00000254ad88bc30 JavaThread "Reference Handler"          daemon [_thread_blocked, id=10172, stack(0x000000e5a9600000,0x000000e5a9700000) (1024K)]
  0x00000254ad744770 JavaThread "Finalizer"                  daemon [_thread_blocked, id=1680, stack(0x000000e5a9700000,0x000000e5a9800000) (1024K)]
  0x00000254ad746ca0 JavaThread "Signal Dispatcher"          daemon [_thread_blocked, id=14544, stack(0x000000e5a9800000,0x000000e5a9900000) (1024K)]
  0x00000254ad747800 JavaThread "Attach Listener"            daemon [_thread_blocked, id=19448, stack(0x000000e5a9900000,0x000000e5a9a00000) (1024K)]
  0x00000254ad74a370 JavaThread "Service Thread"             daemon [_thread_blocked, id=13800, stack(0x000000e5a9a00000,0x000000e5a9b00000) (1024K)]
  0x00000254ad750880 JavaThread "Monitor Deflation Thread"   daemon [_thread_blocked, id=1740, stack(0x000000e5a9b00000,0x000000e5a9c00000) (1024K)]
  0x00000254ad758d80 JavaThread "C2 CompilerThread0"         daemon [_thread_in_native, id=8168, stack(0x000000e5a9c00000,0x000000e5a9d00000) (1024K)]
  0x00000254ad763970 JavaThread "C1 CompilerThread0"         daemon [_thread_blocked, id=19232, stack(0x000000e5a9d00000,0x000000e5a9e00000) (1024K)]
  0x0000025506c9bf10 JavaThread "Common-Cleaner"             daemon [_thread_blocked, id=19892, stack(0x000000e5a9f00000,0x000000e5aa000000) (1024K)]
  0x0000025506da77b0 JavaThread "Notification Thread"        daemon [_thread_blocked, id=17700, stack(0x000000e5a9e00000,0x000000e5a9f00000) (1024K)]
  0x000002550b75d730 JavaThread "Active Thread: Equinox Container: 7594126b-c7a2-4565-93b6-6ef4b77f35fc"        [_thread_blocked, id=2908, stack(0x000000e5aa700000,0x000000e5aa800000) (1024K)]
  0x000002550b9c27e0 JavaThread "Refresh Thread: Equinox Container: 7594126b-c7a2-4565-93b6-6ef4b77f35fc" daemon [_thread_blocked, id=26444, stack(0x000000e5aa000000,0x000000e5aa100000) (1024K)]
  0x000002550b9c3250 JavaThread "Framework Event Dispatcher: Equinox Container: 7594126b-c7a2-4565-93b6-6ef4b77f35fc" daemon [_thread_blocked, id=26272, stack(0x000000e5aa900000,0x000000e5aaa00000) (1024K)]
  0x0000025506e2a010 JavaThread "Start Level: Equinox Container: 7594126b-c7a2-4565-93b6-6ef4b77f35fc" daemon [_thread_blocked, id=1692, stack(0x000000e5aaa00000,0x000000e5aab00000) (1024K)]
  0x0000025506cdd550 JavaThread "Bundle File Closer"         daemon [_thread_blocked, id=19980, stack(0x000000e5aac00000,0x000000e5aad00000) (1024K)]
  0x000002550b753ab0 JavaThread "SCR Component Actor"        daemon [_thread_blocked, id=25172, stack(0x000000e5a9000000,0x000000e5a9100000) (1024K)]
  0x000002550b968370 JavaThread "Worker-JM"                         [_thread_blocked, id=13428, stack(0x000000e5aad00000,0x000000e5aae00000) (1024K)]
  0x0000025506cdac50 JavaThread "JNA Cleaner"                daemon [_thread_blocked, id=1488, stack(0x000000e5aae00000,0x000000e5aaf00000) (1024K)]
  0x0000025506cda5c0 JavaThread "Worker-0"                          [_thread_blocked, id=5956, stack(0x000000e5aab00000,0x000000e5aac00000) (1024K)]
  0x0000025506cd9210 JavaThread "Worker-1"                          [_thread_blocked, id=3376, stack(0x000000e5aaf00000,0x000000e5ab000000) (1024K)]
  0x0000025506cd7e60 JavaThread "Java indexing"              daemon [_thread_blocked, id=12812, stack(0x000000e5ab100000,0x000000e5ab200000) (1024K)]
  0x0000025506cd8b80 JavaThread "Worker-2: Send Classpath Notifications"        [_thread_blocked, id=24872, stack(0x000000e5ab200000,0x000000e5ab300000) (1024K)]
  0x0000025506cd77d0 JavaThread "Worker-3"                          [_thread_blocked, id=24348, stack(0x000000e5ab500000,0x000000e5ab600000) (1024K)]
  0x0000025506cd9f30 JavaThread "Worker-4: Initialize workspace"        [_thread_in_Java, id=17008, stack(0x000000e5ab600000,0x000000e5ab700000) (1024K)]
  0x000002550b7dbc70 JavaThread "Thread-1"                   daemon [_thread_in_native, id=22232, stack(0x000000e5ab700000,0x000000e5ab800000) (1024K)]
  0x000002550b7de3d0 JavaThread "Thread-2"                   daemon [_thread_in_native, id=19256, stack(0x000000e5ab800000,0x000000e5ab900000) (1024K)]
  0x000002550b7dc300 JavaThread "Thread-3"                   daemon [_thread_in_native, id=16884, stack(0x000000e5ab900000,0x000000e5aba00000) (1024K)]
  0x000002550b7ddd40 JavaThread "Thread-4"                   daemon [_thread_in_native, id=2592, stack(0x000000e5aba00000,0x000000e5abb00000) (1024K)]
  0x000002550b7db5e0 JavaThread "Thread-5"                   daemon [_thread_in_native, id=13104, stack(0x000000e5abb00000,0x000000e5abc00000) (1024K)]
  0x000002550b7dc990 JavaThread "Thread-6"                   daemon [_thread_in_native, id=11392, stack(0x000000e5abc00000,0x000000e5abd00000) (1024K)]
  0x000002550b7daf50 JavaThread "Thread-7"                   daemon [_thread_in_native, id=15552, stack(0x000000e5abd00000,0x000000e5abe00000) (1024K)]
  0x000002550b7e04a0 JavaThread "Thread-8"                   daemon [_thread_in_native, id=24264, stack(0x000000e5abe00000,0x000000e5abf00000) (1024K)]
  0x000002550b7dd6b0 JavaThread "Thread-9"                   daemon [_thread_in_native, id=24748, stack(0x000000e5abf00000,0x000000e5ac000000) (1024K)]
  0x000002550b7df780 JavaThread "pool-2-thread-1"                   [_thread_blocked, id=13588, stack(0x000000e5ac000000,0x000000e5ac100000) (1024K)]
  0x000002550b7dd020 JavaThread "WorkspaceEventsHandler"            [_thread_blocked, id=15604, stack(0x000000e5ac100000,0x000000e5ac200000) (1024K)]
  0x000002550b7df0f0 JavaThread "pool-1-thread-1"                   [_thread_blocked, id=12984, stack(0x000000e5ac200000,0x000000e5ac300000) (1024K)]
  0x000002550b7e0b30 JavaThread "ForkJoinPool.commonPool-worker-1" daemon [_thread_in_native, id=1120, stack(0x000000e5ab000000,0x000000e5ab100000) (1024K)]
  0x000002551040ae50 JavaThread "ForkJoinPool.commonPool-worker-2" daemon [_thread_in_Java, id=23604, stack(0x000000e5ac400000,0x000000e5ac500000) (1024K)]
  0x000002551040a7c0 JavaThread "ForkJoinPool.commonPool-worker-3" daemon [_thread_in_Java, id=16452, stack(0x000000e5ac500000,0x000000e5ac600000) (1024K)]
  0x0000025510408060 JavaThread "ForkJoinPool.commonPool-worker-4" daemon [_thread_blocked, id=14604, stack(0x000000e5ac600000,0x000000e5ac700000) (1024K)]
=>0x000002550b56f210 JavaThread "C2 CompilerThread1"         daemon [_thread_in_native, id=18744, stack(0x000000e5ac700000,0x000000e5ac800000) (1024K)]
  0x00000255104086f0 JavaThread "ForkJoinPool.commonPool-worker-5" daemon [_thread_blocked, id=9392, stack(0x000000e5ac800000,0x000000e5ac900000) (1024K)]
  0x000002551040a130 JavaThread "ForkJoinPool.commonPool-worker-6" daemon [_thread_blocked, id=26260, stack(0x000000e5ac900000,0x000000e5aca00000) (1024K)]
  0x0000025510409aa0 JavaThread "ForkJoinPool.commonPool-worker-7" daemon [_thread_in_native, id=17200, stack(0x000000e5aca00000,0x000000e5acb00000) (1024K)]
Total: 45

Other Threads:
  0x00000254ad743670 VMThread "VM Thread"                           [id=11580, stack(0x000000e5a9500000,0x000000e5a9600000) (1024K)]
  0x00000254ad8405e0 WatcherThread "VM Periodic Task Thread"        [id=21972, stack(0x000000e5a9400000,0x000000e5a9500000) (1024K)]
  0x00000254ad7f2940 WorkerThread "GC Thread#0"                     [id=18356, stack(0x000000e5a9300000,0x000000e5a9400000) (1024K)]
  0x000002550b03da50 WorkerThread "GC Thread#1"                     [id=15364, stack(0x000000e5aa100000,0x000000e5aa200000) (1024K)]
  0x000002550b03e200 WorkerThread "GC Thread#2"                     [id=26004, stack(0x000000e5aa200000,0x000000e5aa300000) (1024K)]
  0x000002550b5e0f40 WorkerThread "GC Thread#3"                     [id=21892, stack(0x000000e5aa300000,0x000000e5aa400000) (1024K)]
  0x000002550b5e12f0 WorkerThread "GC Thread#4"                     [id=18952, stack(0x000000e5aa400000,0x000000e5aa500000) (1024K)]
  0x000002550b5e16a0 WorkerThread "GC Thread#5"                     [id=13680, stack(0x000000e5aa500000,0x000000e5aa600000) (1024K)]
  0x000002550b5e1a50 WorkerThread "GC Thread#6"                     [id=9676, stack(0x000000e5aa600000,0x000000e5aa700000) (1024K)]
  0x000002550b7ac5e0 WorkerThread "GC Thread#7"                     [id=3356, stack(0x000000e5aa800000,0x000000e5aa900000) (1024K)]
Total: 10

Threads with active compile tasks:
C2 CompilerThread0  71706 9450       4       com.google.gson.stream.JsonReader::nextString (168 bytes)
C2 CompilerThread1  71706 9477  s!   4       org.eclipse.jdt.internal.core.index.DiskIndex::readCategoryTable (743 bytes)
Total: 2

VM state: not at safepoint (normal execution)

VM Mutex/Monitor currently owned by a thread: None

Heap address: 0x0000000080000000, size: 2048 MB, Compressed Oops mode: 32-bit

CDS archive(s) mapped at: [0x00000254c5000000-0x00000254c5ba0000-0x00000254c5ba0000), size 12189696, SharedBaseAddress: 0x00000254c5000000, ArchiveRelocationMode: 1.
Compressed class space mapped at: 0x00000254c6000000-0x0000025506000000, reserved size: 1073741824
Narrow klass base: 0x00000254c5000000, Narrow klass shift: 0, Narrow klass range: 0x100000000

GC Precious Log:
 CardTable entry size: 512
 CPUs: 8 total, 8 available
 Memory: 7926M
 Large Page Support: Disabled
 NUMA Support: Disabled
 Compressed Oops: Enabled (32-bit)
 Alignments: Space 512K, Generation 512K, Heap 2M
 Heap Min Capacity: 100M
 Heap Initial Capacity: 100M
 Heap Max Capacity: 2G
 Pre-touch: Disabled
 Parallel Workers: 8

Heap:
 PSYoungGen      total 1536K, used 894K [0x00000000d5580000, 0x00000000d5780000, 0x0000000100000000)
  eden space 1024K, 65% used [0x00000000d5580000,0x00000000d56282f8,0x00000000d5680000)
  from space 512K, 43% used [0x00000000d5700000,0x00000000d5738000,0x00000000d5780000)
  to   space 512K, 0% used [0x00000000d5680000,0x00000000d5680000,0x00000000d5700000)
 ParOldGen       total 344576K, used 89230K [0x0000000080000000, 0x0000000095080000, 0x00000000d5580000)
  object space 344576K, 25% used [0x0000000080000000,0x0000000085723b20,0x0000000095080000)
 Metaspace       used 62573K, committed 64000K, reserved 1114112K
  class space    used 6753K, committed 7360K, reserved 1048576K

Card table byte_map: [0x00000254ad170000,0x00000254ad580000] _byte_map_base: 0x00000254acd70000

Marking Bits: (ParMarkBitMap*) 0x00007ffbf6433450
 Begin Bits: [0x00000254bfc80000, 0x00000254c1c80000)
 End Bits:   [0x00000254c1c80000, 0x00000254c3c80000)

Polling page: 0x00000254ab630000

Metaspace:

Usage:
  Non-class:     54.51 MB used.
      Class:      6.59 MB used.
       Both:     61.11 MB used.

Virtual space:
  Non-class space:       64.00 MB reserved,      55.31 MB ( 86%) committed,  1 nodes.
      Class space:        1.00 GB reserved,       7.19 MB ( <1%) committed,  1 nodes.
             Both:        1.06 GB reserved,      62.50 MB (  6%) committed. 

Chunk freelists:
   Non-Class:  8.66 MB
       Class:  8.78 MB
        Both:  17.44 MB

MaxMetaspaceSize: unlimited
CompressedClassSpaceSize: 1.00 GB
Initial GC threshold: 21.00 MB
Current GC threshold: 97.31 MB
CDS: on
 - commit_granule_bytes: 65536.
 - commit_granule_words: 8192.
 - virtual_space_node_default_size: 8388608.
 - enlarge_chunks_in_place: 1.
 - use_allocation_guard: 0.


Internal statistics:

num_allocs_failed_limit: 9.
num_arena_births: 1090.
num_arena_deaths: 14.
num_vsnodes_births: 2.
num_vsnodes_deaths: 0.
num_space_committed: 1000.
num_space_uncommitted: 0.
num_chunks_returned_to_freelist: 23.
num_chunks_taken_from_freelist: 3786.
num_chunk_merges: 13.
num_chunk_splits: 2332.
num_chunks_enlarged: 1316.
num_inconsistent_stats: 0.

CodeHeap 'non-profiled nmethods': size=120000Kb used=7454Kb max_used=7454Kb free=112545Kb
 bounds [0x00000254b84a0000, 0x00000254b8bf0000, 0x00000254bf9d0000]
CodeHeap 'profiled nmethods': size=120000Kb used=19547Kb max_used=19670Kb free=100452Kb
 bounds [0x00000254b09d0000, 0x00000254b1d20000, 0x00000254b7f00000]
CodeHeap 'non-nmethods': size=5760Kb used=1457Kb max_used=1528Kb free=4302Kb
 bounds [0x00000254b7f00000, 0x00000254b8170000, 0x00000254b84a0000]
CodeCache: size=245760Kb, used=28458Kb, max_used=28652Kb, free=217299Kb
 total_blobs=9442, nmethods=8683, adapters=665, full_count=0
Compilation: enabled, stopped_count=0, restarted_count=0

Compilation events (20 events):
Event: 71.392 Thread 0x00000254ad763970 9502   !   3       com.google.gson.internal.bind.ReflectiveTypeAdapterFactory$2::write (140 bytes)
Event: 71.394 Thread 0x00000254ad763970 nmethod 9502 0x00000254b13c9890 code [0x00000254b13c9c80, 0x00000254b13cb290]
Event: 71.440 Thread 0x00000254ad758d80 nmethod 9460 0x00000254b8bd3e10 code [0x00000254b8bd4880, 0x00000254b8bdba60]
Event: 71.440 Thread 0x00000254ad763970 9503       3       java.nio.ByteBuffer::put (124 bytes)
Event: 71.444 Thread 0x00000254ad758d80 9478       4       org.eclipse.jdt.internal.core.index.DiskIndex::readStreamChars (529 bytes)
Event: 71.444 Thread 0x00000254ad763970 nmethod 9503 0x00000254b0eb8d90 code [0x00000254b0eb8fe0, 0x00000254b0eb9808]
Event: 71.444 Thread 0x00000254ad763970 9505       3       java.lang.String::decodeASCII (46 bytes)
Event: 71.444 Thread 0x00000254ad763970 nmethod 9505 0x00000254b0ce8090 code [0x00000254b0ce8260, 0x00000254b0ce8508]
Event: 71.444 Thread 0x00000254ad763970 9506       3       sun.nio.ch.Util$BufferCache::offerFirst (73 bytes)
Event: 71.464 Thread 0x00000254ad763970 nmethod 9506 0x00000254b0eb8790 code [0x00000254b0eb8940, 0x00000254b0eb8c68]
Event: 71.464 Thread 0x00000254ad763970 9504   !   3       java.nio.ByteBuffer::putBuffer (142 bytes)
Event: 71.465 Thread 0x00000254ad763970 nmethod 9504 0x00000254b0ca2e90 code [0x00000254b0ca3160, 0x00000254b0ca4020]
Event: 71.465 Thread 0x00000254ad763970 9507       1       java.nio.DirectByteBuffer::isReadOnly (2 bytes)
Event: 71.465 Thread 0x00000254ad763970 nmethod 9507 0x00000254b85c1110 code [0x00000254b85c12a0, 0x00000254b85c1368]
Event: 71.473 Thread 0x00000254ad763970 9508       1       com.google.gson.stream.JsonWriter::getSerializeNulls (5 bytes)
Event: 71.474 Thread 0x00000254ad763970 nmethod 9508 0x00000254b85c0b90 code [0x00000254b85c0d20, 0x00000254b85c0df0]
Event: 71.526 Thread 0x00000254ad763970 9509       3       java.lang.invoke.LambdaFormBuffer::indexOf (25 bytes)
Event: 71.526 Thread 0x00000254ad758d80 nmethod 9478 0x00000254b86ce910 code [0x00000254b86ceb20, 0x00000254b86cf930]
Event: 71.526 Thread 0x00000254ad763970 nmethod 9509 0x00000254b0ce7b90 code [0x00000254b0ce7d40, 0x00000254b0ce7f40]
Event: 71.526 Thread 0x00000254ad758d80 9495 %     4       org.eclipse.jdt.internal.core.index.DiskIndex::addQueryResults @ 361 (739 bytes)

GC Heap History (20 events):
Event: 71.318 GC heap before
{Heap before GC invocations=653 (full 3):
 PSYoungGen      total 2048K, used 1696K [0x00000000d5580000, 0x00000000d5880000, 0x0000000100000000)
  eden space 1024K, 100% used [0x00000000d5580000,0x00000000d5680000,0x00000000d5680000)
  from space 1024K, 65% used [0x00000000d5680000,0x00000000d5728000,0x00000000d5780000)
  to   space 1024K, 0% used [0x00000000d5780000,0x00000000d5780000,0x00000000d5880000)
 ParOldGen       total 344576K, used 74197K [0x0000000080000000, 0x0000000095080000, 0x00000000d5580000)
  object space 344576K, 21% used [0x0000000080000000,0x0000000084875760,0x0000000095080000)
 Metaspace       used 62222K, committed 63616K, reserved 1114112K
  class space    used 6712K, committed 7296K, reserved 1048576K
}
Event: 71.320 GC heap after
{Heap after GC invocations=653 (full 3):
 PSYoungGen      total 2048K, used 901K [0x00000000d5580000, 0x00000000d5880000, 0x0000000100000000)
  eden space 1024K, 0% used [0x00000000d5580000,0x00000000d5580000,0x00000000d5680000)
  from space 1024K, 88% used [0x00000000d5780000,0x00000000d58616a0,0x00000000d5880000)
  to   space 1024K, 0% used [0x00000000d5680000,0x00000000d5680000,0x00000000d5780000)
 ParOldGen       total 344576K, used 74756K [0x0000000080000000, 0x0000000095080000, 0x00000000d5580000)
  object space 344576K, 21% used [0x0000000080000000,0x0000000084901068,0x0000000095080000)
 Metaspace       used 62222K, committed 63616K, reserved 1114112K
  class space    used 6712K, committed 7296K, reserved 1048576K
}
Event: 71.349 GC heap before
{Heap before GC invocations=654 (full 3):
 PSYoungGen      total 2048K, used 1925K [0x00000000d5580000, 0x00000000d5880000, 0x0000000100000000)
  eden space 1024K, 99% used [0x00000000d5580000,0x00000000d567ffd8,0x00000000d5680000)
  from space 1024K, 88% used [0x00000000d5780000,0x00000000d58616a0,0x00000000d5880000)
  to   space 1024K, 0% used [0x00000000d5680000,0x00000000d5680000,0x00000000d5780000)
 ParOldGen       total 344576K, used 74756K [0x0000000080000000, 0x0000000095080000, 0x00000000d5580000)
  object space 344576K, 21% used [0x0000000080000000,0x0000000084901068,0x0000000095080000)
 Metaspace       used 62249K, committed 63680K, reserved 1114112K
  class space    used 6714K, committed 7296K, reserved 1048576K
}
Event: 71.351 GC heap after
{Heap after GC invocations=654 (full 3):
 PSYoungGen      total 2048K, used 787K [0x00000000d5580000, 0x00000000d5880000, 0x0000000100000000)
  eden space 1024K, 0% used [0x00000000d5580000,0x00000000d5580000,0x00000000d5680000)
  from space 1024K, 76% used [0x00000000d5680000,0x00000000d5744e00,0x00000000d5780000)
  to   space 1024K, 0% used [0x00000000d5780000,0x00000000d5780000,0x00000000d5880000)
 ParOldGen       total 344576K, used 75521K [0x0000000080000000, 0x0000000095080000, 0x00000000d5580000)
  object space 344576K, 21% used [0x0000000080000000,0x00000000849c0438,0x0000000095080000)
 Metaspace       used 62249K, committed 63680K, reserved 1114112K
  class space    used 6714K, committed 7296K, reserved 1048576K
}
Event: 71.381 GC heap before
{Heap before GC invocations=655 (full 3):
 PSYoungGen      total 2048K, used 1811K [0x00000000d5580000, 0x00000000d5880000, 0x0000000100000000)
  eden space 1024K, 99% used [0x00000000d5580000,0x00000000d567ffd8,0x00000000d5680000)
  from space 1024K, 76% used [0x00000000d5680000,0x00000000d5744e00,0x00000000d5780000)
  to   space 1024K, 0% used [0x00000000d5780000,0x00000000d5780000,0x00000000d5880000)
 ParOldGen       total 344576K, used 75521K [0x0000000080000000, 0x0000000095080000, 0x00000000d5580000)
  object space 344576K, 21% used [0x0000000080000000,0x00000000849c0438,0x0000000095080000)
 Metaspace       used 62285K, committed 63680K, reserved 1114112K
  class space    used 6716K, committed 7296K, reserved 1048576K
}
Event: 71.383 GC heap after
{Heap after GC invocations=655 (full 3):
 PSYoungGen      total 1536K, used 1006K [0x00000000d5580000, 0x00000000d5a80000, 0x0000000100000000)
  eden space 512K, 0% used [0x00000000d5580000,0x00000000d5580000,0x00000000d5600000)
  from space 1024K, 98% used [0x00000000d5780000,0x00000000d587b9c0,0x00000000d5880000)
  to   space 1536K, 0% used [0x00000000d5600000,0x00000000d5600000,0x00000000d5780000)
 ParOldGen       total 344576K, used 76142K [0x0000000080000000, 0x0000000095080000, 0x00000000d5580000)
  object space 344576K, 22% used [0x0000000080000000,0x0000000084a5baf8,0x0000000095080000)
 Metaspace       used 62285K, committed 63680K, reserved 1114112K
  class space    used 6716K, committed 7296K, reserved 1048576K
}
Event: 71.386 GC heap before
{Heap before GC invocations=656 (full 3):
 PSYoungGen      total 1536K, used 1518K [0x00000000d5580000, 0x00000000d5a80000, 0x0000000100000000)
  eden space 512K, 100% used [0x00000000d5580000,0x00000000d5600000,0x00000000d5600000)
  from space 1024K, 98% used [0x00000000d5780000,0x00000000d587b9c0,0x00000000d5880000)
  to   space 1536K, 0% used [0x00000000d5600000,0x00000000d5600000,0x00000000d5780000)
 ParOldGen       total 344576K, used 76142K [0x0000000080000000, 0x0000000095080000, 0x00000000d5580000)
  object space 344576K, 22% used [0x0000000080000000,0x0000000084a5baf8,0x0000000095080000)
 Metaspace       used 62291K, committed 63680K, reserved 1114112K
  class space    used 6717K, committed 7296K, reserved 1048576K
}
Event: 71.388 GC heap after
{Heap after GC invocations=656 (full 3):
 PSYoungGen      total 1024K, used 512K [0x00000000d5580000, 0x00000000d5800000, 0x0000000100000000)
  eden space 512K, 0% used [0x00000000d5580000,0x00000000d5580000,0x00000000d5600000)
  from space 512K, 100% used [0x00000000d5600000,0x00000000d5680000,0x00000000d5680000)
  to   space 1024K, 0% used [0x00000000d5700000,0x00000000d5700000,0x00000000d5800000)
 ParOldGen       total 344576K, used 77034K [0x0000000080000000, 0x0000000095080000, 0x00000000d5580000)
  object space 344576K, 22% used [0x0000000080000000,0x0000000084b3a928,0x0000000095080000)
 Metaspace       used 62291K, committed 63680K, reserved 1114112K
  class space    used 6717K, committed 7296K, reserved 1048576K
}
Event: 71.414 GC heap before
{Heap before GC invocations=657 (full 3):
 PSYoungGen      total 1024K, used 1023K [0x00000000d5580000, 0x00000000d5800000, 0x0000000100000000)
  eden space 512K, 99% used [0x00000000d5580000,0x00000000d55fffe8,0x00000000d5600000)
  from space 512K, 100% used [0x00000000d5600000,0x00000000d5680000,0x00000000d5680000)
  to   space 1024K, 0% used [0x00000000d5700000,0x00000000d5700000,0x00000000d5800000)
 ParOldGen       total 344576K, used 77034K [0x0000000080000000, 0x0000000095080000, 0x00000000d5580000)
  object space 344576K, 22% used [0x0000000080000000,0x0000000084b3a928,0x0000000095080000)
 Metaspace       used 62293K, committed 63680K, reserved 1114112K
  class space    used 6717K, committed 7296K, reserved 1048576K
}
Event: 71.416 GC heap after
{Heap after GC invocations=657 (full 3):
 PSYoungGen      total 1536K, used 544K [0x00000000d5580000, 0x00000000d5800000, 0x0000000100000000)
  eden space 512K, 0% used [0x00000000d5580000,0x00000000d5580000,0x00000000d5600000)
  from space 1024K, 53% used [0x00000000d5700000,0x00000000d5788000,0x00000000d5800000)
  to   space 1024K, 0% used [0x00000000d5600000,0x00000000d5600000,0x00000000d5700000)
 ParOldGen       total 344576K, used 77450K [0x0000000080000000, 0x0000000095080000, 0x00000000d5580000)
  object space 344576K, 22% used [0x0000000080000000,0x0000000084ba2928,0x0000000095080000)
 Metaspace       used 62293K, committed 63680K, reserved 1114112K
  class space    used 6717K, committed 7296K, reserved 1048576K
}
Event: 71.435 GC heap before
{Heap before GC invocations=658 (full 3):
 PSYoungGen      total 1536K, used 1055K [0x00000000d5580000, 0x00000000d5800000, 0x0000000100000000)
  eden space 512K, 99% used [0x00000000d5580000,0x00000000d55fffe0,0x00000000d5600000)
  from space 1024K, 53% used [0x00000000d5700000,0x00000000d5788000,0x00000000d5800000)
  to   space 1024K, 0% used [0x00000000d5600000,0x00000000d5600000,0x00000000d5700000)
 ParOldGen       total 344576K, used 77450K [0x0000000080000000, 0x0000000095080000, 0x00000000d5580000)
  object space 344576K, 22% used [0x0000000080000000,0x0000000084ba2928,0x0000000095080000)
 Metaspace       used 62298K, committed 63680K, reserved 1114112K
  class space    used 6718K, committed 7296K, reserved 1048576K
}
Event: 71.437 GC heap after
{Heap after GC invocations=658 (full 3):
 PSYoungGen      total 1536K, used 544K [0x00000000d5580000, 0x00000000d5800000, 0x0000000100000000)
  eden space 512K, 0% used [0x00000000d5580000,0x00000000d5580000,0x00000000d5600000)
  from space 1024K, 53% used [0x00000000d5600000,0x00000000d5688000,0x00000000d5700000)
  to   space 1024K, 0% used [0x00000000d5700000,0x00000000d5700000,0x00000000d5800000)
 ParOldGen       total 344576K, used 77867K [0x0000000080000000, 0x0000000095080000, 0x00000000d5580000)
  object space 344576K, 22% used [0x0000000080000000,0x0000000084c0ac00,0x0000000095080000)
 Metaspace       used 62298K, committed 63680K, reserved 1114112K
  class space    used 6718K, committed 7296K, reserved 1048576K
}
Event: 71.461 GC heap before
{Heap before GC invocations=659 (full 3):
 PSYoungGen      total 1536K, used 1055K [0x00000000d5580000, 0x00000000d5800000, 0x0000000100000000)
  eden space 512K, 99% used [0x00000000d5580000,0x00000000d55ffff0,0x00000000d5600000)
  from space 1024K, 53% used [0x00000000d5600000,0x00000000d5688000,0x00000000d5700000)
  to   space 1024K, 0% used [0x00000000d5700000,0x00000000d5700000,0x00000000d5800000)
 ParOldGen       total 344576K, used 77867K [0x0000000080000000, 0x0000000095080000, 0x00000000d5580000)
  object space 344576K, 22% used [0x0000000080000000,0x0000000084c0ac00,0x0000000095080000)
 Metaspace       used 62300K, committed 63680K, reserved 1114112K
  class space    used 6718K, committed 7296K, reserved 1048576K
}
Event: 71.463 GC heap after
{Heap after GC invocations=659 (full 3):
 PSYoungGen      total 1536K, used 512K [0x00000000d5580000, 0x00000000d5800000, 0x0000000100000000)
  eden space 512K, 0% used [0x00000000d5580000,0x00000000d5580000,0x00000000d5600000)
  from space 1024K, 50% used [0x00000000d5700000,0x00000000d5780000,0x00000000d5800000)
  to   space 1024K, 0% used [0x00000000d5600000,0x00000000d5600000,0x00000000d5700000)
 ParOldGen       total 344576K, used 78299K [0x0000000080000000, 0x0000000095080000, 0x00000000d5580000)
  object space 344576K, 22% used [0x0000000080000000,0x0000000084c76c00,0x0000000095080000)
 Metaspace       used 62300K, committed 63680K, reserved 1114112K
  class space    used 6718K, committed 7296K, reserved 1048576K
}
Event: 71.470 GC heap before
{Heap before GC invocations=660 (full 3):
 PSYoungGen      total 1536K, used 1023K [0x00000000d5580000, 0x00000000d5800000, 0x0000000100000000)
  eden space 512K, 99% used [0x00000000d5580000,0x00000000d55fffa8,0x00000000d5600000)
  from space 1024K, 50% used [0x00000000d5700000,0x00000000d5780000,0x00000000d5800000)
  to   space 1024K, 0% used [0x00000000d5600000,0x00000000d5600000,0x00000000d5700000)
 ParOldGen       total 344576K, used 78299K [0x0000000080000000, 0x0000000095080000, 0x00000000d5580000)
  object space 344576K, 22% used [0x0000000080000000,0x0000000084c76c00,0x0000000095080000)
 Metaspace       used 62300K, committed 63680K, reserved 1114112K
  class space    used 6718K, committed 7296K, reserved 1048576K
}
Event: 71.472 GC heap after
{Heap after GC invocations=660 (full 3):
 PSYoungGen      total 1536K, used 512K [0x00000000d5580000, 0x00000000d5800000, 0x0000000100000000)
  eden space 512K, 0% used [0x00000000d5580000,0x00000000d5580000,0x00000000d5600000)
  from space 1024K, 50% used [0x00000000d5600000,0x00000000d5680000,0x00000000d5700000)
  to   space 1024K, 0% used [0x00000000d5700000,0x00000000d5700000,0x00000000d5800000)
 ParOldGen       total 344576K, used 78699K [0x0000000080000000, 0x0000000095080000, 0x00000000d5580000)
  object space 344576K, 22% used [0x0000000080000000,0x0000000084cdac10,0x0000000095080000)
 Metaspace       used 62300K, committed 63680K, reserved 1114112K
  class space    used 6718K, committed 7296K, reserved 1048576K
}
Event: 71.492 GC heap before
{Heap before GC invocations=661 (full 3):
 PSYoungGen      total 1536K, used 1023K [0x00000000d5580000, 0x00000000d5800000, 0x0000000100000000)
  eden space 512K, 99% used [0x00000000d5580000,0x00000000d55fffd0,0x00000000d5600000)
  from space 1024K, 50% used [0x00000000d5600000,0x00000000d5680000,0x00000000d5700000)
  to   space 1024K, 0% used [0x00000000d5700000,0x00000000d5700000,0x00000000d5800000)
 ParOldGen       total 344576K, used 78699K [0x0000000080000000, 0x0000000095080000, 0x00000000d5580000)
  object space 344576K, 22% used [0x0000000080000000,0x0000000084cdac10,0x0000000095080000)
 Metaspace       used 62314K, committed 63744K, reserved 1114112K
  class space    used 6720K, committed 7296K, reserved 1048576K
}
Event: 71.493 GC heap after
{Heap after GC invocations=661 (full 3):
 PSYoungGen      total 1536K, used 480K [0x00000000d5580000, 0x00000000d5780000, 0x0000000100000000)
  eden space 1024K, 0% used [0x00000000d5580000,0x00000000d5580000,0x00000000d5680000)
  from space 512K, 93% used [0x00000000d5700000,0x00000000d5778000,0x00000000d5780000)
  to   space 512K, 0% used [0x00000000d5680000,0x00000000d5680000,0x00000000d5700000)
 ParOldGen       total 344576K, used 79131K [0x0000000080000000, 0x0000000095080000, 0x00000000d5580000)
  object space 344576K, 22% used [0x0000000080000000,0x0000000084d46c10,0x0000000095080000)
 Metaspace       used 62314K, committed 63744K, reserved 1114112K
  class space    used 6720K, committed 7296K, reserved 1048576K
}
Event: 71.523 GC heap before
{Heap before GC invocations=662 (full 3):
 PSYoungGen      total 1536K, used 1504K [0x00000000d5580000, 0x00000000d5780000, 0x0000000100000000)
  eden space 1024K, 100% used [0x00000000d5580000,0x00000000d5680000,0x00000000d5680000)
  from space 512K, 93% used [0x00000000d5700000,0x00000000d5778000,0x00000000d5780000)
  to   space 512K, 0% used [0x00000000d5680000,0x00000000d5680000,0x00000000d5700000)
 ParOldGen       total 344576K, used 79131K [0x0000000080000000, 0x0000000095080000, 0x00000000d5580000)
  object space 344576K, 22% used [0x0000000080000000,0x0000000084d46c10,0x0000000095080000)
 Metaspace       used 62320K, committed 63744K, reserved 1114112K
  class space    used 6722K, committed 7296K, reserved 1048576K
}
Event: 71.525 GC heap after
{Heap after GC invocations=662 (full 3):
 PSYoungGen      total 1536K, used 512K [0x00000000d5580000, 0x00000000d5780000, 0x0000000100000000)
  eden space 1024K, 0% used [0x00000000d5580000,0x00000000d5580000,0x00000000d5680000)
  from space 512K, 100% used [0x00000000d5680000,0x00000000d5700000,0x00000000d5700000)
  to   space 512K, 0% used [0x00000000d5700000,0x00000000d5700000,0x00000000d5780000)
 ParOldGen       total 344576K, used 79765K [0x0000000080000000, 0x0000000095080000, 0x00000000d5580000)
  object space 344576K, 23% used [0x0000000080000000,0x0000000084de56e8,0x0000000095080000)
 Metaspace       used 62320K, committed 63744K, reserved 1114112K
  class space    used 6722K, committed 7296K, reserved 1048576K
}

Dll operation events (12 events):
Event: 0.697 Loaded shared library c:\Users\dives\.vscode\extensions\redhat.java-1.53.0-win32-x64\jre\21.0.10-win32-x86_64\bin\java.dll
Event: 1.511 Loaded shared library c:\Users\dives\.vscode\extensions\redhat.java-1.53.0-win32-x64\jre\21.0.10-win32-x86_64\bin\zip.dll
Event: 1.606 Loaded shared library C:\Users\dives\.vscode\extensions\redhat.java-1.53.0-win32-x64\jre\21.0.10-win32-x86_64\bin\instrument.dll
Event: 1.789 Loaded shared library C:\Users\dives\.vscode\extensions\redhat.java-1.53.0-win32-x64\jre\21.0.10-win32-x86_64\bin\net.dll
Event: 1.885 Loaded shared library C:\Users\dives\.vscode\extensions\redhat.java-1.53.0-win32-x64\jre\21.0.10-win32-x86_64\bin\nio.dll
Event: 1.920 Loaded shared library C:\Users\dives\.vscode\extensions\redhat.java-1.53.0-win32-x64\jre\21.0.10-win32-x86_64\bin\zip.dll
Event: 2.184 Loaded shared library C:\Users\dives\.vscode\extensions\redhat.java-1.53.0-win32-x64\jre\21.0.10-win32-x86_64\bin\jimage.dll
Event: 2.434 Loaded shared library c:\Users\dives\.vscode\extensions\redhat.java-1.53.0-win32-x64\jre\21.0.10-win32-x86_64\bin\verify.dll
Event: 16.455 Loaded shared library C:\Users\dives\AppData\Roaming\Code\User\globalStorage\redhat.java\1.53.0\config_win\org.eclipse.equinox.launcher\org.eclipse.equinox.launcher.win32.win32.x86_64_1.3.0.v20260203-2149\eclipse_11919.dll
Event: 31.827 Loaded shared library C:\Users\dives\AppData\Local\Temp\jna-95596799\jna10634594499584590325.dll
Event: 35.713 Loaded shared library C:\Users\dives\.vscode\extensions\redhat.java-1.53.0-win32-x64\jre\21.0.10-win32-x86_64\bin\sunmscapi.dll
Event: 36.362 Loaded shared library C:\Users\dives\.vscode\extensions\redhat.java-1.53.0-win32-x64\jre\21.0.10-win32-x86_64\bin\extnet.dll

Deoptimization events (20 events):
Event: 71.505 Thread 0x0000025510409aa0 DEOPT PACKING pc=0x00000254b0c25373 sp=0x000000e5acafe4b0
Event: 71.505 Thread 0x0000025510409aa0 DEOPT UNPACKING pc=0x00000254b7f578e2 sp=0x000000e5acafd948 mode 0
Event: 71.505 Thread 0x0000025510409aa0 DEOPT PACKING pc=0x00000254b0c25373 sp=0x000000e5acafe4b0
Event: 71.505 Thread 0x0000025510409aa0 DEOPT UNPACKING pc=0x00000254b7f578e2 sp=0x000000e5acafd948 mode 0
Event: 71.505 Thread 0x0000025510409aa0 DEOPT PACKING pc=0x00000254b0c25373 sp=0x000000e5acafe4b0
Event: 71.505 Thread 0x0000025510409aa0 DEOPT UNPACKING pc=0x00000254b7f578e2 sp=0x000000e5acafd948 mode 0
Event: 71.505 Thread 0x0000025510409aa0 DEOPT PACKING pc=0x00000254b0c25373 sp=0x000000e5acafe4b0
Event: 71.505 Thread 0x0000025510409aa0 DEOPT UNPACKING pc=0x00000254b7f578e2 sp=0x000000e5acafd948 mode 0
Event: 71.506 Thread 0x0000025510409aa0 DEOPT PACKING pc=0x00000254b0c25373 sp=0x000000e5acafe4b0
Event: 71.506 Thread 0x0000025510409aa0 DEOPT UNPACKING pc=0x00000254b7f578e2 sp=0x000000e5acafd948 mode 0
Event: 71.506 Thread 0x0000025510409aa0 DEOPT PACKING pc=0x00000254b0c25373 sp=0x000000e5acafe4b0
Event: 71.506 Thread 0x0000025510409aa0 DEOPT UNPACKING pc=0x00000254b7f578e2 sp=0x000000e5acafd948 mode 0
Event: 71.525 Thread 0x000002551040a130 DEOPT PACKING pc=0x00000254b0c25373 sp=0x000000e5ac9fea00
Event: 71.525 Thread 0x000002551040a130 DEOPT UNPACKING pc=0x00000254b7f578e2 sp=0x000000e5ac9fde98 mode 0
Event: 71.525 Thread 0x000002551040a130 DEOPT PACKING pc=0x00000254b0c25373 sp=0x000000e5ac9fea00
Event: 71.525 Thread 0x000002551040a130 DEOPT UNPACKING pc=0x00000254b7f578e2 sp=0x000000e5ac9fde98 mode 0
Event: 71.526 Thread 0x000002551040a130 DEOPT PACKING pc=0x00000254b0c25373 sp=0x000000e5ac9fea00
Event: 71.526 Thread 0x000002551040a130 DEOPT UNPACKING pc=0x00000254b7f578e2 sp=0x000000e5ac9fde98 mode 0
Event: 71.526 Thread 0x0000025510409aa0 DEOPT PACKING pc=0x00000254b0c25373 sp=0x000000e5acafe4b0
Event: 71.526 Thread 0x0000025510409aa0 DEOPT UNPACKING pc=0x00000254b7f578e2 sp=0x000000e5acafd948 mode 0

Classes loaded (20 events):
Event: 68.711 Loading class java/util/AbstractList$ListItr
Event: 68.712 Loading class java/util/AbstractList$ListItr done
Event: 68.724 Loading class java/nio/channels/Channels$ReadableByteChannelImpl
Event: 68.724 Loading class java/nio/channels/Channels$ReadableByteChannelImpl done
Event: 68.725 Loading class java/nio/channels/NonWritableChannelException
Event: 68.725 Loading class java/nio/channels/NonWritableChannelException done
Event: 70.794 Loading class java/util/Hashtable$ValueCollection
Event: 70.794 Loading class java/util/Hashtable$ValueCollection done
Event: 70.929 Loading class java/nio/charset/CharacterCodingException
Event: 70.929 Loading class java/nio/charset/CharacterCodingException done
Event: 70.929 Loading class java/io/SequenceInputStream
Event: 70.930 Loading class java/io/SequenceInputStream done
Event: 70.976 Loading class java/util/WeakHashMap$KeyIterator
Event: 70.976 Loading class java/util/WeakHashMap$KeyIterator done
Event: 71.060 Loading class java/util/concurrent/ForkJoinTask$AdaptedCallable
Event: 71.060 Loading class java/util/concurrent/ForkJoinTask$AdaptedCallable done
Event: 71.107 Loading class java/util/Hashtable$KeySet
Event: 71.107 Loading class java/util/Hashtable$KeySet done
Event: 71.385 Loading class java/io/IOError
Event: 71.385 Loading class java/io/IOError done

Classes unloaded (7 events):
Event: 32.711 Thread 0x00000254ad743670 Unloading class 0x00000254c61b4800 'java/lang/invoke/LambdaForm$MH+0x00000254c61b4800'
Event: 32.711 Thread 0x00000254ad743670 Unloading class 0x00000254c61b4400 'java/lang/invoke/LambdaForm$MH+0x00000254c61b4400'
Event: 32.711 Thread 0x00000254ad743670 Unloading class 0x00000254c61b4000 'java/lang/invoke/LambdaForm$MH+0x00000254c61b4000'
Event: 32.711 Thread 0x00000254ad743670 Unloading class 0x00000254c61b3c00 'java/lang/invoke/LambdaForm$MH+0x00000254c61b3c00'
Event: 32.711 Thread 0x00000254ad743670 Unloading class 0x00000254c61b3800 'java/lang/invoke/LambdaForm$BMH+0x00000254c61b3800'
Event: 32.711 Thread 0x00000254ad743670 Unloading class 0x00000254c61b3400 'java/lang/invoke/LambdaForm$DMH+0x00000254c61b3400'
Event: 32.711 Thread 0x00000254ad743670 Unloading class 0x00000254c61b2000 'java/lang/invoke/LambdaForm$DMH+0x00000254c61b2000'

Classes redefined (0 events):
No events

Internal exceptions (20 events):
Event: 71.000 Thread 0x000002550b7df0f0 Exception <a 'sun/nio/fs/WindowsException'{0x00000000d57a7d48}> (0x00000000d57a7d48) 
thrown [s\src\hotspot\share\prims\jni.cpp, line 520]
Event: 71.000 Thread 0x000002550b7df0f0 Exception <a 'sun/nio/fs/WindowsException'{0x00000000d57a88d0}> (0x00000000d57a88d0) 
thrown [s\src\hotspot\share\prims\jni.cpp, line 520]
Event: 71.001 Thread 0x000002550b7df0f0 Exception <a 'sun/nio/fs/WindowsException'{0x00000000d57a8f00}> (0x00000000d57a8f00) 
thrown [s\src\hotspot\share\prims\jni.cpp, line 520]
Event: 71.001 Thread 0x000002550b7df0f0 Exception <a 'sun/nio/fs/WindowsException'{0x00000000d57a9c70}> (0x00000000d57a9c70) 
thrown [s\src\hotspot\share\prims\jni.cpp, line 520]
Event: 71.001 Thread 0x000002550b7df0f0 Exception <a 'sun/nio/fs/WindowsException'{0x00000000d57aa360}> (0x00000000d57aa360) 
thrown [s\src\hotspot\share\prims\jni.cpp, line 520]
Event: 71.001 Thread 0x000002550b7df0f0 Exception <a 'sun/nio/fs/WindowsException'{0x00000000d57ab158}> (0x00000000d57ab158) 
thrown [s\src\hotspot\share\prims\jni.cpp, line 520]
Event: 71.002 Thread 0x000002550b7df0f0 Exception <a 'sun/nio/fs/WindowsException'{0x00000000d57ab848}> (0x00000000d57ab848) 
thrown [s\src\hotspot\share\prims\jni.cpp, line 520]
Event: 71.014 Thread 0x000002550b7df0f0 Exception <a 'java/lang/IncompatibleClassChangeError'{0x00000000d5831970}: Found class java.lang.Object, but interface was expected> (0x00000000d5831970) 
thrown [s\src\hotspot\share\interpreter\linkResolver.cpp, line 840]
Event: 71.025 Thread 0x000002550b7df0f0 Exception <a 'java/lang/IncompatibleClassChangeError'{0x00000000d58ed950}: Found class java.lang.Object, but interface was expected> (0x00000000d58ed950) 
thrown [s\src\hotspot\share\interpreter\linkResolver.cpp, line 840]
Event: 71.056 Thread 0x0000025506cd9210 Exception <a 'java/io/FileNotFoundException'{0x00000000d576a9d8}> (0x00000000d576a9d8) 
thrown [s\src\hotspot\share\prims\jni.cpp, line 520]
Event: 71.056 Thread 0x0000025506cd9210 Exception <a 'java/io/FileNotFoundException'{0x00000000d577c750}> (0x00000000d577c750) 
thrown [s\src\hotspot\share\prims\jni.cpp, line 520]
Event: 71.112 Thread 0x0000025506cd9f30 Exception <a 'java/io/FileNotFoundException'{0x00000000d5585660}> (0x00000000d5585660) 
thrown [s\src\hotspot\share\prims\jni.cpp, line 520]
Event: 71.113 Thread 0x0000025506cd9f30 Exception <a 'java/io/FileNotFoundException'{0x00000000d55a32a0}> (0x00000000d55a32a0) 
thrown [s\src\hotspot\share\prims\jni.cpp, line 520]
Event: 71.113 Thread 0x0000025506cd9f30 Exception <a 'java/io/FileNotFoundException'{0x00000000d55af9d8}> (0x00000000d55af9d8) 
thrown [s\src\hotspot\share\prims\jni.cpp, line 520]
Event: 71.236 Thread 0x0000025506cd9f30 Exception <a 'sun/nio/fs/WindowsException'{0x00000000d5603428}> (0x00000000d5603428) 
thrown [s\src\hotspot\share\prims\jni.cpp, line 520]
Event: 71.236 Thread 0x0000025506cd9f30 Exception <a 'sun/nio/fs/WindowsException'{0x00000000d56222b0}> (0x00000000d56222b0) 
thrown [s\src\hotspot\share\prims\jni.cpp, line 520]
Event: 71.239 Thread 0x0000025506cd9f30 Exception <a 'sun/nio/fs/WindowsException'{0x00000000d5647ed0}> (0x00000000d5647ed0) 
thrown [s\src\hotspot\share\prims\jni.cpp, line 520]
Event: 71.239 Thread 0x0000025506cd9f30 Exception <a 'sun/nio/fs/WindowsException'{0x00000000d5664760}> (0x00000000d5664760) 
thrown [s\src\hotspot\share\prims\jni.cpp, line 520]
Event: 71.267 Thread 0x000002550b7df0f0 Exception <a 'java/lang/IncompatibleClassChangeError'{0x00000000d566f720}: Found class java.lang.Object, but interface was expected> (0x00000000d566f720) 
thrown [s\src\hotspot\share\interpreter\linkResolver.cpp, line 840]
Event: 71.281 Thread 0x000002550b7df0f0 Exception <a 'java/lang/IncompatibleClassChangeError'{0x00000000d5580be0}: Found class java.lang.Object, but interface was expected> (0x00000000d5580be0) 
thrown [s\src\hotspot\share\interpreter\linkResolver.cpp, line 840]

ZGC Phase Switch (0 events):
No events

VM Operations (20 events):
Event: 71.306 Executing safepoint VM operation: ParallelGCFailedAllocation (Allocation Failure)
Event: 71.320 Executing safepoint VM operation: ParallelGCFailedAllocation (Allocation Failure) done
Event: 71.335 Executing safepoint VM operation: ParallelGCFailedAllocation (Allocation Failure)
Event: 71.351 Executing safepoint VM operation: ParallelGCFailedAllocation (Allocation Failure) done
Event: 71.355 Executing safepoint VM operation: ParallelGCFailedAllocation (Allocation Failure)
Event: 71.383 Executing safepoint VM operation: ParallelGCFailedAllocation (Allocation Failure) done
Event: 71.385 Executing safepoint VM operation: ParallelGCFailedAllocation (Allocation Failure)
Event: 71.388 Executing safepoint VM operation: ParallelGCFailedAllocation (Allocation Failure) done
Event: 71.394 Executing safepoint VM operation: ParallelGCFailedAllocation (Allocation Failure)
Event: 71.416 Executing safepoint VM operation: ParallelGCFailedAllocation (Allocation Failure) done
Event: 71.435 Executing safepoint VM operation: ParallelGCFailedAllocation (Allocation Failure)
Event: 71.437 Executing safepoint VM operation: ParallelGCFailedAllocation (Allocation Failure) done
Event: 71.444 Executing safepoint VM operation: ParallelGCFailedAllocation (Allocation Failure)
Event: 71.463 Executing safepoint VM operation: ParallelGCFailedAllocation (Allocation Failure) done
Event: 71.469 Executing safepoint VM operation: ParallelGCFailedAllocation (Allocation Failure)
Event: 71.472 Executing safepoint VM operation: ParallelGCFailedAllocation (Allocation Failure) done
Event: 71.479 Executing safepoint VM operation: ParallelGCFailedAllocation (Allocation Failure)
Event: 71.493 Executing safepoint VM operation: ParallelGCFailedAllocation (Allocation Failure) done
Event: 71.506 Executing safepoint VM operation: ParallelGCFailedAllocation (Allocation Failure)
Event: 71.525 Executing safepoint VM operation: ParallelGCFailedAllocation (Allocation Failure) done

Memory protections (0 events):
No events

Nmethod flushes (20 events):
Event: 70.327 Thread 0x00000254ad743670 flushing  nmethod 0x00000254b1446b10
Event: 70.327 Thread 0x00000254ad743670 flushing  nmethod 0x00000254b1447590
Event: 70.327 Thread 0x00000254ad743670 flushing  nmethod 0x00000254b1447a90
Event: 70.327 Thread 0x00000254ad743670 flushing  nmethod 0x00000254b1447e90
Event: 70.327 Thread 0x00000254ad743670 flushing  nmethod 0x00000254b1449490
Event: 70.327 Thread 0x00000254ad743670 flushing  nmethod 0x00000254b144aa90
Event: 70.327 Thread 0x00000254ad743670 flushing  nmethod 0x00000254b144d410
Event: 70.327 Thread 0x00000254ad743670 flushing  nmethod 0x00000254b144e790
Event: 70.327 Thread 0x00000254ad743670 flushing  nmethod 0x00000254b1454510
Event: 70.327 Thread 0x00000254ad743670 flushing  nmethod 0x00000254b1455910
Event: 70.327 Thread 0x00000254ad743670 flushing  nmethod 0x00000254b1456890
Event: 70.327 Thread 0x00000254ad743670 flushing  nmethod 0x00000254b1456e10
Event: 70.327 Thread 0x00000254ad743670 flushing  nmethod 0x00000254b1458690
Event: 70.327 Thread 0x00000254ad743670 flushing  nmethod 0x00000254b145b390
Event: 70.327 Thread 0x00000254ad743670 flushing  nmethod 0x00000254b146d690
Event: 70.327 Thread 0x00000254ad743670 flushing  nmethod 0x00000254b146e210
Event: 70.327 Thread 0x00000254ad743670 flushing  nmethod 0x00000254b1470810
Event: 70.327 Thread 0x00000254ad743670 flushing  nmethod 0x00000254b1471690
Event: 70.327 Thread 0x00000254ad743670 flushing  nmethod 0x00000254b1499510
Event: 70.327 Thread 0x00000254ad743670 flushing  nmethod 0x00000254b14c7090

Events (20 events):
Event: 44.940 Thread 0x000002551007dfb0 Thread exited: 0x000002551007dfb0
Event: 44.997 Thread 0x00000254ad758d80 Thread added: 0x00000255116477e0
Event: 45.409 Thread 0x00000255116477e0 Thread exited: 0x00000255116477e0
Event: 46.240 Thread 0x00000254ad763970 Thread added: 0x00000255116477e0
Event: 46.775 Thread 0x00000255116477e0 Thread exited: 0x00000255116477e0
Event: 47.043 Thread 0x000002550b7e0b30 Thread exited: 0x000002550b7e0b30
Event: 51.338 Thread 0x00000254ad758d80 Thread added: 0x000002550fc018a0
Event: 51.617 Thread 0x000002550fc018a0 Thread exited: 0x000002550fc018a0
Event: 53.409 Thread 0x00000254ad763970 Thread added: 0x000002551139e160
Event: 54.019 Thread 0x000002551139e160 Thread exited: 0x000002551139e160
Event: 68.278 Thread 0x000002550b7df0f0 Thread added: 0x000002550b7e0b30
Event: 68.280 Thread 0x000002550b7df0f0 Thread added: 0x000002551040ae50
Event: 68.281 Thread 0x000002550b7df0f0 Thread added: 0x000002551040a7c0
Event: 68.282 Thread 0x000002551040a7c0 Thread added: 0x0000025510408060
Event: 68.286 Thread 0x00000254ad763970 Thread added: 0x000002550d914390
Event: 70.406 Thread 0x000002550d914390 Thread exited: 0x000002550d914390
Event: 70.417 Thread 0x00000254ad763970 Thread added: 0x000002550b56f210
Event: 71.061 Thread 0x0000025510408060 Thread added: 0x00000255104086f0
Event: 71.062 Thread 0x0000025506cd9210 Thread added: 0x000002551040a130
Event: 71.063 Thread 0x0000025506cd9210 Thread added: 0x0000025510409aa0


Dynamic libraries:
0x00007ff6cacb0000 - 0x00007ff6cacbe000 	c:\Users\dives\.vscode\extensions\redhat.java-1.53.0-win32-x64\jre\21.0.10-win32-x86_64\bin\java.exe
0x00007ffc94220000 - 0x00007ffc94487000 	C:\WINDOWS\SYSTEM32\ntdll.dll
0x00007ffc93020000 - 0x00007ffc930e9000 	C:\WINDOWS\System32\KERNEL32.DLL
0x00007ffc90e80000 - 0x00007ffc91271000 	C:\WINDOWS\System32\KERNELBASE.dll
0x00007ffc90b30000 - 0x00007ffc90c7b000 	C:\WINDOWS\System32\ucrtbase.dll
0x00007ffc7cac0000 - 0x00007ffc7cad8000 	c:\Users\dives\.vscode\extensions\redhat.java-1.53.0-win32-x64\jre\21.0.10-win32-x86_64\bin\jli.dll
0x00007ffc7cc90000 - 0x00007ffc7ccae000 	c:\Users\dives\.vscode\extensions\redhat.java-1.53.0-win32-x64\jre\21.0.10-win32-x86_64\bin\VCRUNTIME140.dll
0x00007ffc92830000 - 0x00007ffc929f5000 	C:\WINDOWS\System32\USER32.dll
0x00007ffc791a0000 - 0x00007ffc79433000 	C:\WINDOWS\WinSxS\amd64_microsoft.windows.common-controls_6595b64144ccf1df_6.0.26100.8037_none_3e092faae333b53b\COMCTL32.dll
0x00007ffc90b00000 - 0x00007ffc90b27000 	C:\WINDOWS\System32\win32u.dll
0x00007ffc930f0000 - 0x00007ffc9311b000 	C:\WINDOWS\System32\GDI32.dll
0x00007ffc93380000 - 0x00007ffc93429000 	C:\WINDOWS\System32\msvcrt.dll
0x00007ffc91570000 - 0x00007ffc9169b000 	C:\WINDOWS\System32\gdi32full.dll
0x00007ffc916a0000 - 0x00007ffc91743000 	C:\WINDOWS\System32\msvcp_win.dll
0x00007ffc92a00000 - 0x00007ffc92a31000 	C:\WINDOWS\System32\IMM32.DLL
0x00007ffc8bab0000 - 0x00007ffc8babc000 	c:\Users\dives\.vscode\extensions\redhat.java-1.53.0-win32-x64\jre\21.0.10-win32-x86_64\bin\vcruntime140_1.dll
0x00007ffc1a870000 - 0x00007ffc1a8fd000 	c:\Users\dives\.vscode\extensions\redhat.java-1.53.0-win32-x64\jre\21.0.10-win32-x86_64\bin\msvcp140.dll
0x00007ffbf5770000 - 0x00007ffbf6511000 	c:\Users\dives\.vscode\extensions\redhat.java-1.53.0-win32-x64\jre\21.0.10-win32-x86_64\bin\server\jvm.dll
0x00007ffc92570000 - 0x00007ffc9262b000 	C:\WINDOWS\System32\ADVAPI32.dll
0x00007ffc92220000 - 0x00007ffc922c7000 	C:\WINDOWS\System32\sechost.dll
0x00007ffc92a40000 - 0x00007ffc92b58000 	C:\WINDOWS\System32\RPCRT4.dll
0x00007ffc93300000 - 0x00007ffc93374000 	C:\WINDOWS\System32\WS2_32.dll
0x00007ffc90960000 - 0x00007ffc909be000 	C:\WINDOWS\SYSTEM32\POWRPROF.dll
0x00007ffc8bc20000 - 0x00007ffc8bc55000 	C:\WINDOWS\SYSTEM32\WINMM.dll
0x00007ffc80e60000 - 0x00007ffc80e6b000 	C:\WINDOWS\SYSTEM32\VERSION.dll
0x00007ffc90940000 - 0x00007ffc90954000 	C:\WINDOWS\SYSTEM32\UMPDC.dll
0x00007ffc8f890000 - 0x00007ffc8f8ab000 	C:\WINDOWS\SYSTEM32\kernel.appcore.dll
0x00007ffc8b9e0000 - 0x00007ffc8b9ea000 	c:\Users\dives\.vscode\extensions\redhat.java-1.53.0-win32-x64\jre\21.0.10-win32-x86_64\bin\jimage.dll
0x00007ffc8e660000 - 0x00007ffc8e8a2000 	C:\WINDOWS\SYSTEM32\DBGHELP.DLL
0x00007ffc93c20000 - 0x00007ffc93fa2000 	C:\WINDOWS\System32\combase.dll
0x00007ffc93120000 - 0x00007ffc931f7000 	C:\WINDOWS\System32\OLEAUT32.dll
0x00007ffc8bbe0000 - 0x00007ffc8bc1b000 	C:\WINDOWS\SYSTEM32\dbgcore.DLL
0x00007ffc91340000 - 0x00007ffc913e5000 	C:\WINDOWS\System32\bcryptPrimitives.dll
0x00007ffc82390000 - 0x00007ffc8239f000 	c:\Users\dives\.vscode\extensions\redhat.java-1.53.0-win32-x64\jre\21.0.10-win32-x86_64\bin\instrument.dll
0x00007ffc6ec10000 - 0x00007ffc6ec30000 	c:\Users\dives\.vscode\extensions\redhat.java-1.53.0-win32-x64\jre\21.0.10-win32-x86_64\bin\java.dll
0x00007ffc934b0000 - 0x00007ffc93c0f000 	C:\WINDOWS\System32\SHELL32.dll
0x00007ffc90c80000 - 0x00007ffc90dea000 	C:\WINDOWS\System32\wintypes.dll
0x00007ffc91750000 - 0x00007ffc91fb4000 	C:\WINDOWS\System32\windows.storage.dll
0x00007ffc926c0000 - 0x00007ffc927b7000 	C:\WINDOWS\System32\SHCORE.dll
0x00007ffc927c0000 - 0x00007ffc92827000 	C:\WINDOWS\System32\shlwapi.dll
0x00007ffc90a20000 - 0x00007ffc90a49000 	C:\WINDOWS\SYSTEM32\profapi.dll
0x00007ffc69610000 - 0x00007ffc69628000 	c:\Users\dives\.vscode\extensions\redhat.java-1.53.0-win32-x64\jre\21.0.10-win32-x86_64\bin\zip.dll
0x00007ffc7ea30000 - 0x00007ffc7ea40000 	C:\Users\dives\.vscode\extensions\redhat.java-1.53.0-win32-x64\jre\21.0.10-win32-x86_64\bin\net.dll
0x00007ffc8aba0000 - 0x00007ffc8acc7000 	C:\WINDOWS\SYSTEM32\WINHTTP.dll
0x00007ffc8fe00000 - 0x00007ffc8fe6b000 	C:\WINDOWS\system32\mswsock.dll
0x00007ffc7df30000 - 0x00007ffc7df46000 	C:\Users\dives\.vscode\extensions\redhat.java-1.53.0-win32-x64\jre\21.0.10-win32-x86_64\bin\nio.dll
0x00007ffc7e830000 - 0x00007ffc7e840000 	c:\Users\dives\.vscode\extensions\redhat.java-1.53.0-win32-x64\jre\21.0.10-win32-x86_64\bin\verify.dll
0x00007ffc52380000 - 0x00007ffc523c5000 	C:\Users\dives\AppData\Roaming\Code\User\globalStorage\redhat.java\1.53.0\config_win\org.eclipse.equinox.launcher\org.eclipse.equinox.launcher.win32.win32.x86_64_1.3.0.v20260203-2149\eclipse_11919.dll
0x00007ffc92350000 - 0x00007ffc924e5000 	C:\WINDOWS\System32\ole32.dll
0x00007ffc900e0000 - 0x00007ffc900fb000 	C:\WINDOWS\SYSTEM32\CRYPTSP.dll
0x00007ffc8f7f0000 - 0x00007ffc8f829000 	C:\WINDOWS\system32\rsaenh.dll
0x00007ffc8feb0000 - 0x00007ffc8fee2000 	C:\WINDOWS\SYSTEM32\USERENV.dll
0x00007ffc909f0000 - 0x00007ffc90a1a000 	C:\WINDOWS\SYSTEM32\bcrypt.dll
0x00007ffc90100000 - 0x00007ffc9010c000 	C:\WINDOWS\SYSTEM32\CRYPTBASE.dll
0x00007ffc8f260000 - 0x00007ffc8f293000 	C:\WINDOWS\SYSTEM32\IPHLPAPI.DLL
0x00007ffc93430000 - 0x00007ffc9343a000 	C:\WINDOWS\System32\NSI.dll
0x00007ffc6fb20000 - 0x00007ffc6fb69000 	C:\Users\dives\AppData\Local\Temp\jna-95596799\jna10634594499584590325.dll
0x00007ffc92210000 - 0x00007ffc92218000 	C:\WINDOWS\System32\PSAPI.DLL
0x00007ffc8ad30000 - 0x00007ffc8ad4d000 	C:\WINDOWS\SYSTEM32\dhcpcsvc6.DLL
0x00007ffc8ad00000 - 0x00007ffc8ad23000 	C:\WINDOWS\SYSTEM32\dhcpcsvc.DLL
0x00007ffc8bb50000 - 0x00007ffc8bb5e000 	C:\Users\dives\.vscode\extensions\redhat.java-1.53.0-win32-x64\jre\21.0.10-win32-x86_64\bin\sunmscapi.dll
0x00007ffc913f0000 - 0x00007ffc91567000 	C:\WINDOWS\System32\CRYPT32.dll
0x00007ffc90300000 - 0x00007ffc90330000 	C:\WINDOWS\SYSTEM32\ncrypt.dll
0x00007ffc902b0000 - 0x00007ffc902ef000 	C:\WINDOWS\SYSTEM32\NTASN1.dll
0x00007ffc8f2f0000 - 0x00007ffc8f41a000 	C:\WINDOWS\SYSTEM32\DNSAPI.dll
0x00007ffc827c0000 - 0x00007ffc827cb000 	C:\Windows\System32\rasadhlp.dll
0x00007ffc8b4b0000 - 0x00007ffc8b536000 	C:\WINDOWS\System32\fwpuclnt.dll
0x00007ffc7f160000 - 0x00007ffc7f169000 	C:\Users\dives\.vscode\extensions\redhat.java-1.53.0-win32-x64\jre\21.0.10-win32-x86_64\bin\extnet.dll

JVMTI agents:
c:\Users\dives\.vscode\extensions\redhat.java-1.53.0-win32-x64\lombok\lombok-1.18.39-4050.jar path:c:\Users\dives\.vscode\extensions\redhat.java-1.53.0-win32-x64\jre\21.0.10-win32-x86_64\bin\instrument.dll, loaded, initialized, instrumentlib options:none

dbghelp: loaded successfully - version: 4.0.5 - missing functions: none
symbol engine: initialized successfully - sym options: 0x614 - pdb path: .;c:\Users\dives\.vscode\extensions\redhat.java-1.53.0-win32-x64\jre\21.0.10-win32-x86_64\bin;C:\WINDOWS\SYSTEM32;C:\WINDOWS\WinSxS\amd64_microsoft.windows.common-controls_6595b64144ccf1df_6.0.26100.8037_none_3e092faae333b53b;c:\Users\dives\.vscode\extensions\redhat.java-1.53.0-win32-x64\jre\21.0.10-win32-x86_64\bin\server;C:\Users\dives\AppData\Roaming\Code\User\globalStorage\redhat.java\1.53.0\config_win\org.eclipse.equinox.launcher\org.eclipse.equinox.launcher.win32.win32.x86_64_1.3.0.v20260203-2149;C:\Users\dives\AppData\Local\Temp\jna-95596799

VM Arguments:
jvm_args: --add-modules=ALL-SYSTEM --add-opens=java.base/java.util=ALL-UNNAMED --add-opens=java.base/java.lang=ALL-UNNAMED --add-opens=java.base/sun.nio.fs=ALL-UNNAMED -Declipse.application=org.eclipse.jdt.ls.core.id1 -Dosgi.bundles.defaultStartLevel=4 -Declipse.product=org.eclipse.jdt.ls.core.product -Djava.import.generatesMetadataFilesAtProjectRoot=false -DDetectVMInstallationsJob.disabled=true -Dfile.encoding=utf8 -XX:+UseParallelGC -XX:GCTimeRatio=4 -XX:AdaptiveSizePolicyWeight=90 -Dsun.zip.disableMemoryMapping=true -Xmx2G -Xms100m -Xlog:disable -javaagent:c:\Users\dives\.vscode\extensions\redhat.java-1.53.0-win32-x64\lombok\lombok-1.18.39-4050.jar -XX:+HeapDumpOnOutOfMemoryError -XX:HeapDumpPath=c:\Users\dives\AppData\Roaming\Code\User\workspaceStorage\0306aa9fc2007cb3af0743571fb27f26\redhat.java -Daether.dependencyCollector.impl=bf 
java_command: c:\Users\dives\.vscode\extensions\redhat.java-1.53.0-win32-x64\server\plugins\org.eclipse.equinox.launcher_1.7.100.v20251111-0406.jar -configuration c:\Users\dives\AppData\Roaming\Code\User\globalStorage\redhat.java\1.53.0\config_win -data c:\Users\dives\AppData\Roaming\Code\User\workspaceStorage\0306aa9fc2007cb3af0743571fb27f26\redhat.java\jdt_ws --pipe=\\.\pipe\lsp-77721e2380cd4618667b35fa6c0ef126-sock
java_class_path (initial): c:\Users\dives\.vscode\extensions\redhat.java-1.53.0-win32-x64\server\plugins\org.eclipse.equinox.launcher_1.7.100.v20251111-0406.jar
Launcher Type: SUN_STANDARD

[Global flags]
    uintx AdaptiveSizePolicyWeight                 = 90                                        {product} {command line}
     intx CICompilerCount                          = 4                                         {product} {ergonomic}
    uintx GCTimeRatio                              = 4                                         {product} {command line}
     bool HeapDumpOnOutOfMemoryError               = true                                   {manageable} {command line}
    ccstr HeapDumpPath                             = c:\Users\dives\AppData\Roaming\Code\User\workspaceStorage\0306aa9fc2007cb3af0743571fb27f26\redhat.java         {manageable} {command line}
   size_t InitialHeapSize                          = 104857600                                 {product} {command line}
   size_t MaxHeapSize                              = 2147483648                                {product} {command line}
   size_t MaxNewSize                               = 715653120                                 {product} {ergonomic}
   size_t MinHeapDeltaBytes                        = 524288                                    {product} {ergonomic}
   size_t MinHeapSize                              = 104857600                                 {product} {command line}
   size_t NewSize                                  = 34603008                                  {product} {ergonomic}
    uintx NonNMethodCodeHeapSize                   = 5839372                                {pd product} {ergonomic}
    uintx NonProfiledCodeHeapSize                  = 122909434                              {pd product} {ergonomic}
   size_t OldSize                                  = 70254592                                  {product} {ergonomic}
    uintx ProfiledCodeHeapSize                     = 122909434                              {pd product} {ergonomic}
    uintx ReservedCodeCacheSize                    = 251658240                              {pd product} {ergonomic}
     bool SegmentedCodeCache                       = true                                      {product} {ergonomic}
   size_t SoftMaxHeapSize                          = 2147483648                             {manageable} {ergonomic}
     bool UseCompressedOops                        = true                           {product lp64_product} {ergonomic}
     bool UseLargePagesIndividualAllocation        = false                                  {pd product} {ergonomic}
     bool UseParallelGC                            = true                                      {product} {command line}

Logging:
Log output configuration:
 #0: stdout all=off uptime,level,tags foldmultilines=false
 #1: stderr all=off uptime,level,tags foldmultilines=false

Release file:
JAVA_VERSION="21.0.10" 
MODULES="java.base java.compiler java.datatransfer java.xml java.prefs java.desktop java.instrument java.logging java.management java.security.sasl java.naming java.rmi java.management.rmi java.net.http java.scripting java.security.jgss java.transaction.xa java.sql java.sql.rowset java.xml.crypto java.se java.smartcardio jdk.accessibility jdk.internal.jvmstat jdk.attach jdk.charsets jdk.internal.opt jdk.zipfs jdk.compiler jdk.crypto.ec jdk.crypto.cryptoki jdk.crypto.mscapi jdk.dynalink jdk.internal.ed jdk.editpad jdk.hotspot.agent jdk.httpserver jdk.internal.le jdk.internal.vm.ci jdk.internal.vm.compiler jdk.internal.vm.compiler.management jdk.jartool jdk.javadoc jdk.jcmd jdk.management jdk.management.agent jdk.jconsole jdk.jdeps jdk.jdwp.agent jdk.jdi jdk.jfr jdk.jshell jdk.jsobject jdk.jstatd jdk.localedata jdk.management.jfr jdk.naming.dns jdk.naming.rmi jdk.net jdk.nio.mapmode jdk.random jdk.sctp jdk.security.auth jdk.security.jgss jdk.unsupported jdk.unsupported.desktop jdk.xml.dom" 

Environment Variables:
JAVA_HOME=C:\Program Files\Java\jdk-19
PATH=C:\Users\dives\AppData\Local\Programs\Microsoft VS Code;C:\Program Files\Java\jdk-21\bin;C:\Program Files\Common Files\Oracle\Java\javapath;C:\WINDOWS\system32;C:\WINDOWS;C:\WINDOWS\System32\Wbem;C:\WINDOWS\System32\WindowsPowerShell\v1.0\;C:\WINDOWS\System32\OpenSSH\;C:\Program Files\dotnet\;C:\Program Files\Microsoft SQL Server\150\Tools\Binn\;C:\Program Files\Microsoft SQL Server\Client SDK\ODBC\170\Tools\Binn\;C:\ProgramData\chocolatey\bin;C:\Program Files\nodejs\;C:\php;C:\Program Files\Git\cmd;C:\ProgramData\ComposerSetup\bin;C:\Program Files\PuTTY\;C:\ffmpeg-8.0.1-essentials_build\bin;;C:\Program Files\Docker\Docker\resources\bin;C:\Program Files\MySQL\MySQL Shell 8.0\bin\;C:\Users\dives\AppData\Local\Microsoft\WindowsApps;C:\Users\dives\AppData\Local\GitHubDesktop\bin;C:\Users\dives\.dotnet\tools;C:\Users\dives\AppData\Local\Programs\Microsoft VS Code\bin;C:\Users\dives\AppData\Roaming\npm;C:\Users\dives\AppData\Roaming\Composer\vendor\bin
USERNAME=dives
OS=Windows_NT
PROCESSOR_IDENTIFIER=Intel64 Family 6 Model 140 Stepping 1, GenuineIntel
TMP=C:\Users\dives\AppData\Local\Temp
TEMP=C:\Users\dives\AppData\Local\Temp




Periodic native trim disabled

---------------  S Y S T E M  ---------------

OS:
 Windows 11 , 64 bit Build 26100 (10.0.26100.7920)
OS uptime: 3 days 12:32 hours
Hyper-V role detected

CPU: total 8 (initial active 8) (4 cores per cpu, 2 threads per core) family 6 model 140 stepping 1 microcode 0xbe, cx8, cmov, fxsr, ht, mmx, 3dnowpref, sse, sse2, sse3, ssse3, sse4.1, sse4.2, popcnt, lzcnt, tsc, tscinvbit, avx, avx2, aes, erms, clmul, bmi1, bmi2, adx, avx512f, avx512dq, avx512cd, avx512bw, avx512vl, sha, fma, vzeroupper, avx512_vpopcntdq, avx512_vpclmulqdq, avx512_vaes, avx512_vnni, clflush, clflushopt, clwb, avx512_vbmi2, avx512_vbmi, hv, rdtscp, rdpid, fsrm, gfni, avx512_bitalg, f16c, cet_ibt, cet_ss, avx512_ifma
Processor Information for the first 8 processors :
  Max Mhz: 2419, Current Mhz: 2419, Mhz Limit: 2419

Memory: 4k page, system-wide physical 7926M (422M free)
TotalPageFile size 31551M (AvailPageFile size 1M)
current process WorkingSet (physical memory assigned to process): 521M, peak: 525M
current process commit charge ("private bytes"): 627M, peak: 634M

vm_info: OpenJDK 64-Bit Server VM (21.0.10+7-LTS) for windows-amd64 JRE (21.0.10+7-LTS), built on 2026-01-20T00:00:00Z by "admin" with MS VC++ 17.12 (VS2022)

END.
