#
# There is insufficient memory for the Java Runtime Environment to continue.
# Native memory allocation (malloc) failed to allocate 1693456 bytes for Chunk::new
# Possible reasons:
#   The system is out of physical RAM or swap space
#   The process is running with CompressedOops enabled, and the Java Heap may be blocking the growth of the native heap
# Possible solutions:
#   Reduce memory load on the system
#   Increase physical memory or swap space
#   Check if swap backing store is full
#   Decrease Java heap size (-Xmx/-Xms)
#   Decrease number of Java threads
#   Decrease Java thread stack sizes (-Xss)
#   Set larger code cache with -XX:ReservedCodeCacheSize=
#   JVM is running with Unscaled Compressed Oops mode in which the Java heap is
#     placed in the first 4GB address space. The Java Heap base address is the
#     maximum limit for the native heap growth. Please use -XX:HeapBaseMinAddress
#     to set the Java Heap base and to place the Java Heap above 4GB virtual address.
# This output file may be truncated or incomplete.
#
#  Out of Memory Error (arena.cpp:168), pid=20716, tid=7792
#
# JRE version: Java(TM) SE Runtime Environment (21.0.8+12) (build 21.0.8+12-LTS-250)
# Java VM: Java HotSpot(TM) 64-Bit Server VM (21.0.8+12-LTS-250, mixed mode, sharing, tiered, compressed oops, compressed class ptrs, g1 gc, windows-amd64)
# No core dump will be written. Minidumps are not enabled by default on client versions of Windows
#

---------------  S U M M A R Y ------------

Command Line: -XX:+ShowCodeDetailsInExceptionMessages -Dspring.jmx.enabled=true -Dmanagement.endpoints.jmx.exposure.include=* -Dspring.application.admin.enabled=true -Dspring.boot.project.name=planning-service -Djava.rmi.server.hostname=localhost -Dcom.sun.management.jmxremote.port=10000 -Dcom.sun.management.jmxremote.authenticate=false -Dcom.sun.management.jmxremote.ssl=false com.workshop.planning.PlanningServiceApplication

Host: 11th Gen Intel(R) Core(TM) i5-1135G7 @ 2.40GHz, 8 cores, 7G,  Windows 11 , 64 bit Build 26100 (10.0.26100.7920)
Time: Mon Mar 23 22:48:40 2026 India Standard Time elapsed time: 28.127168 seconds (0d 0h 0m 28s)

---------------  T H R E A D  ---------------

Current thread (0x0000018afedf8900):  JavaThread "C2 CompilerThread2" daemon [_thread_in_native, id=7792, stack(0x00000077b0e00000,0x00000077b0f00000) (1024K)]


Current CompileTask:
C2:  28127 8094       4       org.aspectj.apache.bcel.classfile.Attribute::readAttribute (568 bytes)

Stack: [0x00000077b0e00000,0x00000077b0f00000]
Native frames: (J=compiled Java code, j=interpreted, Vv=VM code, C=native code)
V  [jvm.dll+0x6cc179]
V  [jvm.dll+0x8584c1]
V  [jvm.dll+0x85a9ee]
V  [jvm.dll+0x85b0c3]
V  [jvm.dll+0x27ebf6]
V  [jvm.dll+0xc4f4d]
V  [jvm.dll+0xc5483]
V  [jvm.dll+0x3b6a82]
V  [jvm.dll+0x382a35]
V  [jvm.dll+0x381eaa]
V  [jvm.dll+0x247670]
V  [jvm.dll+0x246c4f]
V  [jvm.dll+0x1c7a3e]
V  [jvm.dll+0x256359]
V  [jvm.dll+0x2548ea]
V  [jvm.dll+0x3efef6]
V  [jvm.dll+0x80279b]
V  [jvm.dll+0x6ca85d]
C  [ucrtbase.dll+0x37b0]
C  [KERNEL32.DLL+0x2e8d7]
C  [ntdll.dll+0x8c48c]


---------------  P R O C E S S  ---------------

Threads class SMR info:
_java_thread_list=0x0000018ac56a5870, length=25, elements={
0x0000018adebec460, 0x0000018afd902e10, 0x0000018afd906970, 0x0000018afd9138f0,
0x0000018afd912540, 0x0000018afd915330, 0x0000018afd9159c0, 0x0000018afd9180e0,
0x0000018afd9195f0, 0x0000018afd913f80, 0x0000018afd912bd0, 0x0000018afd913260,
0x0000018afd914610, 0x0000018afd914ca0, 0x0000018ac53cb0e0, 0x0000018ac53c9d30,
0x0000018ac53c8980, 0x0000018ac53c9010, 0x0000018ac53cb770, 0x0000018ac53c82f0,
0x0000018ac53cebf0, 0x0000018ac53ccb20, 0x0000018ac53cf280, 0x0000018afedf96a0,
0x0000018afedf8900
}

Java Threads: ( => current thread )
  0x0000018adebec460 JavaThread "main"                              [_thread_in_Java, id=9760, stack(0x00000077aec00000,0x00000077aed00000) (1024K)]
  0x0000018afd902e10 JavaThread "Reference Handler"          daemon [_thread_blocked, id=18820, stack(0x00000077af400000,0x00000077af500000) (1024K)]
  0x0000018afd906970 JavaThread "Finalizer"                  daemon [_thread_blocked, id=24204, stack(0x00000077af500000,0x00000077af600000) (1024K)]
  0x0000018afd9138f0 JavaThread "Signal Dispatcher"          daemon [_thread_blocked, id=11004, stack(0x00000077af600000,0x00000077af700000) (1024K)]
  0x0000018afd912540 JavaThread "Attach Listener"            daemon [_thread_blocked, id=18460, stack(0x00000077af700000,0x00000077af800000) (1024K)]
  0x0000018afd915330 JavaThread "Service Thread"             daemon [_thread_blocked, id=1772, stack(0x00000077af800000,0x00000077af900000) (1024K)]
  0x0000018afd9159c0 JavaThread "Monitor Deflation Thread"   daemon [_thread_blocked, id=2964, stack(0x00000077af900000,0x00000077afa00000) (1024K)]
  0x0000018afd9180e0 JavaThread "C2 CompilerThread0"         daemon [_thread_in_native, id=5092, stack(0x00000077afa00000,0x00000077afb00000) (1024K)]
  0x0000018afd9195f0 JavaThread "C1 CompilerThread0"         daemon [_thread_blocked, id=14524, stack(0x00000077afb00000,0x00000077afc00000) (1024K)]
  0x0000018afd913f80 JavaThread "Common-Cleaner"             daemon [_thread_blocked, id=7520, stack(0x00000077afc00000,0x00000077afd00000) (1024K)]
  0x0000018afd912bd0 JavaThread "Notification Thread"        daemon [_thread_blocked, id=4656, stack(0x00000077afd00000,0x00000077afe00000) (1024K)]
  0x0000018afd913260 JavaThread "RMI TCP Accept-0"           daemon [_thread_in_native, id=7144, stack(0x00000077aff00000,0x00000077b0000000) (1024K)]
  0x0000018afd914610 JavaThread "RMI TCP Accept-10000"       daemon [_thread_in_native, id=4236, stack(0x00000077b0000000,0x00000077b0100000) (1024K)]
  0x0000018afd914ca0 JavaThread "RMI TCP Accept-0"           daemon [_thread_in_native, id=6500, stack(0x00000077b0100000,0x00000077b0200000) (1024K)]
  0x0000018ac53cb0e0 JavaThread "RMI TCP Connection(1)-127.0.0.1" daemon [_thread_in_native, id=10348, stack(0x00000077b0a00000,0x00000077b0b00000) (1024K)]
  0x0000018ac53c9d30 JavaThread "RMI Scheduler(0)"           daemon [_thread_blocked, id=26848, stack(0x00000077b0b00000,0x00000077b0c00000) (1024K)]
  0x0000018ac53c8980 JavaThread "RMI TCP Connection(2)-127.0.0.1" daemon [_thread_in_native, id=18024, stack(0x00000077b0c00000,0x00000077b0d00000) (1024K)]
  0x0000018ac53c9010 JavaThread "JMX server connection timeout 40" daemon [_thread_blocked, id=15396, stack(0x00000077b0d00000,0x00000077b0e00000) (1024K)]
  0x0000018ac53cb770 JavaThread "Catalina-utility-1"                [_thread_blocked, id=19436, stack(0x00000077b0f00000,0x00000077b1000000) (1024K)]
  0x0000018ac53c82f0 JavaThread "Catalina-utility-2"                [_thread_blocked, id=19048, stack(0x00000077b1000000,0x00000077b1100000) (1024K)]
  0x0000018ac53cebf0 JavaThread "container-0"                       [_thread_blocked, id=5432, stack(0x00000077b1100000,0x00000077b1200000) (1024K)]
  0x0000018ac53ccb20 JavaThread "mysql-cj-abandoned-connection-cleanup" daemon [_thread_blocked, id=22188, stack(0x00000077b1200000,0x00000077b1300000) (1024K)]
  0x0000018ac53cf280 JavaThread "HikariPool-1 housekeeper"   daemon [_thread_blocked, id=1248, stack(0x00000077b1400000,0x00000077b1500000) (1024K)]
  0x0000018afedf96a0 JavaThread "C2 CompilerThread1"         daemon [_thread_in_native, id=21712, stack(0x00000077afe00000,0x00000077aff00000) (1024K)]
=>0x0000018afedf8900 JavaThread "C2 CompilerThread2"         daemon [_thread_in_native, id=7792, stack(0x00000077b0e00000,0x00000077b0f00000) (1024K)]
Total: 25

Other Threads:
  0x0000018afd16bfe0 VMThread "VM Thread"                           [id=22248, stack(0x00000077af300000,0x00000077af400000) (1024K)]
  0x0000018afd156de0 WatcherThread "VM Periodic Task Thread"        [id=13656, stack(0x00000077af200000,0x00000077af300000) (1024K)]
  0x0000018ae0f42ae0 WorkerThread "GC Thread#0"                     [id=6952, stack(0x00000077aed00000,0x00000077aee00000) (1024K)]
  0x0000018afeb86c60 WorkerThread "GC Thread#1"                     [id=27000, stack(0x00000077b0200000,0x00000077b0300000) (1024K)]
  0x0000018afe47e4f0 WorkerThread "GC Thread#2"                     [id=7484, stack(0x00000077b0300000,0x00000077b0400000) (1024K)]
  0x0000018afe4d6680 WorkerThread "GC Thread#3"                     [id=23940, stack(0x00000077b0400000,0x00000077b0500000) (1024K)]
  0x0000018afe4d7230 WorkerThread "GC Thread#4"                     [id=504, stack(0x00000077b0500000,0x00000077b0600000) (1024K)]
  0x0000018afe4d75d0 WorkerThread "GC Thread#5"                     [id=19924, stack(0x00000077b0600000,0x00000077b0700000) (1024K)]
  0x0000018afe4d7970 WorkerThread "GC Thread#6"                     [id=6556, stack(0x00000077b0700000,0x00000077b0800000) (1024K)]
  0x0000018afe4d7d10 WorkerThread "GC Thread#7"                     [id=26636, stack(0x00000077b0800000,0x00000077b0900000) (1024K)]
  0x0000018ae0f54100 ConcurrentGCThread "G1 Main Marker"            [id=2188, stack(0x00000077aee00000,0x00000077aef00000) (1024K)]
  0x0000018ae0f54c00 WorkerThread "G1 Conc#0"                       [id=20364, stack(0x00000077aef00000,0x00000077af000000) (1024K)]
  0x0000018ac5b828b0 WorkerThread "G1 Conc#1"                       [id=25328, stack(0x00000077b0900000,0x00000077b0a00000) (1024K)]
  0x0000018ae0f8eba0 ConcurrentGCThread "G1 Refine#0"               [id=16260, stack(0x00000077af000000,0x00000077af100000) (1024K)]
  0x0000018afd00a5b0 ConcurrentGCThread "G1 Service"                [id=27408, stack(0x00000077af100000,0x00000077af200000) (1024K)]
Total: 15

Threads with active compile tasks:
C2 CompilerThread0    28176 8145       4       org.aspectj.weaver.reflect.JavaLangTypeToResolvedTypeConverter::fromType (426 bytes)
C2 CompilerThread1    28176 8151       4       java.util.concurrent.ConcurrentHashMap$CollectionView::toArray (204 bytes)
C2 CompilerThread2    28177 8094       4       org.aspectj.apache.bcel.classfile.Attribute::readAttribute (568 bytes)
Total: 3

VM state: not at safepoint (normal execution)

VM Mutex/Monitor currently owned by a thread: None

Heap address: 0x0000000084200000, size: 1982 MB, Compressed Oops mode: 32-bit

CDS archive(s) mapped at: [0x0000018a80000000-0x0000018a80c90000-0x0000018a80c90000), size 13172736, SharedBaseAddress: 0x0000018a80000000, ArchiveRelocationMode: 1.
Compressed class space mapped at: 0x0000018a81000000-0x0000018ac1000000, reserved size: 1073741824
Narrow klass base: 0x0000018a80000000, Narrow klass shift: 0, Narrow klass range: 0x100000000

GC Precious Log:
 CardTable entry size: 512
 Card Set container configuration: InlinePtr #cards 5 size 8 Array Of Cards #cards 12 size 40 Howl #buckets 4 coarsen threshold 1843 Howl Bitmap #cards 512 size 80 coarsen threshold 460 Card regions per heap region 1 cards per card region 2048
 CPUs: 8 total, 8 available
 Memory: 7926M
 Large Page Support: Disabled
 NUMA Support: Disabled
 Compressed Oops: Enabled (32-bit)
 Heap Region Size: 1M
 Heap Min Capacity: 8M
 Heap Initial Capacity: 124M
 Heap Max Capacity: 1982M
 Pre-touch: Disabled
 Parallel Workers: 8
 Concurrent Workers: 2
 Concurrent Refinement Workers: 8
 Periodic GC: Disabled

Heap:
 garbage-first heap   total 73728K, used 48256K [0x0000000084200000, 0x0000000100000000)
  region size 1024K, 9 young (9216K), 2 survivors (2048K)
 Metaspace       used 74956K, committed 75776K, reserved 1179648K
  class space    used 9869K, committed 10240K, reserved 1048576K

Heap Regions: E=young(eden), S=young(survivor), O=old, HS=humongous(starts), HC=humongous(continues), CS=collection set, F=free, TAMS=top-at-mark-start, PB=parsable bottom
|   0|0x0000000084200000, 0x0000000084300000, 0x0000000084300000|100%|HS|  |TAMS 0x0000000084200000| PB 0x0000000084200000| Complete 
|   1|0x0000000084300000, 0x0000000084400000, 0x0000000084400000|100%| O|  |TAMS 0x0000000084300000| PB 0x0000000084300000| Untracked 
|   2|0x0000000084400000, 0x0000000084500000, 0x0000000084500000|100%|HS|  |TAMS 0x0000000084400000| PB 0x0000000084400000| Complete 
|   3|0x0000000084500000, 0x0000000084600000, 0x0000000084600000|100%| O|  |TAMS 0x0000000084500000| PB 0x0000000084500000| Untracked 
|   4|0x0000000084600000, 0x0000000084700000, 0x0000000084700000|100%| O|  |TAMS 0x0000000084600000| PB 0x0000000084600000| Untracked 
|   5|0x0000000084700000, 0x0000000084800000, 0x0000000084800000|100%| O|  |TAMS 0x0000000084700000| PB 0x0000000084700000| Untracked 
|   6|0x0000000084800000, 0x0000000084900000, 0x0000000084900000|100%| O|  |TAMS 0x0000000084800000| PB 0x0000000084800000| Untracked 
|   7|0x0000000084900000, 0x0000000084a00000, 0x0000000084a00000|100%| O|  |TAMS 0x0000000084900000| PB 0x0000000084900000| Untracked 
|   8|0x0000000084a00000, 0x0000000084b00000, 0x0000000084b00000|100%| O|  |TAMS 0x0000000084a00000| PB 0x0000000084a00000| Untracked 
|   9|0x0000000084b00000, 0x0000000084c00000, 0x0000000084c00000|100%| O|  |TAMS 0x0000000084b00000| PB 0x0000000084b00000| Untracked 
|  10|0x0000000084c00000, 0x0000000084d00000, 0x0000000084d00000|100%| O|  |TAMS 0x0000000084c00000| PB 0x0000000084c00000| Untracked 
|  11|0x0000000084d00000, 0x0000000084e00000, 0x0000000084e00000|100%| O|  |TAMS 0x0000000084d00000| PB 0x0000000084d00000| Untracked 
|  12|0x0000000084e00000, 0x0000000084f00000, 0x0000000084f00000|100%| O|  |TAMS 0x0000000084e00000| PB 0x0000000084e00000| Untracked 
|  13|0x0000000084f00000, 0x0000000085000000, 0x0000000085000000|100%| O|  |TAMS 0x0000000084f00000| PB 0x0000000084f00000| Untracked 
|  14|0x0000000085000000, 0x0000000085100000, 0x0000000085100000|100%| O|  |TAMS 0x0000000085000000| PB 0x0000000085000000| Untracked 
|  15|0x0000000085100000, 0x0000000085200000, 0x0000000085200000|100%| O|  |TAMS 0x0000000085100000| PB 0x0000000085100000| Untracked 
|  16|0x0000000085200000, 0x0000000085300000, 0x0000000085300000|100%| O|  |TAMS 0x0000000085200000| PB 0x0000000085200000| Untracked 
|  17|0x0000000085300000, 0x0000000085400000, 0x0000000085400000|100%| O|  |TAMS 0x0000000085300000| PB 0x0000000085300000| Untracked 
|  18|0x0000000085400000, 0x0000000085500000, 0x0000000085500000|100%| O|  |TAMS 0x0000000085400000| PB 0x0000000085400000| Untracked 
|  19|0x0000000085500000, 0x0000000085600000, 0x0000000085600000|100%| O|  |TAMS 0x0000000085500000| PB 0x0000000085500000| Untracked 
|  20|0x0000000085600000, 0x0000000085700000, 0x0000000085700000|100%| O|  |TAMS 0x0000000085600000| PB 0x0000000085600000| Untracked 
|  21|0x0000000085700000, 0x0000000085800000, 0x0000000085800000|100%| O|  |TAMS 0x0000000085700000| PB 0x0000000085700000| Untracked 
|  22|0x0000000085800000, 0x0000000085900000, 0x0000000085900000|100%| O|  |TAMS 0x0000000085800000| PB 0x0000000085800000| Untracked 
|  23|0x0000000085900000, 0x0000000085a00000, 0x0000000085a00000|100%| O|Cm|TAMS 0x0000000085900000| PB 0x0000000085900000| Complete 
|  24|0x0000000085a00000, 0x0000000085b00000, 0x0000000085b00000|100%| O|Cm|TAMS 0x0000000085a00000| PB 0x0000000085a00000| Complete 
|  25|0x0000000085b00000, 0x0000000085c00000, 0x0000000085c00000|100%| O|  |TAMS 0x0000000085b00000| PB 0x0000000085b00000| Untracked 
|  26|0x0000000085c00000, 0x0000000085d00000, 0x0000000085d00000|100%| O|  |TAMS 0x0000000085c00000| PB 0x0000000085c00000| Untracked 
|  27|0x0000000085d00000, 0x0000000085e00000, 0x0000000085e00000|100%| O|  |TAMS 0x0000000085d00000| PB 0x0000000085d00000| Untracked 
|  28|0x0000000085e00000, 0x0000000085f00000, 0x0000000085f00000|100%| O|  |TAMS 0x0000000085e00000| PB 0x0000000085e00000| Untracked 
|  29|0x0000000085f00000, 0x0000000086000000, 0x0000000086000000|100%| O|  |TAMS 0x0000000085f00000| PB 0x0000000085f00000| Untracked 
|  30|0x0000000086000000, 0x0000000086100000, 0x0000000086100000|100%| O|  |TAMS 0x0000000086000000| PB 0x0000000086000000| Untracked 
|  31|0x0000000086100000, 0x0000000086200000, 0x0000000086200000|100%| O|  |TAMS 0x0000000086100000| PB 0x0000000086100000| Untracked 
|  32|0x0000000086200000, 0x0000000086300000, 0x0000000086300000|100%| O|  |TAMS 0x0000000086200000| PB 0x0000000086200000| Untracked 
|  33|0x0000000086300000, 0x0000000086400000, 0x0000000086400000|100%| O|  |TAMS 0x0000000086300000| PB 0x0000000086300000| Untracked 
|  34|0x0000000086400000, 0x0000000086500000, 0x0000000086500000|100%| O|  |TAMS 0x0000000086400000| PB 0x0000000086400000| Untracked 
|  35|0x0000000086500000, 0x0000000086600000, 0x0000000086600000|100%| O|  |TAMS 0x0000000086500000| PB 0x0000000086500000| Untracked 
|  36|0x0000000086600000, 0x0000000086700000, 0x0000000086700000|100%| O|  |TAMS 0x0000000086600000| PB 0x0000000086600000| Untracked 
|  37|0x0000000086700000, 0x0000000086727828, 0x0000000086800000| 15%| O|  |TAMS 0x0000000086700000| PB 0x0000000086700000| Untracked 
|  38|0x0000000086800000, 0x0000000086900000, 0x0000000086900000|100%| O|  |TAMS 0x0000000086800000| PB 0x0000000086800000| Untracked 
|  39|0x0000000086900000, 0x0000000086a00000, 0x0000000086a00000|100%| O|  |TAMS 0x0000000086900000| PB 0x0000000086900000| Untracked 
|  40|0x0000000086a00000, 0x0000000086a00000, 0x0000000086b00000|  0%| F|  |TAMS 0x0000000086a00000| PB 0x0000000086a00000| Untracked 
|  41|0x0000000086b00000, 0x0000000086b00000, 0x0000000086c00000|  0%| F|  |TAMS 0x0000000086b00000| PB 0x0000000086b00000| Untracked 
|  42|0x0000000086c00000, 0x0000000086c00000, 0x0000000086d00000|  0%| F|  |TAMS 0x0000000086c00000| PB 0x0000000086c00000| Untracked 
|  43|0x0000000086d00000, 0x0000000086d00000, 0x0000000086e00000|  0%| F|  |TAMS 0x0000000086d00000| PB 0x0000000086d00000| Untracked 
|  44|0x0000000086e00000, 0x0000000086e00000, 0x0000000086f00000|  0%| F|  |TAMS 0x0000000086e00000| PB 0x0000000086e00000| Untracked 
|  45|0x0000000086f00000, 0x0000000086f00000, 0x0000000087000000|  0%| F|  |TAMS 0x0000000086f00000| PB 0x0000000086f00000| Untracked 
|  46|0x0000000087000000, 0x0000000087000000, 0x0000000087100000|  0%| F|  |TAMS 0x0000000087000000| PB 0x0000000087000000| Untracked 
|  47|0x0000000087100000, 0x0000000087100000, 0x0000000087200000|  0%| F|  |TAMS 0x0000000087100000| PB 0x0000000087100000| Untracked 
|  48|0x0000000087200000, 0x0000000087200000, 0x0000000087300000|  0%| F|  |TAMS 0x0000000087200000| PB 0x0000000087200000| Untracked 
|  49|0x0000000087300000, 0x00000000873f8ad8, 0x0000000087400000| 97%| S|CS|TAMS 0x0000000087300000| PB 0x0000000087300000| Complete 
|  50|0x0000000087400000, 0x0000000087500000, 0x0000000087500000|100%| S|CS|TAMS 0x0000000087400000| PB 0x0000000087400000| Complete 
|  51|0x0000000087500000, 0x0000000087500000, 0x0000000087600000|  0%| F|  |TAMS 0x0000000087500000| PB 0x0000000087500000| Untracked 
|  52|0x0000000087600000, 0x0000000087600000, 0x0000000087700000|  0%| F|  |TAMS 0x0000000087600000| PB 0x0000000087600000| Untracked 
|  53|0x0000000087700000, 0x0000000087700000, 0x0000000087800000|  0%| F|  |TAMS 0x0000000087700000| PB 0x0000000087700000| Untracked 
|  54|0x0000000087800000, 0x0000000087800000, 0x0000000087900000|  0%| F|  |TAMS 0x0000000087800000| PB 0x0000000087800000| Untracked 
|  55|0x0000000087900000, 0x0000000087900000, 0x0000000087a00000|  0%| F|  |TAMS 0x0000000087900000| PB 0x0000000087900000| Untracked 
|  56|0x0000000087a00000, 0x0000000087a00000, 0x0000000087b00000|  0%| F|  |TAMS 0x0000000087a00000| PB 0x0000000087a00000| Untracked 
|  57|0x0000000087b00000, 0x0000000087b00000, 0x0000000087c00000|  0%| F|  |TAMS 0x0000000087b00000| PB 0x0000000087b00000| Untracked 
|  58|0x0000000087c00000, 0x0000000087c00000, 0x0000000087d00000|  0%| F|  |TAMS 0x0000000087c00000| PB 0x0000000087c00000| Untracked 
|  59|0x0000000087d00000, 0x0000000087d00000, 0x0000000087e00000|  0%| F|  |TAMS 0x0000000087d00000| PB 0x0000000087d00000| Untracked 
|  60|0x0000000087e00000, 0x0000000087e00000, 0x0000000087f00000|  0%| F|  |TAMS 0x0000000087e00000| PB 0x0000000087e00000| Untracked 
|  61|0x0000000087f00000, 0x0000000087f00000, 0x0000000088000000|  0%| F|  |TAMS 0x0000000087f00000| PB 0x0000000087f00000| Untracked 
|  62|0x0000000088000000, 0x0000000088000000, 0x0000000088100000|  0%| F|  |TAMS 0x0000000088000000| PB 0x0000000088000000| Untracked 
|  63|0x0000000088100000, 0x0000000088167ef0, 0x0000000088200000| 40%| E|  |TAMS 0x0000000088100000| PB 0x0000000088100000| Complete 
|  64|0x0000000088200000, 0x0000000088300000, 0x0000000088300000|100%| E|CS|TAMS 0x0000000088200000| PB 0x0000000088200000| Complete 
|  65|0x0000000088300000, 0x0000000088400000, 0x0000000088400000|100%| E|CS|TAMS 0x0000000088300000| PB 0x0000000088300000| Complete 
|  87|0x0000000089900000, 0x0000000089a00000, 0x0000000089a00000|100%| E|CS|TAMS 0x0000000089900000| PB 0x0000000089900000| Complete 
|  88|0x0000000089a00000, 0x0000000089b00000, 0x0000000089b00000|100%| E|CS|TAMS 0x0000000089a00000| PB 0x0000000089a00000| Complete 
|  89|0x0000000089b00000, 0x0000000089c00000, 0x0000000089c00000|100%| E|CS|TAMS 0x0000000089b00000| PB 0x0000000089b00000| Complete 
|  90|0x0000000089c00000, 0x0000000089d00000, 0x0000000089d00000|100%| E|CS|TAMS 0x0000000089c00000| PB 0x0000000089c00000| Complete 
|  91|0x0000000089d00000, 0x0000000089e00000, 0x0000000089e00000|100%| E|CS|TAMS 0x0000000089d00000| PB 0x0000000089d00000| Complete 
| 123|0x000000008bd00000, 0x000000008be00000, 0x000000008be00000|100%| E|CS|TAMS 0x000000008bd00000| PB 0x000000008bd00000| Complete 

Card table byte_map: [0x0000018af8a70000,0x0000018af8e50000] _byte_map_base: 0x0000018af864f000

Marking Bits: (CMBitMap*) 0x0000018ae0f431e0
 Bits: [0x0000018af8e50000, 0x0000018afad48000)

Polling page: 0x0000018adee20000

Metaspace:

Usage:
  Non-class:     63.57 MB used.
      Class:      9.64 MB used.
       Both:     73.21 MB used.

Virtual space:
  Non-class space:      128.00 MB reserved,      64.00 MB ( 50%) committed,  2 nodes.
      Class space:        1.00 GB reserved,      10.00 MB ( <1%) committed,  1 nodes.
             Both:        1.12 GB reserved,      74.00 MB (  6%) committed. 

Chunk freelists:
   Non-Class:  15.36 MB
       Class:  5.83 MB
        Both:  21.19 MB

MaxMetaspaceSize: unlimited
CompressedClassSpaceSize: 1.00 GB
Initial GC threshold: 21.00 MB
Current GC threshold: 121.56 MB
CDS: on
 - commit_granule_bytes: 65536.
 - commit_granule_words: 8192.
 - virtual_space_node_default_size: 8388608.
 - enlarge_chunks_in_place: 1.
 - use_allocation_guard: 0.


Internal statistics:

num_allocs_failed_limit: 12.
num_arena_births: 1092.
num_arena_deaths: 0.
num_vsnodes_births: 3.
num_vsnodes_deaths: 0.
num_space_committed: 1184.
num_space_uncommitted: 0.
num_chunks_returned_to_freelist: 12.
num_chunks_taken_from_freelist: 3712.
num_chunk_merges: 12.
num_chunk_splits: 2616.
num_chunks_enlarged: 2000.
num_inconsistent_stats: 0.

CodeHeap 'non-profiled nmethods': size=120000Kb used=5150Kb max_used=5374Kb free=114849Kb
 bounds [0x0000018af0e30000, 0x0000018af1370000, 0x0000018af8360000]
CodeHeap 'profiled nmethods': size=120000Kb used=12811Kb max_used=14628Kb free=107188Kb
 bounds [0x0000018ae9360000, 0x0000018aea1b0000, 0x0000018af0890000]
CodeHeap 'non-nmethods': size=5760Kb used=1972Kb max_used=2010Kb free=3787Kb
 bounds [0x0000018af0890000, 0x0000018af0b00000, 0x0000018af0e30000]
 total_blobs=7388 nmethods=6622 adapters=670
 compilation: enabled
              stopped_count=0, restarted_count=0
 full_count=0

Compilation events (20 events):
Event: 26.975 Thread 0x0000018afd9195f0 8125       3       java.util.concurrent.ConcurrentHashMap$EntrySetView::iterator (34 bytes)
Event: 26.975 Thread 0x0000018afd9195f0 nmethod 8125 0x0000018ae9d04c90 code [0x0000018ae9d04e40, 0x0000018ae9d05070]
Event: 26.975 Thread 0x0000018afd9195f0 8126       3       org.springframework.core.SimpleAliasRegistry$$Lambda/0x0000018a814475e0::accept (24 bytes)
Event: 26.976 Thread 0x0000018afd9195f0 nmethod 8126 0x0000018ae96b7b90 code [0x0000018ae96b7e00, 0x0000018ae96b89c8]
Event: 26.976 Thread 0x0000018afd9195f0 8128       3       java.lang.reflect.Constructor::hashCode (11 bytes)
Event: 26.977 Thread 0x0000018afd9195f0 nmethod 8128 0x0000018ae99e9c90 code [0x0000018ae99e9e60, 0x0000018ae99ea0a8]
Event: 26.977 Thread 0x0000018afd9195f0 8127       3       org.springframework.core.SimpleAliasRegistry::lambda$retrieveAliases$0 (24 bytes)
Event: 26.978 Thread 0x0000018afd9195f0 nmethod 8127 0x0000018ae93f3290 code [0x0000018ae93f34e0, 0x0000018ae93f3e50]
Event: 26.978 Thread 0x0000018afd9195f0 8129       3       org.springframework.beans.TypeConverterSupport::<init> (5 bytes)
Event: 26.979 Thread 0x0000018afd9195f0 nmethod 8129 0x0000018ae9da5510 code [0x0000018ae9da56c0, 0x0000018ae9da5890]
Event: 26.979 Thread 0x0000018afd9195f0 8130       3       org.springframework.beans.PropertyEditorRegistrySupport::<init> (15 bytes)
Event: 26.979 Thread 0x0000018afd9195f0 nmethod 8130 0x0000018ae983e110 code [0x0000018ae983e2c0, 0x0000018ae983e430]
Event: 26.984 Thread 0x0000018afd9180e0 nmethod 8122 0x0000018af107a290 code [0x0000018af107a4c0, 0x0000018af107acf0]
Event: 26.984 Thread 0x0000018afd9180e0 8132   !   4       org.springframework.core.annotation.AnnotationUtils::invokeAnnotationMethod (32 bytes)
Event: 26.984 Thread 0x0000018afd9195f0 8133       3       org.springframework.core.io.ResourceEditor::<init> (8 bytes)
Event: 26.985 Thread 0x0000018afd9195f0 nmethod 8133 0x0000018ae961b810 code [0x0000018ae961ba00, 0x0000018ae961bf50]
Event: 26.985 Thread 0x0000018afd9195f0 8134       3       org.springframework.core.io.ResourceEditor::<init> (26 bytes)
Event: 26.985 Thread 0x0000018afd9195f0 nmethod 8134 0x0000018ae9411b90 code [0x0000018ae9411d60, 0x0000018ae9412250]
Event: 26.988 Thread 0x0000018afedf96a0 nmethod 8121 0x0000018af12d6190 code [0x0000018af12d63c0, 0x0000018af12d6de0]
Event: 27.257 Thread 0x0000018afd9195f0 8137       3       jdk.internal.misc.Unsafe::getAndAddLong (27 bytes)

GC Heap History (20 events):
Event: 20.496 GC heap before
{Heap before GC invocations=16 (full 0):
 garbage-first heap   total 70656K, used 61035K [0x0000000084200000, 0x0000000100000000)
  region size 1024K, 34 young (34816K), 4 survivors (4096K)
 Metaspace       used 44852K, committed 45504K, reserved 1114112K
  class space    used 5650K, committed 5952K, reserved 1048576K
}
Event: 20.502 GC heap after
{Heap after GC invocations=17 (full 0):
 garbage-first heap   total 70656K, used 31898K [0x0000000084200000, 0x0000000100000000)
  region size 1024K, 4 young (4096K), 4 survivors (4096K)
 Metaspace       used 44852K, committed 45504K, reserved 1114112K
  class space    used 5650K, committed 5952K, reserved 1048576K
}
Event: 21.885 GC heap before
{Heap before GC invocations=17 (full 0):
 garbage-first heap   total 70656K, used 60570K [0x0000000084200000, 0x0000000100000000)
  region size 1024K, 33 young (33792K), 4 survivors (4096K)
 Metaspace       used 56591K, committed 57216K, reserved 1114112K
  class space    used 7155K, committed 7424K, reserved 1048576K
}
Event: 21.891 GC heap after
{Heap after GC invocations=18 (full 0):
 garbage-first heap   total 70656K, used 34513K [0x0000000084200000, 0x0000000100000000)
  region size 1024K, 5 young (5120K), 5 survivors (5120K)
 Metaspace       used 56591K, committed 57216K, reserved 1114112K
  class space    used 7155K, committed 7424K, reserved 1048576K
}
Event: 22.247 GC heap before
{Heap before GC invocations=18 (full 0):
 garbage-first heap   total 70656K, used 46801K [0x0000000084200000, 0x0000000100000000)
  region size 1024K, 19 young (19456K), 5 survivors (5120K)
 Metaspace       used 59548K, committed 60096K, reserved 1114112K
  class space    used 7547K, committed 7808K, reserved 1048576K
}
Event: 22.252 GC heap after
{Heap after GC invocations=19 (full 0):
 garbage-first heap   total 70656K, used 35760K [0x0000000084200000, 0x0000000100000000)
  region size 1024K, 2 young (2048K), 2 survivors (2048K)
 Metaspace       used 59548K, committed 60096K, reserved 1114112K
  class space    used 7547K, committed 7808K, reserved 1048576K
}
Event: 22.817 GC heap before
{Heap before GC invocations=20 (full 0):
 garbage-first heap   total 70656K, used 63408K [0x0000000084200000, 0x0000000100000000)
  region size 1024K, 29 young (29696K), 2 survivors (2048K)
 Metaspace       used 65103K, committed 65728K, reserved 1114112K
  class space    used 8365K, committed 8640K, reserved 1048576K
}
Event: 22.820 GC heap after
{Heap after GC invocations=21 (full 0):
 garbage-first heap   total 70656K, used 36085K [0x0000000084200000, 0x0000000100000000)
  region size 1024K, 2 young (2048K), 2 survivors (2048K)
 Metaspace       used 65103K, committed 65728K, reserved 1114112K
  class space    used 8365K, committed 8640K, reserved 1048576K
}
Event: 23.691 GC heap before
{Heap before GC invocations=21 (full 0):
 garbage-first heap   total 70656K, used 63733K [0x0000000084200000, 0x0000000100000000)
  region size 1024K, 29 young (29696K), 2 survivors (2048K)
 Metaspace       used 70965K, committed 71680K, reserved 1114112K
  class space    used 9302K, committed 9600K, reserved 1048576K
}
Event: 23.696 GC heap after
{Heap after GC invocations=22 (full 0):
 garbage-first heap   total 70656K, used 37329K [0x0000000084200000, 0x0000000100000000)
  region size 1024K, 4 young (4096K), 4 survivors (4096K)
 Metaspace       used 70965K, committed 71680K, reserved 1114112K
  class space    used 9302K, committed 9600K, reserved 1048576K
}
Event: 24.048 GC heap before
{Heap before GC invocations=22 (full 0):
 garbage-first heap   total 70656K, used 60881K [0x0000000084200000, 0x0000000100000000)
  region size 1024K, 27 young (27648K), 4 survivors (4096K)
 Metaspace       used 71664K, committed 72320K, reserved 1114112K
  class space    used 9356K, committed 9664K, reserved 1048576K
}
Event: 24.054 GC heap after
{Heap after GC invocations=23 (full 0):
 garbage-first heap   total 70656K, used 38844K [0x0000000084200000, 0x0000000100000000)
  region size 1024K, 4 young (4096K), 4 survivors (4096K)
 Metaspace       used 71664K, committed 72320K, reserved 1114112K
  class space    used 9356K, committed 9664K, reserved 1048576K
}
Event: 25.577 GC heap before
{Heap before GC invocations=24 (full 0):
 garbage-first heap   total 71680K, used 61372K [0x0000000084200000, 0x0000000100000000)
  region size 1024K, 26 young (26624K), 4 survivors (4096K)
 Metaspace       used 73201K, committed 73984K, reserved 1114112K
  class space    used 9597K, committed 9984K, reserved 1048576K
}
Event: 25.582 GC heap after
{Heap after GC invocations=25 (full 0):
 garbage-first heap   total 71680K, used 39896K [0x0000000084200000, 0x0000000100000000)
  region size 1024K, 3 young (3072K), 3 survivors (3072K)
 Metaspace       used 73201K, committed 73984K, reserved 1114112K
  class space    used 9597K, committed 9984K, reserved 1048576K
}
Event: 26.018 GC heap before
{Heap before GC invocations=25 (full 0):
 garbage-first heap   total 71680K, used 62424K [0x0000000084200000, 0x0000000100000000)
  region size 1024K, 26 young (26624K), 3 survivors (3072K)
 Metaspace       used 73697K, committed 74496K, reserved 1114112K
  class space    used 9668K, committed 10048K, reserved 1048576K
}
Event: 26.023 GC heap after
{Heap after GC invocations=26 (full 0):
 garbage-first heap   total 71680K, used 40301K [0x0000000084200000, 0x0000000100000000)
  region size 1024K, 2 young (2048K), 2 survivors (2048K)
 Metaspace       used 73697K, committed 74496K, reserved 1114112K
  class space    used 9668K, committed 10048K, reserved 1048576K
}
Event: 26.302 GC heap before
{Heap before GC invocations=26 (full 0):
 garbage-first heap   total 71680K, used 64877K [0x0000000084200000, 0x0000000100000000)
  region size 1024K, 26 young (26624K), 2 survivors (2048K)
 Metaspace       used 73908K, committed 74688K, reserved 1114112K
  class space    used 9699K, committed 10048K, reserved 1048576K
}
Event: 26.308 GC heap after
{Heap after GC invocations=27 (full 0):
 garbage-first heap   total 71680K, used 41325K [0x0000000084200000, 0x0000000100000000)
  region size 1024K, 3 young (3072K), 3 survivors (3072K)
 Metaspace       used 73908K, committed 74688K, reserved 1114112K
  class space    used 9699K, committed 10048K, reserved 1048576K
}
Event: 26.969 GC heap before
{Heap before GC invocations=28 (full 0):
 garbage-first heap   total 73728K, used 62829K [0x0000000084200000, 0x0000000100000000)
  region size 1024K, 24 young (24576K), 3 survivors (3072K)
 Metaspace       used 74874K, committed 75648K, reserved 1179648K
  class space    used 9860K, committed 10240K, reserved 1048576K
}
Event: 26.974 GC heap after
{Heap after GC invocations=29 (full 0):
 garbage-first heap   total 73728K, used 42112K [0x0000000084200000, 0x0000000100000000)
  region size 1024K, 2 young (2048K), 2 survivors (2048K)
 Metaspace       used 74874K, committed 75648K, reserved 1179648K
  class space    used 9860K, committed 10240K, reserved 1048576K
}

Dll operation events (11 events):
Event: 0.012 Loaded shared library C:\Program Files\Java\jdk-21\bin\java.dll
Event: 0.246 Loaded shared library C:\Program Files\Java\jdk-21\bin\jsvml.dll
Event: 1.113 Loaded shared library C:\Program Files\Java\jdk-21\bin\jimage.dll
Event: 1.128 Loaded shared library C:\Program Files\Java\jdk-21\bin\net.dll
Event: 1.133 Loaded shared library C:\Program Files\Java\jdk-21\bin\nio.dll
Event: 1.138 Loaded shared library C:\Program Files\Java\jdk-21\bin\zip.dll
Event: 1.297 Loaded shared library C:\Program Files\Java\jdk-21\bin\management.dll
Event: 1.311 Loaded shared library C:\Program Files\Java\jdk-21\bin\management_ext.dll
Event: 1.666 Loaded shared library C:\Program Files\Java\jdk-21\bin\extnet.dll
Event: 3.320 Loaded shared library C:\Program Files\Java\jdk-21\bin\sunmscapi.dll
Event: 20.634 Loaded shared library C:\Program Files\Java\jdk-21\bin\verify.dll

Deoptimization events (20 events):
Event: 26.738 Thread 0x0000018adebec460 DEOPT PACKING pc=0x0000018af126a274 sp=0x00000077aecfab40
Event: 26.738 Thread 0x0000018adebec460 DEOPT UNPACKING pc=0x0000018af08e7da2 sp=0x00000077aecfab70 mode 2
Event: 26.796 Thread 0x0000018adebec460 DEOPT PACKING pc=0x0000018ae9b6ec0e sp=0x00000077aecfc7c0
Event: 26.796 Thread 0x0000018adebec460 DEOPT UNPACKING pc=0x0000018af08e88e2 sp=0x00000077aecfbd60 mode 0
Event: 26.914 Thread 0x0000018adebec460 Uncommon trap: trap_request=0xffffff45 fr.pc=0x0000018af10216b4 relative=0x0000000000000674
Event: 26.914 Thread 0x0000018adebec460 Uncommon trap: reason=unstable_if action=reinterpret pc=0x0000018af10216b4 method=jdk.internal.org.objectweb.asm.Type.getArgumentsAndReturnSizes(Ljava/lang/String;)I @ 123 c2
Event: 26.914 Thread 0x0000018adebec460 DEOPT PACKING pc=0x0000018af10216b4 sp=0x00000077aecf9660
Event: 26.914 Thread 0x0000018adebec460 DEOPT UNPACKING pc=0x0000018af08e7da2 sp=0x00000077aecf95e0 mode 2
Event: 26.914 Thread 0x0000018adebec460 Uncommon trap: trap_request=0xffffff45 fr.pc=0x0000018af12d8520 relative=0x0000000000000840
Event: 26.914 Thread 0x0000018adebec460 Uncommon trap: reason=unstable_if action=reinterpret pc=0x0000018af12d8520 method=jdk.internal.org.objectweb.asm.Type.getArgumentsAndReturnSizes(Ljava/lang/String;)I @ 123 c2
Event: 26.914 Thread 0x0000018adebec460 DEOPT PACKING pc=0x0000018af12d8520 sp=0x00000077aecf9660
Event: 26.914 Thread 0x0000018adebec460 DEOPT UNPACKING pc=0x0000018af08e7da2 sp=0x00000077aecf9578 mode 2
Event: 26.914 Thread 0x0000018adebec460 Uncommon trap: trap_request=0xffffff45 fr.pc=0x0000018af12d4e38 relative=0x00000000000009d8
Event: 26.914 Thread 0x0000018adebec460 Uncommon trap: reason=unstable_if action=reinterpret pc=0x0000018af12d4e38 method=jdk.internal.org.objectweb.asm.Frame.push(Ljdk/internal/org/objectweb/asm/SymbolTable;Ljava/lang/String;)V @ 49 c2
Event: 26.914 Thread 0x0000018adebec460 DEOPT PACKING pc=0x0000018af12d4e38 sp=0x00000077aecf9640
Event: 26.914 Thread 0x0000018adebec460 DEOPT UNPACKING pc=0x0000018af08e7da2 sp=0x00000077aecf95f0 mode 2
Event: 26.914 Thread 0x0000018adebec460 Uncommon trap: trap_request=0xffffff45 fr.pc=0x0000018af12eeb28 relative=0x0000000000001268
Event: 26.914 Thread 0x0000018adebec460 Uncommon trap: reason=unstable_if action=reinterpret pc=0x0000018af12eeb28 method=jdk.internal.org.objectweb.asm.Type.getArgumentsAndReturnSizes(Ljava/lang/String;)I @ 123 c2
Event: 26.914 Thread 0x0000018adebec460 DEOPT PACKING pc=0x0000018af12eeb28 sp=0x00000077aecf9cc0
Event: 26.914 Thread 0x0000018adebec460 DEOPT UNPACKING pc=0x0000018af08e7da2 sp=0x00000077aecf9b50 mode 2

Classes loaded (20 events):
Event: 26.253 Loading class javax/management/Attribute
Event: 26.253 Loading class javax/management/Attribute done
Event: 26.437 Loading class java/util/zip/GZIPInputStream
Event: 26.438 Loading class java/util/zip/GZIPInputStream done
Event: 26.438 Loading class java/util/zip/GZIPOutputStream
Event: 26.439 Loading class java/util/zip/DeflaterOutputStream
Event: 26.439 Loading class java/util/zip/DeflaterOutputStream done
Event: 26.439 Loading class java/util/zip/GZIPOutputStream done
Event: 26.723 Loading class java/time/DurationEditor
Event: 26.724 Loading class java/time/DurationEditor done
Event: 26.728 Loading class java/time/Duration$1
Event: 26.729 Loading class java/time/Duration$1 done
Event: 26.910 Loading class java/util/concurrent/Executors$DelegatedScheduledExecutorService
Event: 26.910 Loading class java/util/concurrent/Executors$DelegatedScheduledExecutorService done
Event: 26.944 Loading class java/util/function/DoubleSupplier
Event: 26.944 Loading class java/util/function/DoubleSupplier done
Event: 26.949 Loading class java/util/concurrent/atomic/DoubleAdder
Event: 26.949 Loading class java/util/concurrent/atomic/DoubleAdder done
Event: 26.953 Loading class java/util/concurrent/locks/StampedLock
Event: 26.953 Loading class java/util/concurrent/locks/StampedLock done

Classes unloaded (0 events):
No events

Classes redefined (0 events):
No events

Internal exceptions (20 events):
Event: 25.671 Thread 0x0000018ac53c8980 Exception <a 'java/lang/ClassNotFoundException'{0x0000000087ae9a48}: org/springframework/context/support/LiveBeansView> (0x0000000087ae9a48) 
thrown [s\open\src\hotspot\share\classfile\systemDictionary.cpp, line 312]
Event: 25.671 Thread 0x0000018ac53c8980 Exception <a 'java/lang/ClassNotFoundException'{0x0000000087ae9e00}: org/springframework/context/support/LiveBeansView> (0x0000000087ae9e00) 
thrown [s\open\src\hotspot\share\classfile\systemDictionary.cpp, line 312]
Event: 25.671 Thread 0x0000018ac53c8980 Exception <a 'java/lang/ClassNotFoundException'{0x0000000087aea1d0}: org/springframework/context/support/LiveBeansView> (0x0000000087aea1d0) 
thrown [s\open\src\hotspot\share\classfile\systemDictionary.cpp, line 312]
Event: 25.671 Thread 0x0000018ac53c8980 Exception <a 'java/lang/ClassNotFoundException'{0x0000000087aea598}: org/springframework/context/support/LiveBeansView> (0x0000000087aea598) 
thrown [s\open\src\hotspot\share\classfile\systemDictionary.cpp, line 312]
Event: 25.671 Thread 0x0000018ac53c8980 Exception <a 'java/lang/ClassNotFoundException'{0x0000000087aea960}: org/springframework/context/support/LiveBeansView> (0x0000000087aea960) 
thrown [s\open\src\hotspot\share\classfile\systemDictionary.cpp, line 312]
Event: 25.671 Thread 0x0000018ac53c8980 Exception <a 'java/lang/ClassNotFoundException'{0x0000000087aeafa0}: org/springframework/context/support/LiveBeansView> (0x0000000087aeafa0) 
thrown [s\open\src\hotspot\share\classfile\systemDictionary.cpp, line 312]
Event: 25.671 Thread 0x0000018ac53c8980 Exception <a 'java/lang/ClassNotFoundException'{0x0000000087aeb348}: org/springframework/context/support/LiveBeansView> (0x0000000087aeb348) 
thrown [s\open\src\hotspot\share\classfile\systemDictionary.cpp, line 312]
Event: 25.671 Thread 0x0000018ac53c8980 Exception <a 'java/lang/ClassNotFoundException'{0x0000000087aeb708}: org/springframework/context/support/LiveBeansView> (0x0000000087aeb708) 
thrown [s\open\src\hotspot\share\classfile\systemDictionary.cpp, line 312]
Event: 25.671 Thread 0x0000018ac53c8980 Exception <a 'java/lang/ClassNotFoundException'{0x0000000087aebab8}: org/springframework/context/support/LiveBeansView> (0x0000000087aebab8) 
thrown [s\open\src\hotspot\share\classfile\systemDictionary.cpp, line 312]
Event: 25.684 Thread 0x0000018ac53c8980 Exception <a 'java/lang/ClassNotFoundException'{0x00000000877aa308}: org/springframework/context/support/LiveBeansView> (0x00000000877aa308) 
thrown [s\open\src\hotspot\share\classfile\systemDictionary.cpp, line 312]
Event: 25.684 Thread 0x0000018ac53c8980 Exception <a 'java/lang/ClassNotFoundException'{0x00000000877aa6d8}: org/springframework/context/support/LiveBeansView> (0x00000000877aa6d8) 
thrown [s\open\src\hotspot\share\classfile\systemDictionary.cpp, line 312]
Event: 25.684 Thread 0x0000018ac53c8980 Exception <a 'java/lang/ClassNotFoundException'{0x00000000877aaa90}: org/springframework/context/support/LiveBeansView> (0x00000000877aaa90) 
thrown [s\open\src\hotspot\share\classfile\systemDictionary.cpp, line 312]
Event: 25.684 Thread 0x0000018ac53c8980 Exception <a 'java/lang/ClassNotFoundException'{0x00000000877aae48}: org/springframework/context/support/LiveBeansView> (0x00000000877aae48) 
thrown [s\open\src\hotspot\share\classfile\systemDictionary.cpp, line 312]
Event: 25.876 Thread 0x0000018adebec460 Exception <a 'java/lang/NoSuchMethodError'{0x000000008733ae10}: 'java.lang.Object java.lang.invoke.DirectMethodHandle$Holder.newInvokeSpecial(java.lang.Object, java.lang.Object, int, java.lang.Object, java.lang.Object)'> (0x000000008733ae10) 
thrown [s\open\src\hotspot\share\interpreter\linkResolver.cpp, line 773]
Event: 25.998 Thread 0x0000018adebec460 Exception <a 'java/lang/NoSuchMethodError'{0x0000000087253cf8}: 'java.lang.Object java.lang.invoke.DirectMethodHandle$Holder.newInvokeSpecial(java.lang.Object, java.lang.Object, java.lang.Object, java.lang.Object, java.lang.Object, java.lang.Object, java.lang.Object, java.lang.Object)'> (0x0000000087253cf8) 
thrown [s\open\src\hotspot\share\interpreter\linkResolver.cpp, line 773]
Event: 26.423 Thread 0x0000018adebec460 Exception <a 'java/lang/NoSuchMethodError'{0x0000000089cb9f00}: 'void java.lang.invoke.DirectMethodHandle$Holder.invokeStatic(java.lang.Object, java.lang.Object, java.lang.Object, int)'> (0x0000000089cb9f00) 
thrown [s\open\src\hotspot\share\interpreter\linkResolver.cpp, line 773]
Event: 26.507 Thread 0x0000018adebec460 Exception <a 'java/lang/IncompatibleClassChangeError'{0x0000000088309990}: Found class java.lang.Object, but interface was expected> (0x0000000088309990) 
thrown [s\open\src\hotspot\share\interpreter\linkResolver.cpp, line 840]
Event: 26.898 Thread 0x0000018adebec460 Exception <a 'java/lang/IncompatibleClassChangeError'{0x00000000879fd7b8}: Found class java.lang.Object, but interface was expected> (0x00000000879fd7b8) 
thrown [s\open\src\hotspot\share\interpreter\linkResolver.cpp, line 840]
Event: 26.927 Thread 0x0000018adebec460 Exception <a 'java/lang/NoSuchMethodError'{0x00000000878c4630}: 'double java.lang.invoke.DirectMethodHandle$Holder.invokeStatic(java.lang.Object, java.lang.Object)'> (0x00000000878c4630) 
thrown [s\open\src\hotspot\share\interpreter\linkResolver.cpp, line 773]
Event: 26.944 Thread 0x0000018adebec460 Exception <a 'java/lang/NoSuchMethodError'{0x000000008772ad20}: 'double java.lang.invoke.DirectMethodHandle$Holder.invokeSpecial(java.lang.Object, java.lang.Object, java.lang.Object)'> (0x000000008772ad20) 
thrown [s\open\src\hotspot\share\interpreter\linkResolver.cpp, line 773]

ZGC Phase Switch (0 events):
No events

VM Operations (20 events):
Event: 25.361 Executing VM operation: HandshakeAllThreads (Deoptimize)
Event: 25.361 Executing VM operation: HandshakeAllThreads (Deoptimize) done
Event: 25.499 Executing VM operation: HandshakeAllThreads (Deoptimize)
Event: 25.499 Executing VM operation: HandshakeAllThreads (Deoptimize) done
Event: 25.501 Executing VM operation: HandshakeAllThreads (Deoptimize)
Event: 25.501 Executing VM operation: HandshakeAllThreads (Deoptimize) done
Event: 25.577 Executing VM operation: G1CollectForAllocation (G1 Evacuation Pause)
Event: 25.582 Executing VM operation: G1CollectForAllocation (G1 Evacuation Pause) done
Event: 26.018 Executing VM operation: G1CollectForAllocation (G1 Evacuation Pause)
Event: 26.023 Executing VM operation: G1CollectForAllocation (G1 Evacuation Pause) done
Event: 26.302 Executing VM operation: G1CollectForAllocation (G1 Evacuation Pause)
Event: 26.312 Executing VM operation: G1CollectForAllocation (G1 Evacuation Pause) done
Event: 26.368 Executing VM operation: G1PauseRemark
Event: 26.376 Executing VM operation: G1PauseRemark done
Event: 26.412 Executing VM operation: G1PauseCleanup
Event: 26.412 Executing VM operation: G1PauseCleanup done
Event: 26.969 Executing VM operation: G1CollectForAllocation (G1 Evacuation Pause)
Event: 26.974 Executing VM operation: G1CollectForAllocation (G1 Evacuation Pause) done
Event: 27.986 Executing VM operation: Cleanup
Event: 27.986 Executing VM operation: Cleanup done

Events (20 events):
Event: 26.375 Thread 0x0000018afd16bfe0 flushing nmethod 0x0000018af126f610
Event: 26.375 Thread 0x0000018afd16bfe0 flushing nmethod 0x0000018af1358190
Event: 26.375 Thread 0x0000018afd16bfe0 flushing nmethod 0x0000018af1358890
Event: 26.375 Thread 0x0000018afd16bfe0 flushing nmethod 0x0000018ae9391a10
Event: 26.375 Thread 0x0000018afd16bfe0 flushing nmethod 0x0000018ae9396710
Event: 26.375 Thread 0x0000018afd16bfe0 flushing nmethod 0x0000018ae9397110
Event: 26.375 Thread 0x0000018afd16bfe0 flushing nmethod 0x0000018ae93cc410
Event: 26.375 Thread 0x0000018afd16bfe0 flushing nmethod 0x0000018ae93ce790
Event: 26.375 Thread 0x0000018afd16bfe0 flushing nmethod 0x0000018ae9411b90
Event: 26.375 Thread 0x0000018afd16bfe0 flushing nmethod 0x0000018ae9473690
Event: 26.375 Thread 0x0000018afd16bfe0 flushing nmethod 0x0000018ae9475590
Event: 26.375 Thread 0x0000018afd16bfe0 flushing nmethod 0x0000018ae9488d10
Event: 26.375 Thread 0x0000018afd16bfe0 flushing nmethod 0x0000018ae948df90
Event: 26.375 Thread 0x0000018afd16bfe0 flushing nmethod 0x0000018ae95d7810
Event: 26.375 Thread 0x0000018afd16bfe0 flushing nmethod 0x0000018ae96d8490
Event: 26.375 Thread 0x0000018afd16bfe0 flushing nmethod 0x0000018ae972fb10
Event: 26.375 Thread 0x0000018afd16bfe0 flushing nmethod 0x0000018ae9951d10
Event: 26.375 Thread 0x0000018afd16bfe0 flushing nmethod 0x0000018ae9b0d690
Event: 26.375 Thread 0x0000018afd16bfe0 flushing nmethod 0x0000018aea137e90
Event: 27.257 Thread 0x0000018ac53ce560 Thread exited: 0x0000018ac53ce560


Dynamic libraries:
0x00007ff68b0a0000 - 0x00007ff68b0b0000 	C:\Program Files\Java\jdk-21\bin\java.exe
0x00007ffc94220000 - 0x00007ffc94487000 	C:\WINDOWS\SYSTEM32\ntdll.dll
0x00007ffc93020000 - 0x00007ffc930e9000 	C:\WINDOWS\System32\KERNEL32.DLL
0x00007ffc90e80000 - 0x00007ffc91271000 	C:\WINDOWS\System32\KERNELBASE.dll
0x00007ffc90b30000 - 0x00007ffc90c7b000 	C:\WINDOWS\System32\ucrtbase.dll
0x00007ffc688b0000 - 0x00007ffc688cb000 	C:\Program Files\Java\jdk-21\bin\VCRUNTIME140.dll
0x00007ffc69610000 - 0x00007ffc69629000 	C:\Program Files\Java\jdk-21\bin\jli.dll
0x00007ffc92570000 - 0x00007ffc9262b000 	C:\WINDOWS\System32\ADVAPI32.dll
0x00007ffc93380000 - 0x00007ffc93429000 	C:\WINDOWS\System32\msvcrt.dll
0x00007ffc92220000 - 0x00007ffc922c7000 	C:\WINDOWS\System32\sechost.dll
0x00007ffc92a40000 - 0x00007ffc92b58000 	C:\WINDOWS\System32\RPCRT4.dll
0x00007ffc92830000 - 0x00007ffc929f5000 	C:\WINDOWS\System32\USER32.dll
0x00007ffc90b00000 - 0x00007ffc90b27000 	C:\WINDOWS\System32\win32u.dll
0x00007ffc791a0000 - 0x00007ffc79433000 	C:\WINDOWS\WinSxS\amd64_microsoft.windows.common-controls_6595b64144ccf1df_6.0.26100.8037_none_3e092faae333b53b\COMCTL32.dll
0x00007ffc930f0000 - 0x00007ffc9311b000 	C:\WINDOWS\System32\GDI32.dll
0x00007ffc91570000 - 0x00007ffc9169b000 	C:\WINDOWS\System32\gdi32full.dll
0x00007ffc916a0000 - 0x00007ffc91743000 	C:\WINDOWS\System32\msvcp_win.dll
0x00007ffc80e60000 - 0x00007ffc80e6b000 	C:\WINDOWS\SYSTEM32\VERSION.dll
0x00007ffc92a00000 - 0x00007ffc92a31000 	C:\WINDOWS\System32\IMM32.DLL
0x00007ffc6fac0000 - 0x00007ffc6facc000 	C:\Program Files\Java\jdk-21\bin\vcruntime140_1.dll
0x00007ffc24170000 - 0x00007ffc241fe000 	C:\Program Files\Java\jdk-21\bin\msvcp140.dll
0x00007ffbf7720000 - 0x00007ffbf843d000 	C:\Program Files\Java\jdk-21\bin\server\jvm.dll
0x00007ffc93300000 - 0x00007ffc93374000 	C:\WINDOWS\System32\WS2_32.dll
0x00007ffc90960000 - 0x00007ffc909be000 	C:\WINDOWS\SYSTEM32\POWRPROF.dll
0x00007ffc8bc20000 - 0x00007ffc8bc55000 	C:\WINDOWS\SYSTEM32\WINMM.dll
0x00007ffc90940000 - 0x00007ffc90954000 	C:\WINDOWS\SYSTEM32\UMPDC.dll
0x00007ffc8f890000 - 0x00007ffc8f8ab000 	C:\WINDOWS\SYSTEM32\kernel.appcore.dll
0x00007ffc6ee80000 - 0x00007ffc6ee8a000 	C:\Program Files\Java\jdk-21\bin\jimage.dll
0x00007ffc8e660000 - 0x00007ffc8e8a2000 	C:\WINDOWS\SYSTEM32\DBGHELP.DLL
0x00007ffc93c20000 - 0x00007ffc93fa2000 	C:\WINDOWS\System32\combase.dll
0x00007ffc93120000 - 0x00007ffc931f7000 	C:\WINDOWS\System32\OLEAUT32.dll
0x00007ffc8bbe0000 - 0x00007ffc8bc1b000 	C:\WINDOWS\SYSTEM32\dbgcore.DLL
0x00007ffc91340000 - 0x00007ffc913e5000 	C:\WINDOWS\System32\bcryptPrimitives.dll
0x00007ffc68120000 - 0x00007ffc6813f000 	C:\Program Files\Java\jdk-21\bin\java.dll
0x00007ffc934b0000 - 0x00007ffc93c0f000 	C:\WINDOWS\System32\SHELL32.dll
0x00007ffc90c80000 - 0x00007ffc90dea000 	C:\WINDOWS\System32\wintypes.dll
0x00007ffc91750000 - 0x00007ffc91fb4000 	C:\WINDOWS\System32\windows.storage.dll
0x00007ffc926c0000 - 0x00007ffc927b7000 	C:\WINDOWS\System32\SHCORE.dll
0x00007ffc927c0000 - 0x00007ffc92827000 	C:\WINDOWS\System32\shlwapi.dll
0x00007ffc90a20000 - 0x00007ffc90a49000 	C:\WINDOWS\SYSTEM32\profapi.dll
0x00007ffc24090000 - 0x00007ffc24167000 	C:\Program Files\Java\jdk-21\bin\jsvml.dll
0x00007ffc696e0000 - 0x00007ffc696f0000 	C:\Program Files\Java\jdk-21\bin\net.dll
0x00007ffc8aba0000 - 0x00007ffc8acc7000 	C:\WINDOWS\SYSTEM32\WINHTTP.dll
0x00007ffc8fe00000 - 0x00007ffc8fe6b000 	C:\WINDOWS\system32\mswsock.dll
0x00007ffc66820000 - 0x00007ffc66836000 	C:\Program Files\Java\jdk-21\bin\nio.dll
0x00007ffc62110000 - 0x00007ffc62128000 	C:\Program Files\Java\jdk-21\bin\zip.dll
0x00007ffc68eb0000 - 0x00007ffc68eba000 	C:\Program Files\Java\jdk-21\bin\management.dll
0x00007ffc68680000 - 0x00007ffc6868b000 	C:\Program Files\Java\jdk-21\bin\management_ext.dll
0x00007ffc92210000 - 0x00007ffc92218000 	C:\WINDOWS\System32\PSAPI.DLL
0x00007ffc6d770000 - 0x00007ffc6d788000 	C:\WINDOWS\system32\napinsp.dll
0x00007ffc8f2f0000 - 0x00007ffc8f41a000 	C:\WINDOWS\SYSTEM32\DNSAPI.dll
0x00007ffc8f260000 - 0x00007ffc8f293000 	C:\WINDOWS\SYSTEM32\IPHLPAPI.DLL
0x00007ffc93430000 - 0x00007ffc9343a000 	C:\WINDOWS\System32\NSI.dll
0x00007ffc6d750000 - 0x00007ffc6d762000 	C:\WINDOWS\System32\winrnr.dll
0x00007ffc6d720000 - 0x00007ffc6d742000 	C:\WINDOWS\system32\nlansp_c.dll
0x00007ffc6d700000 - 0x00007ffc6d716000 	C:\WINDOWS\system32\wshbth.dll
0x00007ffc827c0000 - 0x00007ffc827cb000 	C:\Windows\System32\rasadhlp.dll
0x00007ffc8b4b0000 - 0x00007ffc8b536000 	C:\WINDOWS\System32\fwpuclnt.dll
0x00007ffc900e0000 - 0x00007ffc900fb000 	C:\WINDOWS\SYSTEM32\CRYPTSP.dll
0x00007ffc8f7f0000 - 0x00007ffc8f829000 	C:\WINDOWS\system32\rsaenh.dll
0x00007ffc8feb0000 - 0x00007ffc8fee2000 	C:\WINDOWS\SYSTEM32\USERENV.dll
0x00007ffc909f0000 - 0x00007ffc90a1a000 	C:\WINDOWS\SYSTEM32\bcrypt.dll
0x00007ffc90100000 - 0x00007ffc9010c000 	C:\WINDOWS\SYSTEM32\CRYPTBASE.dll
0x00007ffc66810000 - 0x00007ffc66819000 	C:\Program Files\Java\jdk-21\bin\extnet.dll
0x00007ffc65480000 - 0x00007ffc6548e000 	C:\Program Files\Java\jdk-21\bin\sunmscapi.dll
0x00007ffc913f0000 - 0x00007ffc91567000 	C:\WINDOWS\System32\CRYPT32.dll
0x00007ffc90300000 - 0x00007ffc90330000 	C:\WINDOWS\SYSTEM32\ncrypt.dll
0x00007ffc902b0000 - 0x00007ffc902ef000 	C:\WINDOWS\SYSTEM32\NTASN1.dll
0x00007ffc67220000 - 0x00007ffc67230000 	C:\Program Files\Java\jdk-21\bin\verify.dll

dbghelp: loaded successfully - version: 4.0.5 - missing functions: none
symbol engine: initialized successfully - sym options: 0x614 - pdb path: .;C:\Program Files\Java\jdk-21\bin;C:\WINDOWS\SYSTEM32;C:\WINDOWS\WinSxS\amd64_microsoft.windows.common-controls_6595b64144ccf1df_6.0.26100.8037_none_3e092faae333b53b;C:\Program Files\Java\jdk-21\bin\server

VM Arguments:
jvm_args: -XX:+ShowCodeDetailsInExceptionMessages -Dspring.jmx.enabled=true -Dmanagement.endpoints.jmx.exposure.include=* -Dspring.application.admin.enabled=true -Dspring.boot.project.name=planning-service -Djava.rmi.server.hostname=localhost -Dcom.sun.management.jmxremote.port=10000 -Dcom.sun.management.jmxremote.authenticate=false -Dcom.sun.management.jmxremote.ssl=false 
java_command: com.workshop.planning.PlanningServiceApplication
java_class_path (initial): D:\Projects\workshop-management-system\planning-service\target\classes;c:\Users\dives\.m2\repository\org\springframework\boot\spring-boot-starter-web\3.2.1\spring-boot-starter-web-3.2.1.jar;c:\Users\dives\.m2\repository\org\springframework\boot\spring-boot-starter\3.2.1\spring-boot-starter-3.2.1.jar;c:\Users\dives\.m2\repository\org\springframework\boot\spring-boot\3.2.1\spring-boot-3.2.1.jar;c:\Users\dives\.m2\repository\org\springframework\boot\spring-boot-autoconfigure\3.2.1\spring-boot-autoconfigure-3.2.1.jar;c:\Users\dives\.m2\repository\org\springframework\boot\spring-boot-starter-logging\3.2.1\spring-boot-starter-logging-3.2.1.jar;c:\Users\dives\.m2\repository\ch\qos\logback\logback-classic\1.4.14\logback-classic-1.4.14.jar;c:\Users\dives\.m2\repository\ch\qos\logback\logback-core\1.4.14\logback-core-1.4.14.jar;c:\Users\dives\.m2\repository\org\apache\logging\log4j\log4j-to-slf4j\2.21.1\log4j-to-slf4j-2.21.1.jar;c:\Users\dives\.m2\repository\org\apache\logging\log4j\log4j-api\2.21.1\log4j-api-2.21.1.jar;c:\Users\dives\.m2\repository\org\slf4j\jul-to-slf4j\2.0.9\jul-to-slf4j-2.0.9.jar;c:\Users\dives\.m2\repository\jakarta\annotation\jakarta.annotation-api\2.1.1\jakarta.annotation-api-2.1.1.jar;c:\Users\dives\.m2\repository\org\springframework\spring-core\6.1.2\spring-core-6.1.2.jar;c:\Users\dives\.m2\repository\org\springframework\spring-jcl\6.1.2\spring-jcl-6.1.2.jar;c:\Users\dives\.m2\repository\org\yaml\snakeyaml\2.2\snakeyaml-2.2.jar;c:\Users\dives\.m2\repository\org\springframework\boot\spring-boot-starter-json\3.2.1\spring-boot-starter-json-3.2.1.jar;c:\Users\dives\.m2\repository\com\fasterxml\jackson\core\jackson-databind\2.15.3\jackson-databind-2.15.3.jar;c:\Users\dives\.m2\repository\com\fasterxml\jackson\datatype\jackson-datatype-jdk8\2.15.3\jackson-datatype-jdk8-2.15.3.jar;c:\Users\dives\.m2\repository\com\fasterxml\jackson\datatype\jackson-datatype-jsr310\2.15.3\jackson-datatype-jsr310-2.15.3.jar;c:\Users\dives\.m2\repository\com\fasterxml\jackson\module\jackson-module-parameter-names\2.15.3\jackson-module-parameter-names-2.15.3.jar;c:\Users\dives\.m2\repository\org\springframework\boot\spring-boot-starter-tomcat\3.2.1\spring-boot-starter-tomcat-3.2.1.jar;c:\Users\dives\.m2\repository\org\apache\tomcat\embed\tomcat-embed-core\10.1.17\tomcat-embed-core-10.1.17.jar;c:\Users\dives\.m2\repository\org\apache\tomcat\embed\tomcat-embed-el\10.1.17\tomcat-embed-el-10.1.17.jar;c:\Users\dives\.m2\repository\org\apache\tomcat\embed\tomcat-embed-websocket\10.1.17\tomcat-embed-websocket-10.1.17.jar;c:\Users\dives\.m2\repository\org\springframework\spring-web\6.1.2\spring-web-6.1.2.jar;c:\Users\dives\.m2\repository\org\springframework\spring-beans\6.1.2\spring-beans-6.1.2.jar;c:\Users\dives\.m2\repository\org\springframework\spring-webmvc\6.1.2\spring-webmvc-6.1.2.jar;c:\Users\dives\.m2\repository\org\springframework\spring-aop\6.1.2\spring-aop-6.1.2.jar;c:\Users\dives\.m2\repository\org\springframework\spring-context\6.1.2\spring-context-6.1.2.jar;c:\Users\dives\.m2\repository\org\springframework\spring-expression\6.1.2\spring-expression-6.1.2.jar;c:\Users\dives\.m2\repository\org\springframework\cloud\spring-cloud-starter-netflix-eureka-client\4.1.0\spring-cloud-starter-netflix-eureka-client-4.1.0.jar;c:\Users\dives\.m2\repository\org\springframework\cloud\spring-cloud-starter\4.1.0\spring-cloud-starter-4.1.0.jar;c:\Users\dives\.m2\repository\org\springframework\cloud\spring-cloud-context\4.1.0\spring-cloud-context-4.1.0.jar;c:\Users\dives\.m2\repository\org\springframework\security\spring-security-rsa\1.1.1\spring-security-rsa-1.1.1.jar;c:\Users\dives\.m2\repository\org\bouncycastle\bcprov-jdk18on\1.74\bcprov-jdk18on-1.74.jar;c:\Users\dives\.m2\repository\org\springframework\cloud\spring-cloud-netflix-eureka-client\4.1.0\spring-cloud-netflix-eureka-client-4.1.0.jar;c:\Users\dives\.m2\repository\org\apache\httpcomponents\client5\httpclient5\5.2.3\httpclient5-5.2.3.jar;c:\Users\dives\.m2\repository\org\apache\httpcomponents\core5\httpcore5\5.2.4\httpcore5-5.2.4.jar;c:\Users\dives\.m2\repository\org\apache\httpcomponents\core5\httpcore5-h2\5.2.4\httpcore5-h2-5.2.4.jar;c:\Users\dives\.m2\repository\com\netflix\eureka\eureka-client\2.0.1\eureka-client-2.0.1.jar;c:\Users\dives\.m2\repository\com\netflix\netflix-commons\netflix-eventbus\0.3.0\netflix-eventbus-0.3.0.jar;c:\Users\dives\.m2\repository\com\netflix\netflix-commons\netflix-infix\0.3.0\netflix-infix-0.3.0.jar;c:\Users\dives\.m2\repository\commons-jxpath\commons-jxpath\1.3\commons-jxpath-1.3.jar;c:\Users\dives\.m2\repository\joda-time\joda-time\2.3\joda-time-2.3.jar;c:\Users\dives\.m2\repository\org\antlr\antlr-runtime\3.4\antlr-runtime-3.4.jar;c:\Users\dives\.m2\repository\org\antlr\stringtemplate\3.2.1\stringtemplate-3.2.1.jar;c:\Users\dives\.m2\repository\antlr\antlr\2.7.7\antlr-2.7.7.jar;c:\Users\dives\.m2\repository\com\google\code\gson\gson\2.10.1\gson-2.10.1.jar;c:\Users\dives\.m2\repository\org\apache\commons\commons-math\2.2\commons-math-2.2.jar;c:\Users\dives\.m2\repository\com\thoughtworks\xstream\xstream\1.4.19\xstream-1.4.19.jar;c:\Users\dives\.m2\repository\io\github\x-stream\mxparser\1.2.2\mxparser-1.2.2.jar;c:\Users\dives\.m2\repository\xmlpull\xmlpull\1.1.3.1\xmlpull-1.1.3.1.jar;c:\Users\dives\.m2\repository\jakarta\ws\rs\jakarta.ws.rs-api\3.1.0\jakarta.ws.rs-api-3.1.0.jar;c:\Users\dives\.m2\repository\jakarta\inject\jakarta.inject-api\2.0.1\jakarta.inject-api-2.0.1.jar;c:\Users\dives\.m2\repository\com\netflix\servo\servo-core\0.12.21\servo-core-0.12.21.jar;c:\Users\dives\.m2\repository\com\google\guava\guava\19.0\guava-19.0.jar;c:\Users\dives\.m2\repository\org\apache\httpcomponents\httpclient\4.5.3\httpclient-4.5.3.jar;c:\Users\dives\.m2\repository\org\apache\httpcomponents\httpcore\4.4.16\httpcore-4.4.16.jar;c:\Users\dives\.m2\repository\commons-codec\commons-codec\1.16.0\commons-codec-1.16.0.jar;c:\Users\dives\.m2\repository\commons-configuration\commons-configuration\1.10\commons-configuration-1.10.jar;c:\Users\dives\.m2\repository\commons-lang\commons-lang\2.6\commons-lang-2.6.jar;c:\Users\dives\.m2\repository\com\fasterxml\jackson\core\jackson-annotations\2.15.3\jackson-annotations-2.15.3.jar;c:\Users\dives\.m2\repository\com\fasterxml\jackson\core\jackson-core\2.15.3\jackson-core-2.15.3.jar;c:\Users\dives\.m2\repository\org\codehaus\jettison\jettison\1.4.0\jettison-1.4.0.jar;c:\Users\dives\.m2\repository\com\netflix\eureka\eureka-core\2.0.1\eureka-core-2.0.1.jar;c:\Users\dives\.m2\repository\com\fasterxml\woodstox\woodstox-core\6.2.1\woodstox-core-6.2.1.jar;c:\Users\dives\.m2\repository\org\codehaus\woodstox\stax2-api\4.2.1\stax2-api-4.2.1.jar;c:\Users\dives\.m2\repository\org\springframework\cloud\spring-cloud-starter-loadbalancer\4.1.0\spring-cloud-starter-loadbalancer-4.1.0.jar;c:\Users\dives\.m2\repository\org\springframework\cloud\spring-cloud-loadbalancer\4.1.0\spring-cloud-loadbalancer-4.1.0.jar;c:\Users\dives\.m2\repository\io\projectreactor\reactor-core\3.6.1\reactor-core-3.6.1.jar;c:\Users\dives\.m2\repository\org\reactivestreams\reactive-streams\1.0.4\reactive-streams-1.0.4.jar;c:\Users\dives\.m2\repository\io\projectreactor\addons\reactor-extra\3.5.1\reactor-extra-3.5.1.jar;c:\Users\dives\.m2\repository\org\springframework\boot\spring-boot-starter-cache\3.2.1\spring-boot-starter-cache-3.2.1.jar;c:\Users\dives\.m2\repository\org\springframework\spring-context-support\6.1.2\spring-context-support-6.1.2.jar;c:\Users\dives\.m2\repository\com\stoyanr\evictor\1.0.0\evictor-1.0.0.jar;c:\Users\dives\.m2\repository\org\springframework\boot\spring-boot-starter-data-jpa\3.2.1\spring-boot-starter-data-jpa-3.2.1.jar;c:\Users\dives\.m2\repository\org\springframework\boot\spring-boot-starter-aop\3.2.1\spring-boot-starter-aop-3.2.1.jar;c:\Users\dives\.m2\repository\org\aspectj\aspectjweaver\1.9.21\aspectjweaver-1.9.21.jar;c:\Users\dives\.m2\repository\org\springframework\boot\spring-boot-starter-jdbc\3.2.1\spring-boot-starter-jdbc-3.2.1.jar;c:\Users\dives\.m2\repository\com\zaxxer\HikariCP\5.0.1\HikariCP-5.0.1.jar;c:\Users\dives\.m2\repository\org\springframework\spring-jdbc\6.1.2\spring-jdbc-6.1.2.jar;c:\Users\dives\.m2\repository\org\hibernate\orm\hibernate-core\6.4.1.Final\hibernate-core-6.4.1.Final.jar;c:\Users\dives\.m2\repository\jakarta\persistence\jakarta.persistence-api\3.1.0\jakarta.persistence-api-3.1.0.jar;c:\Users\dives\.m2\repository\jakarta\transaction\jakarta.transaction-api\2.0.1\jakarta.transaction-api-2.0.1.jar;c:\Users\dives\.m2\repository\org\jboss\logging\jboss-logging\3.5.3.Final\jboss-logging-3.5.3.Final.jar;c:\Users\dives\.m2\repository\org\hibernate\common\hibernate-commons-annotations\6.0.6.Final\hibernate-commons-annotations-6.0.6.Final.jar;c:\Users\dives\.m2\repository\io\smallrye\jandex\3.1.2\jandex-3.1.2.jar;c:\Users\dives\.m2\repository\com\fasterxml\classmate\1.6.0\classmate-1.6.0.jar;c:\Users\dives\.m2\repository\net\bytebuddy\byte-buddy\1.14.10\byte-buddy-1.14.10.jar;c:\Users\dives\.m2\repository\jakarta\xml\bind\jakarta.xml.bind-api\4.0.1\jakarta.xml.bind-api-4.0.1.jar;c:\Users\dives\.m2\repository\jakarta\activation\jakarta.activation-api\2.1.2\jakarta.activation-api-2.1.2.jar;c:\Users\dives\.m2\repository\org\glassfish\jaxb\jaxb-runtime\4.0.4\jaxb-runtime-4.0.4.jar;c:\Users\dives\.m2\repository\org\glassfish\jaxb\jaxb-core\4.0.4\jaxb-core-4.0.4.jar;c:\Users\dives\.m2\repository\org\eclipse\angus\angus-activation\2.0.1\angus-activation-2.0.1.jar;c:\Users\dives\.m2\repository\org\glassfish\jaxb\txw2\4.0.4\txw2-4.0.4.jar;c:\Users\dives\.m2\repository\com\sun\istack\istack-commons-runtime\4.1.2\istack-commons-runtime-4.1.2.jar;c:\Users\dives\.m2\repository\org\antlr\antlr4-runtime\4.13.0\antlr4-runtime-4.13.0.jar;c:\Users\dives\.m2\repository\org\springframework\data\spring-data-jpa\3.2.1\spring-data-jpa-3.2.1.jar;c:\Users\dives\.m2\repository\org\springframework\data\spring-data-commons\3.2.1\spring-data-commons-3.2.1.jar;c:\Users\dives\.m2\repository\org\springframework\spring-orm\6.1.2\spring-orm-6.1.2.jar;c:\Users\dives\.m2\repository\org\springframework\spring-tx\6.1.2\spring-tx-6.1.2.jar;c:\Users\dives\.m2\repository\org\slf4j\slf4j-api\2.0.9\slf4j-api-2.0.9.jar;c:\Users\dives\.m2\repository\org\springframework\spring-aspects\6.1.2\spring-aspects-6.1.2.jar;c:\Users\dives\.m2\repository\com\mysql\mysql-connector-j\8.1.0\mysql-connector-j-8.1.0.jar;c:\Users\dives\.m2\repository\org\springframework\cloud\spring-cloud-starter-circuitbreaker-resilience4j\3.1.0\spring-cloud-starter-circuitbreaker-resilience4j-3.1.0.jar;c:\Users\dives\.m2\repository\org\springframework\cloud\spring-cloud-circuitbreaker-resilience4j\3.1.0\spring-cloud-circuitbreaker-resilience4j-3.1.0.jar;c:\Users\dives\.m2\repository\io\github\resilience4j\resilience4j-spring-boot3\2.1.0\resilience4j-spring-boot3-2.1.0.jar;c:\Users\dives\.m2\repository\io\github\resilience4j\resilience4j-spring6\2.1.0\resilience4j-spring6-2.1.0.jar;c:\Users\dives\.m2\repository\io\github\resilience4j\resilience4j-annotations\2.1.0\resilience4j-annotations-2.1.0.jar;c:\Users\dives\.m2\repository\io\github\resilience4j\resilience4j-consumer\2.1.0\resilience4j-consumer-2.1.0.jar;c:\Users\dives\.m2\repository\io\github\resilience4j\resilience4j-circularbuffer\2.1.0\resilience4j-circularbuffer-2.1.0.jar;c:\Users\dives\.m2\repository\io\github\resilience4j\resilience4j-framework-common\2.1.0\resilience4j-framework-common-2.1.0.jar;c:\Users\dives\.m2\repository\io\github\resilience4j\resilience4j-micrometer\2.1.0\resilience4j-micrometer-2.1.0.jar;c:\Users\dives\.m2\repository\io\github\resilience4j\resilience4j-retry\2.1.0\resilience4j-retry-2.1.0.jar;c:\Users\dives\.m2\repository\io\github\resilience4j\resilience4j-ratelimiter\2.1.0\resilience4j-ratelimiter-2.1.0.jar;c:\Users\dives\.m2\repository\io\github\resilience4j\resilience4j-circuitbreaker\2.1.0\resilience4j-circuitbreaker-2.1.0.jar;c:\Users\dives\.m2\repository\io\github\resilience4j\resilience4j-core\2.1.0\resilience4j-core-2.1.0.jar;c:\Users\dives\.m2\repository\io\github\resilience4j\resilience4j-timelimiter\2.1.0\resilience4j-timelimiter-2.1.0.jar;c:\Users\dives\.m2\repository\org\springframework\boot\spring-boot-starter-actuator\3.2.1\spring-boot-starter-actuator-3.2.1.jar;c:\Users\dives\.m2\repository\org\springframework\boot\spring-boot-actuator-autoconfigure\3.2.1\spring-boot-actuator-autoconfigure-3.2.1.jar;c:\Users\dives\.m2\repository\org\springframework\boot\spring-boot-actuator\3.2.1\spring-boot-actuator-3.2.1.jar;c:\Users\dives\.m2\repository\io\micrometer\micrometer-observation\1.12.1\micrometer-observation-1.12.1.jar;c:\Users\dives\.m2\repository\io\micrometer\micrometer-commons\1.12.1\micrometer-commons-1.12.1.jar;c:\Users\dives\.m2\repository\io\micrometer\micrometer-jakarta9\1.12.1\micrometer-jakarta9-1.12.1.jar;c:\Users\dives\.m2\repository\io\micrometer\micrometer-core\1.12.1\micrometer-core-1.12.1.jar;c:\Users\dives\.m2\repository\org\hdrhistogram\HdrHistogram\2.1.12\HdrHistogram-2.1.12.jar;c:\Users\dives\.m2\repository\org\latencyutils\LatencyUtils\2.0.3\LatencyUtils-2.0.3.jar;c:\Users\dives\.m2\repository\org\springframework\cloud\spring-cloud-starter-openfeign\4.1.0\spring-cloud-starter-openfeign-4.1.0.jar;c:\Users\dives\.m2\repository\org\springframework\cloud\spring-cloud-openfeign-core\4.1.0\spring-cloud-openfeign-core-4.1.0.jar;c:\Users\dives\.m2\repository\io\github\openfeign\form\feign-form-spring\3.8.0\feign-form-spring-3.8.0.jar;c:\Users\dives\.m2\repository\io\github\openfeign\form\feign-form\3.8.0\feign-form-3.8.0.jar;c:\Users\dives\.m2\repository\commons-fileupload\commons-fileupload\1.5\commons-fileupload-1.5.jar;c:\Users\dives\.m2\repository\commons-io\commons-io\2.11.0\commons-io-2.11.0.jar;c:\Users\dives\.m2\repository\org\springframework\cloud\spring-cloud-commons\4.1.0\spring-cloud-commons-4.1.0.jar;c:\Users\dives\.m2\repository\org\springframework\security\spring-security-crypto\6.2.1\spring-security-crypto-6.2.1.jar;c:\Users\dives\.m2\repository\io\github\openfeign\feign-core\13.1\feign-core-13.1.jar;c:\Users\dives\.m2\repository\io\github\openfeign\feign-slf4j\13.1\feign-slf4j-13.1.jar;C:\Users\dives\.m2\repository\org\springframework\boot\spring-boot-starter-web\3.2.1\spring-boot-starter-web-3.2.1.jar;C:\Users\dives\.m2\repository\org\springframework\boot\spring-boot-starter\3.2.1\spring-boot-starter-3.2.1.jar;C:\Users\dives\.m2\repository\org\springframework\boot\spring-boot\3.2.1\spring-boot-3.2.1.jar;C:\Users\dives\.m2\repository\org\springframework\boot\spring-boot-autoconfigure\3.2.1\spring-boot-autoconfigure-3.2.1.jar;C:\Users\dives\.m2\repository\org\springframework\boot\spring-boot-starter-logging\3.2.1\spring-boot-starter-logging-3.2.1.jar;C:\Users\dives\.m2\repository\ch\qos\logback\logback-classic\1.4.14\logback-classic-1.4.14.jar;C:\Users\dives\.m2\repository\ch\qos\logback\logback-core\1.4.14\logback-core-1.4.14.jar;C:\Users\dives\.m2\repository\org\apache\logging\log4j\log4j-to-slf4j\2.21.1\log4j-to-slf4j-2.21.1.jar;C:\Users\dives\.m2\repository\org\apache\logging\log4j\log4j-api\2.21.1\log4j-api-2.21.1.jar;C:\Users\dives\.m2\repository\org\slf4j\jul-to-slf4j\2.0.9\jul-to-slf4j-2.0.9.jar;C:\Users\dives\.m2\repository\jakarta\annotation\jakarta.annotation-api\2.1.1\jakarta.annotation-api-2.1.1.jar;C:\Users\dives\.m2\repository\org\springframework\spring-core\6.1.2\spring-core-6.1.2.jar;C:\Users\dives\.m2\repository\org\springframework\spring-jcl\6.1.2\spring-jcl-6.1.2.jar;C:\Users\dives\.m2\repository\org\yaml\snakeyaml\2.2\snakeyaml-2.2.jar;C:\Users\dives\.m2\repository\org\springframework\boot\spring-boot-starter-json\3.2.1\spring-boot-starter-json-3.2.1.jar;C:\Users\dives\.m2\repository\com\fasterxml\jackson\core\jackson-databind\2.15.3\jackson-databind-2.15.3.jar;C:\Users\dives\.m2\repository\com\fasterxml\jackson\datatype\jackson-datatype-jdk8\2.15.3\jackson-datatype-jdk8-2.15.3.jar;C:\Users\dives\.m2\repository\com\fasterxml\jackson\datatype\jackson-datatype-jsr310\2.15.3\jackson-datatype-jsr310-2.15.3.jar;C:\Users\dives\.m2\repository\com\fasterxml\jackson\module\jackson-module-parameter-names\2.15.3\jackson-module-parameter-names-2.15.3.jar;C:\Users\dives\.m2\repository\org\springframework\boot\spring-boot-starter-tomcat\3.2.1\spring-boot-starter-tomcat-3.2.1.jar;C:\Users\dives\.m2\repository\org\apache\tomcat\embed\tomcat-embed-core\10.1.17\tomcat-embed-core-10.1.17.jar;C:\Users\dives\.m2\repository\org\apache\tomcat\embed\tomcat-embed-el\10.1.17\tomcat-embed-el-10.1.17.jar;C:\Users\dives\.m2\repository\org\apache\tomcat\embed\tomcat-embed-websocket\10.1.17\tomcat-embed-websocket-10.1.17.jar;C:\Users\dives\.m2\repository\org\springframework\spring-web\6.1.2\spring-web-6.1.2.jar;C:\Users\dives\.m2\repository\org\springframework\spring-beans\6.1.2\spring-beans-6.1.2.jar;C:\Users\dives\.m2\repository\org\springframework\spring-webmvc\6.1.2\spring-webmvc-6.1.2.jar;C:\Users\dives\.m2\repository\org\springframework\spring-aop\6.1.2\spring-aop-6.1.2.jar;C:\Users\dives\.m2\repository\org\springframework\spring-context\6.1.2\spring-context-6.1.2.jar;C:\Users\dives\.m2\repository\org\springframework\spring-expression\6.1.2\spring-expression-6.1.2.jar;C:\Users\dives\.m2\repository\org\springframework\cloud\spring-cloud-starter-netflix-eureka-client\4.1.0\spring-cloud-starter-netflix-eureka-client-4.1.0.jar;C:\Users\dives\.m2\repository\org\springframework\cloud\spring-cloud-starter\4.1.0\spring-cloud-starter-4.1.0.jar;C:\Users\dives\.m2\repository\org\springframework\cloud\spring-cloud-context\4.1.0\spring-cloud-context-4.1.0.jar;C:\Users\dives\.m2\repository\org\springframework\security\spring-security-rsa\1.1.1\spring-security-rsa-1.1.1.jar;C:\Users\dives\.m2\repository\org\bouncycastle\bcprov-jdk18on\1.74\bcprov-jdk18on-1.74.jar;C:\Users\dives\.m2\repository\org\springframework\cloud\spring-cloud-netflix-eureka-client\4.1.0\spring-cloud-netflix-eureka-client-4.1.0.jar;C:\Users\dives\.m2\repository\org\apache\httpcomponents\client5\httpclient5\5.2.3\httpclient5-5.2.3.jar;C:\Users\dives\.m2\repository\org\apache\httpcomponents\core5\httpcore5\5.2.4\httpcore5-5.2.4.jar;C:\Users\dives\.m2\repository\org\apache\httpcomponents\core5\httpcore5-h2\5.2.4\httpcore5-h2-5.2.4.jar;C:\Users\dives\.m2\repository\com\netflix\eureka\eureka-client\2.0.1\eureka-client-2.0.1.jar;C:\Users\dives\.m2\repository\com\netflix\netflix-commons\netflix-eventbus\0.3.0\netflix-eventbus-0.3.0.jar;C:\Users\dives\.m2\repository\com\netflix\netflix-commons\netflix-infix\0.3.0\netflix-infix-0.3.0.jar;C:\Users\dives\.m2\repository\commons-jxpath\commons-jxpath\1.3\commons-jxpath-1.3.jar;C:\Users\dives\.m2\repository\joda-time\joda-time\2.3\joda-time-2.3.jar;C:\Users\dives\.m2\repository\org\antlr\antlr-runtime\3.4\antlr-runtime-3.4.jar;C:\Users\dives\.m2\repository\org\antlr\stringtemplate\3.2.1\stringtemplate-3.2.1.jar;C:\Users\dives\.m2\repository\antlr\antlr\2.7.7\antlr-2.7.7.jar;C:\Users\dives\.m2\repository\com\google\code\gson\gson\2.10.1\gson-2.10.1.jar;C:\Users\dives\.m2\repository\org\apache\commons\commons-math\2.2\commons-math-2.2.jar;C:\Users\dives\.m2\repository\com\thoughtworks\xstream\xstream\1.4.19\xstream-1.4.19.jar;C:\Users\dives\.m2\repository\io\github\x-stream\mxparser\1.2.2\mxparser-1.2.2.jar;C:\Users\dives\.m2\repository\xmlpull\xmlpull\1.1.3.1\xmlpull-1.1.3.1.jar;C:\Users\dives\.m2\repository\jakarta\ws\rs\jakarta.ws.rs-api\3.1.0\jakarta.ws.rs-api-3.1.0.jar;C:\Users\dives\.m2\repository\jakarta\inject\jakarta.inject-api\2.0.1\jakarta.inject-api-2.0.1.jar;C:\Users\dives\.m2\repository\com\netflix\servo\servo-core\0.12.21\servo-core-0.12.21.jar;C:\Users\dives\.m2\repository\com\google\guava\guava\19.0\guava-19.0.jar;C:\Users\dives\.m2\repository\org\apache\httpcomponents\httpclient\4.5.3\httpclient-4.5.3.jar;C:\Users\dives\.m2\repository\org\apache\httpcomponents\httpcore\4.4.16\httpcore-4.4.16.jar;C:\Users\dives\.m2\repository\commons-codec\commons-codec\1.16.0\commons-codec-1.16.0.jar;C:\Users\dives\.m2\repository\commons-configuration\commons-configuration\1.10\commons-configuration-1.10.jar;C:\Users\dives\.m2\repository\commons-lang\commons-lang\2.6\commons-lang-2.6.jar;C:\Users\dives\.m2\repository\com\fasterxml\jackson\core\jackson-annotations\2.15.3\jackson-annotations-2.15.3.jar;C:\Users\dives\.m2\repository\com\fasterxml\jackson\core\jackson-core\2.15.3\jackson-core-2.15.3.jar;C:\Users\dives\.m2\repository\org\codehaus\jettison\jettison\1.4.0\jettison-1.4.0.jar;C:\Users\dives\.m2\repository\com\netflix\eureka\eureka-core\2.0.1\eureka-core-2.0.1.jar;C:\Users\dives\.m2\repository\com\fasterxml\woodstox\woodstox-core\6.2.1\woodstox-core-6.2.1.jar;C:\Users\dives\.m2\repository\org\codehaus\woodstox\stax2-api\4.2.1\stax2-api-4.2.1.jar;C:\Users\dives\.m2\repository\org\springframework\cloud\spring-cloud-starter-loadbalancer\4.1.0\spring-cloud-starter-loadbalancer-4.1.0.jar;C:\Users\dives\.m2\repository\org\springframework\cloud\spring-cloud-loadbalancer\4.1.0\spring-cloud-loadbalancer-4.1.0.jar;C:\Users\dives\.m2\repository\io\projectreactor\reactor-core\3.6.1\reactor-core-3.6.1.jar;C:\Users\dives\.m2\repository\org\reactivestreams\reactive-streams\1.0.4\reactive-streams-1.0.4.jar;C:\Users\dives\.m2\repository\io\projectreactor\addons\reactor-extra\3.5.1\reactor-extra-3.5.1.jar;C:\Users\dives\.m2\repository\org\springframework\boot\spring-boot-starter-cache\3.2.1\spring-boot-starter-cache-3.2.1.jar;C:\Users\dives\.m2\repository\org\springframework\spring-context-support\6.1.2\spring-context-support-6.1.2.jar;C:\Users\dives\.m2\repository\com\stoyanr\evictor\1.0.0\evictor-1.0.0.jar;C:\Users\dives\.m2\repository\org\springframework\boot\spring-boot-starter-data-jpa\3.2.1\spring-boot-starter-data-jpa-3.2.1.jar;C:\Users\dives\.m2\repository\org\springframework\boot\spring-boot-starter-aop\3.2.1\spring-boot-starter-aop-3.2.1.jar;C:\Users\dives\.m2\repository\org\aspectj\aspectjweaver\1.9.21\aspectjweaver-1.9.21.jar;C:\Users\dives\.m2\repository\org\springframework\boot\spring-boot-starter-jdbc\3.2.1\spring-boot-starter-jdbc-3.2.1.jar;C:\Users\dives\.m2\repository\com\zaxxer\HikariCP\5.0.1\HikariCP-5.0.1.jar;C:\Users\dives\.m2\repository\org\springframework\spring-jdbc\6.1.2\spring-jdbc-6.1.2.jar;C:\Users\dives\.m2\repository\org\hibernate\orm\hibernate-core\6.4.1.Final\hibernate-core-6.4.1.Final.jar;C:\Users\dives\.m2\repository\jakarta\persistence\jakarta.persistence-api\3.1.0\jakarta.persistence-api-3.1.0.jar;C:\Users\dives\.m2\repository\jakarta\transaction\jakarta.transaction-api\2.0.1\jakarta.transaction-api-2.0.1.jar;C:\Users\dives\.m2\repository\org\jboss\logging\jboss-logging\3.5.3.Final\jboss-logging-3.5.3.Final.jar;C:\Users\dives\.m2\repository\org\hibernate\common\hibernate-commons-annotations\6.0.6.Final\hibernate-commons-annotations-6.0.6.Final.jar;C:\Users\dives\.m2\repository\io\smallrye\jandex\3.1.2\jandex-3.1.2.jar;C:\Users\dives\.m2\repository\com\fasterxml\classmate\1.6.0\classmate-1.6.0.jar;C:\Users\dives\.m2\repository\net\bytebuddy\byte-buddy\1.14.10\byte-buddy-1.14.10.jar;C:\Users\dives\.m2\repository\jakarta\xml\bind\jakarta.xml.bind-api\4.0.1\jakarta.xml.bind-api-4.0.1.jar;C:\Users\dives\.m2\repository\jakarta\activation\jakarta.activation-api\2.1.2\jakarta.activation-api-2.1.2.jar;C:\Users\dives\.m2\repository\org\glassfish\jaxb\jaxb-runtime\4.0.4\jaxb-runtime-4.0.4.jar;C:\Users\dives\.m2\repository\org\glassfish\jaxb\jaxb-core\4.0.4\jaxb-core-4.0.4.jar;C:\Users\dives\.m2\repository\org\eclipse\angus\angus-activation\2.0.1\angus-activation-2.0.1.jar;C:\Users\dives\.m2\repository\org\glassfish\jaxb\txw2\4.0.4\txw2-4.0.4.jar;C:\Users\dives\.m2\repository\com\sun\istack\istack-commons-runtime\4.1.2\istack-commons-runtime-4.1.2.jar;C:\Users\dives\.m2\repository\org\antlr\antlr4-runtime\4.13.0\antlr4-runtime-4.13.0.jar;C:\Users\dives\.m2\repository\org\springframework\data\spring-data-jpa\3.2.1\spring-data-jpa-3.2.1.jar;C:\Users\dives\.m2\repository\org\springframework\data\spring-data-commons\3.2.1\spring-data-commons-3.2.1.jar;C:\Users\dives\.m2\repository\org\springframework\spring-orm\6.1.2\spring-orm-6.1.2.jar;C:\Users\dives\.m2\repository\org\springframework\spring-tx\6.1.2\spring-tx-6.1.2.jar;C:\Users\dives\.m2\repository\org\slf4j\slf4j-api\2.0.9\slf4j-api-2.0.9.jar;C:\Users\dives\.m2\repository\org\springframework\spring-aspects\6.1.2\spring-aspects-6.1.2.jar;C:\Users\dives\.m2\repository\com\mysql\mysql-connector-j\8.1.0\mysql-connector-j-8.1.0.jar;C:\Users\dives\.m2\repository\org\springframework\cloud\spring-cloud-starter-circuitbreaker-resilience4j\3.1.0\spring-cloud-starter-circuitbreaker-resilience4j-3.1.0.jar;C:\Users\dives\.m2\repository\org\springframework\cloud\spring-cloud-circuitbreaker-resilience4j\3.1.0\spring-cloud-circuitbreaker-resilience4j-3.1.0.jar;C:\Users\dives\.m2\repository\io\github\resilience4j\resilience4j-spring-boot3\2.1.0\resilience4j-spring-boot3-2.1.0.jar;C:\Users\dives\.m2\repository\io\github\resilience4j\resilience4j-spring6\2.1.0\resilience4j-spring6-2.1.0.jar;C:\Users\dives\.m2\repository\io\github\resilience4j\resilience4j-annotations\2.1.0\resilience4j-annotations-2.1.0.jar;C:\Users\dives\.m2\repository\io\github\resilience4j\resilience4j-consumer\2.1.0\resilience4j-consumer-2.1.0.jar;C:\Users\dives\.m2\repository\io\github\resilience4j\resilience4j-circularbuffer\2.1.0\resilience4j-circularbuffer-2.1.0.jar;C:\Users\dives\.m2\repository\io\github\resilience4j\resilience4j-framework-common\2.1.0\resilience4j-framework-common-2.1.0.jar;C:\Users\dives\.m2\repository\io\github\resilience4j\resilience4j-micrometer\2.1.0\resilience4j-micrometer-2.1.0.jar;C:\Users\dives\.m2\repository\io\github\resilience4j\resilience4j-retry\2.1.0\resilience4j-retry-2.1.0.jar;C:\Users\dives\.m2\repository\io\github\resilience4j\resilience4j-ratelimiter\2.1.0\resilience4j-ratelimiter-2.1.0.jar;C:\Users\dives\.m2\repository\io\github\resilience4j\resilience4j-circuitbreaker\2.1.0\resilience4j-circuitbreaker-2.1.0.jar;C:\Users\dives\.m2\repository\io\github\resilience4j\resilience4j-core\2.1.0\resilience4j-core-2.1.0.jar;C:\Users\dives\.m2\repository\io\github\resilience4j\resilience4j-timelimiter\2.1.0\resilience4j-timelimiter-2.1.0.jar;C:\Users\dives\.m2\repository\org\springframework\boot\spring-boot-starter-actuator\3.2.1\spring-boot-starter-actuator-3.2.1.jar;C:\Users\dives\.m2\repository\org\springframework\boot\spring-boot-actuator-autoconfigure\3.2.1\spring-boot-actuator-autoconfigure-3.2.1.jar;C:\Users\dives\.m2\repository\org\springframework\boot\spring-boot-actuator\3.2.1\spring-boot-actuator-3.2.1.jar;C:\Users\dives\.m2\repository\io\micrometer\micrometer-observation\1.12.1\micrometer-observation-1.12.1.jar;C:\Users\dives\.m2\repository\io\micrometer\micrometer-commons\1.12.1\micrometer-commons-1.12.1.jar;C:\Users\dives\.m2\repository\io\micrometer\micrometer-jakarta9\1.12.1\micrometer-jakarta9-1.12.1.jar;C:\Users\dives\.m2\repository\io\micrometer\micrometer-core\1.12.1\micrometer-core-1.12.1.jar;C:\Users\dives\.m2\repository\org\hdrhistogram\HdrHistogram\2.1.12\HdrHistogram-2.1.12.jar;C:\Users\dives\.m2\repository\org\latencyutils\LatencyUtils\2.0.3\LatencyUtils-2.0.3.jar;C:\Users\dives\.m2\repository\org\springframework\cloud\spring-cloud-starter-openfeign\4.1.0\spring-cloud-starter-openfeign-4.1.0.jar;C:\Users\dives\.m2\repository\org\springframework\cloud\spring-cloud-openfeign-core\4.1.0\spring-cloud-openfeign-core-4.1.0.jar;C:\Users\dives\.m2\repository\io\github\openfeign\form\feign-form-spring\3.8.0\feign-form-spring-3.8.0.jar;C:\Users\dives\.m2\repository\io\github\openfeign\form\feign-form\3.8.0\feign-form-3.8.0.jar;C:\Users\dives\.m2\repository\commons-fileupload\commons-fileupload\1.5\commons-fileupload-1.5.jar;C:\Users\dives\.m2\repository\commons-io\commons-io\2.11.0\commons-io-2.11.0.jar;C:\Users\dives\.m2\repository\org\springframework\cloud\spring-cloud-commons\4.1.0\spring-cloud-commons-4.1.0.jar;C:\Users\dives\.m2\repository\org\springframework\security\spring-security-crypto\6.2.1\spring-security-crypto-6.2.1.jar;C:\Users\dives\.m2\repository\io\github\openfeign\feign-core\13.1\feign-core-13.1.jar;C:\Users\dives\.m2\repository\io\github\openfeign\feign-slf4j\13.1\feign-slf4j-13.1.jar
Launcher Type: SUN_STANDARD

[Global flags]
     intx CICompilerCount                          = 4                                         {product} {ergonomic}
     uint ConcGCThreads                            = 2                                         {product} {ergonomic}
     uint G1ConcRefinementThreads                  = 8                                         {product} {ergonomic}
   size_t G1HeapRegionSize                         = 1048576                                   {product} {ergonomic}
    uintx GCDrainStackTargetSize                   = 64                                        {product} {ergonomic}
   size_t InitialHeapSize                          = 130023424                                 {product} {ergonomic}
     bool ManagementServer                         = true                                      {product} {command line}
   size_t MarkStackSize                            = 4194304                                   {product} {ergonomic}
   size_t MaxHeapSize                              = 2078277632                                {product} {ergonomic}
   size_t MaxNewSize                               = 1246756864                                {product} {ergonomic}
   size_t MinHeapDeltaBytes                        = 1048576                                   {product} {ergonomic}
   size_t MinHeapSize                              = 8388608                                   {product} {ergonomic}
    uintx NonNMethodCodeHeapSize                   = 5839372                                {pd product} {ergonomic}
    uintx NonProfiledCodeHeapSize                  = 122909434                              {pd product} {ergonomic}
    uintx ProfiledCodeHeapSize                     = 122909434                              {pd product} {ergonomic}
    uintx ReservedCodeCacheSize                    = 251658240                              {pd product} {ergonomic}
     bool SegmentedCodeCache                       = true                                      {product} {ergonomic}
     bool ShowCodeDetailsInExceptionMessages       = true                                   {manageable} {command line}
   size_t SoftMaxHeapSize                          = 2078277632                             {manageable} {ergonomic}
     bool UseCompressedOops                        = true                           {product lp64_product} {ergonomic}
     bool UseG1GC                                  = true                                      {product} {ergonomic}
     bool UseLargePagesIndividualAllocation        = false                                  {pd product} {ergonomic}

Logging:
Log output configuration:
 #0: stdout all=warning uptime,level,tags foldmultilines=false
 #1: stderr all=off uptime,level,tags foldmultilines=false

Environment Variables:
JAVA_HOME=C:\Program Files\Java\jdk-19
PATH=C:\Users\dives\AppData\Local\Programs\Microsoft VS Code;C:\Program Files\Java\jdk-21\bin;C:\Program Files\Common Files\Oracle\Java\javapath;C:\WINDOWS\system32;C:\WINDOWS;C:\WINDOWS\System32\Wbem;C:\WINDOWS\System32\WindowsPowerShell\v1.0\;C:\WINDOWS\System32\OpenSSH\;C:\Program Files\dotnet\;C:\Program Files\Microsoft SQL Server\150\Tools\Binn\;C:\Program Files\Microsoft SQL Server\Client SDK\ODBC\170\Tools\Binn\;C:\ProgramData\chocolatey\bin;C:\Program Files\nodejs\;C:\php;C:\Program Files\Git\cmd;C:\ProgramData\ComposerSetup\bin;C:\Program Files\PuTTY\;C:\ffmpeg-8.0.1-essentials_build\bin;;C:\Program Files\Docker\Docker\resources\bin;C:\Program Files\MySQL\MySQL Shell 8.0\bin\;C:\Users\dives\AppData\Local\Microsoft\WindowsApps;C:\Users\dives\AppData\Local\GitHubDesktop\bin;C:\Users\dives\.dotnet\tools;C:\Users\dives\AppData\Local\Programs\Microsoft VS Code\bin;C:\Users\dives\AppData\Roaming\npm;C:\Users\dives\AppData\Roaming\Composer\vendor\bin;c:\Users\dives\.vscode\extensions\vscjava.vscode-java-debug-0.58.5\bundled\scripts\noConfigScripts
USERNAME=dives
LANG=en_US.UTF-8
OS=Windows_NT
PROCESSOR_IDENTIFIER=Intel64 Family 6 Model 140 Stepping 1, GenuineIntel
TMP=C:\Users\dives\AppData\Local\Temp
TEMP=C:\Users\dives\AppData\Local\Temp




Periodic native trim disabled

---------------  S Y S T E M  ---------------

OS:
 Windows 11 , 64 bit Build 26100 (10.0.26100.7920)
OS uptime: 3 days 12:57 hours
Hyper-V role detected

CPU: total 8 (initial active 8) (4 cores per cpu, 2 threads per core) family 6 model 140 stepping 1 microcode 0xbe, cx8, cmov, fxsr, ht, mmx, 3dnowpref, sse, sse2, sse3, ssse3, sse4.1, sse4.2, popcnt, lzcnt, tsc, tscinvbit, avx, avx2, aes, erms, clmul, bmi1, bmi2, adx, avx512f, avx512dq, avx512cd, avx512bw, avx512vl, sha, fma, vzeroupper, avx512_vpopcntdq, avx512_vpclmulqdq, avx512_vaes, avx512_vnni, clflush, clflushopt, clwb, avx512_vbmi2, avx512_vbmi, hv, rdtscp, rdpid, fsrm, gfni, avx512_bitalg, f16c, cet_ibt, cet_ss, avx512_ifma
Processor Information for all 8 processors :
  Max Mhz: 2419, Current Mhz: 2419, Mhz Limit: 2419

Memory: 4k page, system-wide physical 7926M (914M free)
TotalPageFile size 32502M (AvailPageFile size 11M)
current process WorkingSet (physical memory assigned to process): 284M, peak: 295M
current process commit charge ("private bytes"): 323M, peak: 330M

vm_info: Java HotSpot(TM) 64-Bit Server VM (21.0.8+12-LTS-250) for windows-amd64 JRE (21.0.8+12-LTS-250), built on 2025-06-27T08:11:22Z by "mach5one" with MS VC++ 17.6 (VS2022)

END.
