#
# There is insufficient memory for the Java Runtime Environment to continue.
# Native memory allocation (malloc) failed to allocate 884496 bytes. Error detail: Chunk::new
# Possible reasons:
#   The system is out of physical RAM or swap space
#   This process is running with CompressedOops enabled, and the Java Heap may be blocking the growth of the native heap
# Possible solutions:
#   Reduce memory load on the system
#   Increase physical memory or swap space
#   Check if swap backing store is full
#   Decrease Java heap size (-Xmx/-Xms)
#   Decrease number of Java threads
#   Decrease Java thread stack sizes (-Xss)
#   Set larger code cache with -XX:ReservedCodeCacheSize=
#   JVM is running with Unscaled Compressed Oops mode in which the Java heap is
#     placed in the first 4GB address space. The Java Heap base address is the
#     maximum limit for the native heap growth. Please use -XX:HeapBaseMinAddress
#     to set the Java Heap base and to place the Java Heap above 4GB virtual address.
# This output file may be truncated or incomplete.
#
#  Out of Memory Error (arena.cpp:168), pid=19764, tid=13556
#
# JRE version: OpenJDK Runtime Environment Temurin-21.0.10+7 (21.0.10+7) (build 21.0.10+7-LTS)
# Java VM: OpenJDK 64-Bit Server VM Temurin-21.0.10+7 (21.0.10+7-LTS, mixed mode, sharing, tiered, compressed oops, compressed class ptrs, parallel gc, windows-amd64)
# No core dump will be written. Minidumps are not enabled by default on client versions of Windows
#

---------------  S U M M A R Y ------------

Command Line: --add-modules=ALL-SYSTEM --add-opens=java.base/java.util=ALL-UNNAMED --add-opens=java.base/java.lang=ALL-UNNAMED --add-opens=java.base/sun.nio.fs=ALL-UNNAMED -Declipse.application=org.eclipse.jdt.ls.core.id1 -Dosgi.bundles.defaultStartLevel=4 -Declipse.product=org.eclipse.jdt.ls.core.product -Djava.import.generatesMetadataFilesAtProjectRoot=false -DDetectVMInstallationsJob.disabled=true -Dfile.encoding=utf8 -XX:+UseParallelGC -XX:GCTimeRatio=4 -XX:AdaptiveSizePolicyWeight=90 -Dsun.zip.disableMemoryMapping=true -Xmx2G -Xms100m -Xlog:disable -javaagent:c:\Users\dives\.vscode\extensions\redhat.java-1.53.0-win32-x64\lombok\lombok-1.18.39-4050.jar -XX:+HeapDumpOnOutOfMemoryError -XX:HeapDumpPath=c:\Users\dives\AppData\Roaming\Code\User\workspaceStorage\e9fa50f7be65360a504befd0400b0aa0\redhat.java -Daether.dependencyCollector.impl=bf c:\Users\dives\.vscode\extensions\redhat.java-1.53.0-win32-x64\server\plugins\org.eclipse.equinox.launcher_1.7.100.v20251111-0406.jar -configuration c:\Users\dives\AppData\Roaming\Code\User\globalStorage\redhat.java\1.53.0\config_win -data c:\Users\dives\AppData\Roaming\Code\User\workspaceStorage\e9fa50f7be65360a504befd0400b0aa0\redhat.java\jdt_ws --pipe=\\.\pipe\lsp-0061a80c24a85f14ffa71aa68edf0cdd-sock

Host: 11th Gen Intel(R) Core(TM) i5-1135G7 @ 2.40GHz, 8 cores, 7G,  Windows 11 , 64 bit Build 26100 (10.0.26100.7920)
Time: Mon Mar 23 23:02:56 2026 India Standard Time elapsed time: 23.107880 seconds (0d 0h 0m 23s)

---------------  T H R E A D  ---------------

Current thread (0x00000284abb5b0c0):  JavaThread "C2 CompilerThread0" daemon [_thread_in_native, id=13556, stack(0x000000a000300000,0x000000a000400000) (1024K)]


Current CompileTask:
C2:23108 7177   !   4       org.eclipse.osgi.internal.loader.classpath.ClasspathManager::findLocalClass (210 bytes)

Stack: [0x000000a000300000,0x000000a000400000]
Native frames: (J=compiled Java code, j=interpreted, Vv=VM code, C=native code)
V  [jvm.dll+0x6d7a39]
V  [jvm.dll+0x8b4b26]
V  [jvm.dll+0x8b70de]
V  [jvm.dll+0x8b77c3]
V  [jvm.dll+0x284346]
V  [jvm.dll+0xc66ed]
V  [jvm.dll+0xc6c31]
V  [jvm.dll+0x2fb29e]
V  [jvm.dll+0x5fe884]
V  [jvm.dll+0x255b17]
V  [jvm.dll+0x255edd]
V  [jvm.dll+0x24e500]
V  [jvm.dll+0x24ba42]
V  [jvm.dll+0x1cb34e]
V  [jvm.dll+0x25b85d]
V  [jvm.dll+0x259dea]
V  [jvm.dll+0x3f857e]
V  [jvm.dll+0x85f59d]
V  [jvm.dll+0x6d626d]
C  [ucrtbase.dll+0x37b0]
C  [KERNEL32.DLL+0x2e8d7]
C  [ntdll.dll+0x8c48c]


---------------  P R O C E S S  ---------------

Threads class SMR info:
_java_thread_list=0x00000284f664a950, length=47, elements={
0x0000028492e36650, 0x00000284abb4a190, 0x00000284abb4d7c0, 0x00000284abb51f80,
0x00000284abb54da0, 0x00000284abb55800, 0x00000284abb56260, 0x00000284abb5b0c0,
0x00000284ee4671b0, 0x00000284ee62fad0, 0x00000284ee74cb00, 0x00000284f31021d0,
0x00000284f3530730, 0x00000284f30fe1d0, 0x00000284f30fe840, 0x00000284f3c7fac0,
0x00000284f37ad580, 0x00000284f34c4360, 0x00000284f3200250, 0x00000284f3203040,
0x00000284f32036d0, 0x00000284f3200f70, 0x00000284f3201600, 0x00000284f3201c90,
0x00000284f32029b0, 0x00000284f68f4b40, 0x00000284f68f5ef0, 0x00000284f68f5860,
0x00000284f68f3100, 0x00000284f68f6580, 0x00000284f68f51d0, 0x00000284f68f6c10,
0x00000284f68f44b0, 0x00000284f68f3790, 0x00000284f68f72a0, 0x00000284f68f3e20,
0x00000284f68f7930, 0x00000284f68f7fc0, 0x00000284f68f8650, 0x00000284f68f8ce0,
0x00000284f68f9a00, 0x00000284f68fa720, 0x00000284f68f9370, 0x00000284f68fa090,
0x00000284f577c890, 0x00000284f531e6c0, 0x00000284f531dff0
}

Java Threads: ( => current thread )
  0x0000028492e36650 JavaThread "main"                              [_thread_blocked, id=22004, stack(0x000000a07f900000,0x000000a07fa00000) (1024K)]
  0x00000284abb4a190 JavaThread "Reference Handler"          daemon [_thread_blocked, id=17292, stack(0x000000a07fd00000,0x000000a07fe00000) (1024K)]
  0x00000284abb4d7c0 JavaThread "Finalizer"                  daemon [_thread_blocked, id=24252, stack(0x000000a07fe00000,0x000000a07ff00000) (1024K)]
  0x00000284abb51f80 JavaThread "Signal Dispatcher"          daemon [_thread_blocked, id=1072, stack(0x000000a07ff00000,0x000000a080000000) (1024K)]
  0x00000284abb54da0 JavaThread "Attach Listener"            daemon [_thread_blocked, id=25468, stack(0x000000a000000000,0x000000a000100000) (1024K)]
  0x00000284abb55800 JavaThread "Service Thread"             daemon [_thread_blocked, id=18960, stack(0x000000a000100000,0x000000a000200000) (1024K)]
  0x00000284abb56260 JavaThread "Monitor Deflation Thread"   daemon [_thread_blocked, id=27780, stack(0x000000a000200000,0x000000a000300000) (1024K)]
=>0x00000284abb5b0c0 JavaThread "C2 CompilerThread0"         daemon [_thread_in_native, id=13556, stack(0x000000a000300000,0x000000a000400000) (1024K)]
  0x00000284ee4671b0 JavaThread "C1 CompilerThread0"         daemon [_thread_blocked, id=32132, stack(0x000000a000400000,0x000000a000500000) (1024K)]
  0x00000284ee62fad0 JavaThread "Common-Cleaner"             daemon [_thread_blocked, id=26504, stack(0x000000a000500000,0x000000a000600000) (1024K)]
  0x00000284ee74cb00 JavaThread "Notification Thread"        daemon [_thread_blocked, id=30392, stack(0x000000a000600000,0x000000a000700000) (1024K)]
  0x00000284f31021d0 JavaThread "Active Thread: Equinox Container: 18b2a868-425a-4078-a6a6-be300119f6dd"        [_thread_blocked, id=2872, stack(0x000000a000e00000,0x000000a000f00000) (1024K)]
  0x00000284f3530730 JavaThread "Refresh Thread: Equinox Container: 18b2a868-425a-4078-a6a6-be300119f6dd" daemon [_thread_blocked, id=19336, stack(0x000000a000700000,0x000000a000800000) (1024K)]
  0x00000284f30fe1d0 JavaThread "Framework Event Dispatcher: Equinox Container: 18b2a868-425a-4078-a6a6-be300119f6dd" daemon [_thread_blocked, id=27048, stack(0x000000a001000000,0x000000a001100000) (1024K)]
  0x00000284f30fe840 JavaThread "Start Level: Equinox Container: 18b2a868-425a-4078-a6a6-be300119f6dd" daemon [_thread_blocked, id=1492, stack(0x000000a001100000,0x000000a001200000) (1024K)]
  0x00000284f3c7fac0 JavaThread "Bundle File Closer"         daemon [_thread_blocked, id=28736, stack(0x000000a001300000,0x000000a001400000) (1024K)]
  0x00000284f37ad580 JavaThread "SCR Component Actor"        daemon [_thread_blocked, id=30524, stack(0x000000a001200000,0x000000a001300000) (1024K)]
  0x00000284f34c4360 JavaThread "Worker-JM"                         [_thread_blocked, id=31564, stack(0x000000a001500000,0x000000a001600000) (1024K)]
  0x00000284f3200250 JavaThread "JNA Cleaner"                daemon [_thread_blocked, id=2188, stack(0x000000a001400000,0x000000a001500000) (1024K)]
  0x00000284f3203040 JavaThread "Worker-0"                          [_thread_blocked, id=15160, stack(0x000000a001600000,0x000000a001700000) (1024K)]
  0x00000284f32036d0 JavaThread "Worker-1"                          [_thread_blocked, id=27296, stack(0x000000a001700000,0x000000a001800000) (1024K)]
  0x00000284f3200f70 JavaThread "Worker-2"                          [_thread_blocked, id=11592, stack(0x000000a001800000,0x000000a001900000) (1024K)]
  0x00000284f3201600 JavaThread "Java indexing"              daemon [_thread_blocked, id=6772, stack(0x000000a001a00000,0x000000a001b00000) (1024K)]
  0x00000284f3201c90 JavaThread "Worker-3: Initialize workspace"        [_thread_blocked, id=11952, stack(0x000000a001d00000,0x000000a001e00000) (1024K)]
  0x00000284f32029b0 JavaThread "Worker-4: Initialize Workspace"        [_thread_blocked, id=25628, stack(0x000000a001e00000,0x000000a001f00000) (1024K)]
  0x00000284f68f4b40 JavaThread "Thread-1"                   daemon [_thread_in_native, id=11320, stack(0x000000a001f00000,0x000000a002000000) (1024K)]
  0x00000284f68f5ef0 JavaThread "Thread-2"                   daemon [_thread_in_native, id=27700, stack(0x000000a002000000,0x000000a002100000) (1024K)]
  0x00000284f68f5860 JavaThread "Thread-3"                   daemon [_thread_in_native, id=27784, stack(0x000000a002100000,0x000000a002200000) (1024K)]
  0x00000284f68f3100 JavaThread "Thread-4"                   daemon [_thread_in_native, id=10432, stack(0x000000a002200000,0x000000a002300000) (1024K)]
  0x00000284f68f6580 JavaThread "Thread-5"                   daemon [_thread_in_native, id=28668, stack(0x000000a002300000,0x000000a002400000) (1024K)]
  0x00000284f68f51d0 JavaThread "Thread-6"                   daemon [_thread_in_native, id=7828, stack(0x000000a002400000,0x000000a002500000) (1024K)]
  0x00000284f68f6c10 JavaThread "Thread-7"                   daemon [_thread_in_native, id=11004, stack(0x000000a002500000,0x000000a002600000) (1024K)]
  0x00000284f68f44b0 JavaThread "Thread-8"                   daemon [_thread_in_native, id=22588, stack(0x000000a002600000,0x000000a002700000) (1024K)]
  0x00000284f68f3790 JavaThread "Thread-9"                   daemon [_thread_in_native, id=13300, stack(0x000000a002700000,0x000000a002800000) (1024K)]
  0x00000284f68f72a0 JavaThread "pool-2-thread-1"                   [_thread_blocked, id=4728, stack(0x000000a002800000,0x000000a002900000) (1024K)]
  0x00000284f68f3e20 JavaThread "WorkspaceEventsHandler"            [_thread_blocked, id=10300, stack(0x000000a002900000,0x000000a002a00000) (1024K)]
  0x00000284f68f7930 JavaThread "pool-1-thread-1"                   [_thread_blocked, id=16140, stack(0x000000a002a00000,0x000000a002b00000) (1024K)]
  0x00000284f68f7fc0 JavaThread "Keep-Alive-Timer"           daemon [_thread_blocked, id=6376, stack(0x000000a002c00000,0x000000a002d00000) (1024K)]
  0x00000284f68f8650 JavaThread "ForkJoinPool.commonPool-worker-1" daemon [_thread_blocked, id=6644, stack(0x000000a002d00000,0x000000a002e00000) (1024K)]
  0x00000284f68f8ce0 JavaThread "ForkJoinPool.commonPool-worker-2" daemon [_thread_blocked, id=28080, stack(0x000000a002e00000,0x000000a002f00000) (1024K)]
  0x00000284f68f9a00 JavaThread "ForkJoinPool.commonPool-worker-3" daemon [_thread_blocked, id=28092, stack(0x000000a002f00000,0x000000a003000000) (1024K)]
  0x00000284f68fa720 JavaThread "ForkJoinPool.commonPool-worker-4" daemon [_thread_blocked, id=14912, stack(0x000000a003000000,0x000000a003100000) (1024K)]
  0x00000284f68f9370 JavaThread "ForkJoinPool.commonPool-worker-5" daemon [_thread_blocked, id=22052, stack(0x000000a003100000,0x000000a003200000) (1024K)]
  0x00000284f68fa090 JavaThread "ForkJoinPool.commonPool-worker-6" daemon [_thread_blocked, id=18164, stack(0x000000a003200000,0x000000a003300000) (1024K)]
  0x00000284f577c890 JavaThread "ForkJoinPool.commonPool-worker-7" daemon [_thread_blocked, id=28028, stack(0x000000a003300000,0x000000a003400000) (1024K)]
  0x00000284f531e6c0 JavaThread "C2 CompilerThread1"         daemon [_thread_in_native, id=5812, stack(0x000000a001900000,0x000000a001a00000) (1024K)]
  0x00000284f531dff0 JavaThread "C2 CompilerThread2"         daemon [_thread_in_vm, id=32232, stack(0x000000a003400000,0x000000a003500000) (1024K)]
Total: 47

Other Threads:
  0x0000028495180070 VMThread "VM Thread"                           [id=4120, stack(0x000000a07fc00000,0x000000a07fd00000) (1024K)]
  0x000002849514a7d0 WatcherThread "VM Periodic Task Thread"        [id=20772, stack(0x000000a07fb00000,0x000000a07fc00000) (1024K)]
  0x00000284950fda00 WorkerThread "GC Thread#0"                     [id=27860, stack(0x000000a07fa00000,0x000000a07fb00000) (1024K)]
  0x00000284f3283590 WorkerThread "GC Thread#1"                     [id=23420, stack(0x000000a000800000,0x000000a000900000) (1024K)]
  0x00000284f3284450 WorkerThread "GC Thread#2"                     [id=1880, stack(0x000000a000900000,0x000000a000a00000) (1024K)]
  0x00000284f3282e30 WorkerThread "GC Thread#3"                     [id=19316, stack(0x000000a000a00000,0x000000a000b00000) (1024K)]
  0x00000284f32840a0 WorkerThread "GC Thread#4"                     [id=26944, stack(0x000000a000b00000,0x000000a000c00000) (1024K)]
  0x00000284f32831e0 WorkerThread "GC Thread#5"                     [id=21768, stack(0x000000a000c00000,0x000000a000d00000) (1024K)]
  0x00000284f3283940 WorkerThread "GC Thread#6"                     [id=17792, stack(0x000000a000d00000,0x000000a000e00000) (1024K)]
  0x00000284f3689860 WorkerThread "GC Thread#7"                     [id=8372, stack(0x000000a000f00000,0x000000a001000000) (1024K)]
Total: 10

Threads with active compile tasks:
C2 CompilerThread0  23183 7177   !   4       org.eclipse.osgi.internal.loader.classpath.ClasspathManager::findLocalClass (210 bytes)
C2 CompilerThread1  23183 7442       4       jdk.internal.jrtfs.SystemImage$1::findNode (9 bytes)
C2 CompilerThread2  23183 7438       4       jdk.internal.jimage.ImageLocation::getFullName (109 bytes)
Total: 3

VM state: not at safepoint (normal execution)

VM Mutex/Monitor currently owned by a thread: None

Heap address: 0x0000000080000000, size: 2048 MB, Compressed Oops mode: 32-bit

CDS archive(s) mapped at: [0x00000284ac000000-0x00000284acba0000-0x00000284acba0000), size 12189696, SharedBaseAddress: 0x00000284ac000000, ArchiveRelocationMode: 1.
Compressed class space mapped at: 0x00000284ad000000-0x00000284ed000000, reserved size: 1073741824
Narrow klass base: 0x00000284ac000000, Narrow klass shift: 0, Narrow klass range: 0x100000000

GC Precious Log:
 CardTable entry size: 512
 CPUs: 8 total, 8 available
 Memory: 7926M
 Large Page Support: Disabled
 NUMA Support: Disabled
 Compressed Oops: Enabled (32-bit)
 Alignments: Space 512K, Generation 512K, Heap 2M
 Heap Min Capacity: 100M
 Heap Initial Capacity: 100M
 Heap Max Capacity: 2G
 Pre-touch: Disabled
 Parallel Workers: 8

Heap:
 PSYoungGen      total 20480K, used 2114K [0x00000000d5580000, 0x00000000d6e00000, 0x0000000100000000)
  eden space 18944K, 3% used [0x00000000d5580000,0x00000000d56189f8,0x00000000d6800000)
  from space 1536K, 97% used [0x00000000d6c00000,0x00000000d6d78030,0x00000000d6d80000)
  to   space 3072K, 0% used [0x00000000d6800000,0x00000000d6800000,0x00000000d6b00000)
 ParOldGen       total 68608K, used 36168K [0x0000000080000000, 0x0000000084300000, 0x00000000d5580000)
  object space 68608K, 52% used [0x0000000080000000,0x0000000082352048,0x0000000084300000)
 Metaspace       used 53828K, committed 55232K, reserved 1114112K
  class space    used 5898K, committed 6464K, reserved 1048576K

Card table byte_map: [0x0000028494a80000,0x0000028494e90000] _byte_map_base: 0x0000028494680000

Marking Bits: (ParMarkBitMap*) 0x00007ffbf1463450
 Begin Bits: [0x00000284a7580000, 0x00000284a9580000)
 End Bits:   [0x00000284a9580000, 0x00000284ab580000)

Polling page: 0x00000284931b0000

Metaspace:

Usage:
  Non-class:     46.81 MB used.
      Class:      5.76 MB used.
       Both:     52.57 MB used.

Virtual space:
  Non-class space:       64.00 MB reserved,      47.62 MB ( 74%) committed,  1 nodes.
      Class space:        1.00 GB reserved,       6.31 MB ( <1%) committed,  1 nodes.
             Both:        1.06 GB reserved,      53.94 MB (  5%) committed. 

Chunk freelists:
   Non-Class:  15.78 MB
       Class:  9.52 MB
        Both:  25.30 MB

MaxMetaspaceSize: unlimited
CompressedClassSpaceSize: 1.00 GB
Initial GC threshold: 21.00 MB
Current GC threshold: 58.38 MB
CDS: on
 - commit_granule_bytes: 65536.
 - commit_granule_words: 8192.
 - virtual_space_node_default_size: 8388608.
 - enlarge_chunks_in_place: 1.
 - use_allocation_guard: 0.


Internal statistics:

num_allocs_failed_limit: 6.
num_arena_births: 1014.
num_arena_deaths: 14.
num_vsnodes_births: 2.
num_vsnodes_deaths: 0.
num_space_committed: 863.
num_space_uncommitted: 0.
num_chunks_returned_to_freelist: 20.
num_chunks_taken_from_freelist: 3333.
num_chunk_merges: 11.
num_chunk_splits: 2038.
num_chunks_enlarged: 1118.
num_inconsistent_stats: 0.

CodeHeap 'non-profiled nmethods': size=120000Kb used=3576Kb max_used=3576Kb free=116423Kb
 bounds [0x000002849fda0000, 0x00000284a0120000, 0x00000284a72d0000]
CodeHeap 'profiled nmethods': size=120000Kb used=14130Kb max_used=14130Kb free=105869Kb
 bounds [0x00000284982d0000, 0x00000284990a0000, 0x000002849f800000]
CodeHeap 'non-nmethods': size=5760Kb used=1424Kb max_used=1476Kb free=4335Kb
 bounds [0x000002849f800000, 0x000002849fa70000, 0x000002849fda0000]
CodeCache: size=245760Kb, used=19130Kb, max_used=19182Kb, free=226627Kb
 total_blobs=7558, nmethods=6839, adapters=625, full_count=0
Compilation: enabled, stopped_count=0, restarted_count=0

Compilation events (20 events):
Event: 20.990 Thread 0x00000284ee4671b0 7238       3       jdk.internal.jimage.ImageStringsReader::match (11 bytes)
Event: 20.991 Thread 0x00000284ee4671b0 nmethod 7238 0x0000028499038a90 code [0x0000028499038c40, 0x0000028499038e10]
Event: 21.007 Thread 0x00000284ee4671b0 7239       3       jdk.internal.jimage.ImageLocation::getUncompressedSize (7 bytes)
Event: 21.007 Thread 0x00000284ee4671b0 nmethod 7239 0x0000028499038f10 code [0x00000284990390c0, 0x0000028499039220]
Event: 21.007 Thread 0x00000284ee4671b0 7240       3       jdk.internal.jimage.ImageLocation::getFullName (109 bytes)
Event: 21.008 Thread 0x00000284ee4671b0 nmethod 7240 0x0000028499039310 code [0x0000028499039680, 0x000002849903a598]
Event: 21.008 Thread 0x00000284ee4671b0 7241       3       jdk.internal.jimage.ImageLocation::getExtensionOffset (7 bytes)
Event: 21.009 Thread 0x00000284ee4671b0 nmethod 7241 0x000002849903ab10 code [0x000002849903acc0, 0x000002849903ae08]
Event: 21.009 Thread 0x00000284ee4671b0 7242       3       jdk.internal.jimage.ImageReader$SharedImageReader::getBaseExt (48 bytes)
Event: 21.010 Thread 0x00000284ee4671b0 nmethod 7242 0x000002849903ae90 code [0x000002849903b120, 0x000002849903b988]
Event: 21.010 Thread 0x00000284ee4671b0 7243       3       jdk.internal.jimage.ImageStringsReader::charsFromByteBuffer (207 bytes)
Event: 21.011 Thread 0x00000284ee4671b0 nmethod 7243 0x000002849903bd90 code [0x000002849903c0a0, 0x000002849903d0c8]
Event: 21.011 Thread 0x00000284ee4671b0 7245       3       jdk.internal.jimage.ImageLocation::<init> (27 bytes)
Event: 21.012 Thread 0x00000284ee4671b0 nmethod 7245 0x000002849903d710 code [0x000002849903d900, 0x000002849903de58]
Event: 21.012 Thread 0x00000284ee4671b0 7244       3       jdk.internal.jimage.ImageStringsReader::hashCode (9 bytes)
Event: 21.012 Thread 0x00000284ee4671b0 nmethod 7244 0x000002849903e010 code [0x000002849903e1c0, 0x000002849903e2d8]
Event: 21.012 Thread 0x00000284ee4671b0 7246  s    3       jdk.internal.jimage.ImageReader$SharedImageReader::buildRootDirectory (71 bytes)
Event: 21.014 Thread 0x00000284ee4671b0 nmethod 7246 0x000002849903e390 code [0x000002849903e620, 0x000002849903f040]
Event: 21.014 Thread 0x00000284ee4671b0 7247  s    3       jdk.internal.jimage.ImageReader$SharedImageReader::findNode (36 bytes)
Event: 21.014 Thread 0x00000284ee4671b0 nmethod 7247 0x000002849903f410 code [0x000002849903f600, 0x000002849903fb50]

GC Heap History (20 events):
Event: 13.921 GC heap before
{Heap before GC invocations=14 (full 1):
 PSYoungGen      total 23552K, used 18529K [0x00000000d5580000, 0x00000000d7100000, 0x0000000100000000)
  eden space 22016K, 79% used [0x00000000d5580000,0x00000000d6685110,0x00000000d6b00000)
  from space 1536K, 71% used [0x00000000d6f80000,0x00000000d7093460,0x00000000d7100000)
  to   space 1536K, 0% used [0x00000000d6e00000,0x00000000d6e00000,0x00000000d6f80000)
 ParOldGen       total 68608K, used 18213K [0x0000000080000000, 0x0000000084300000, 0x00000000d5580000)
  object space 68608K, 26% used [0x0000000080000000,0x00000000811c9490,0x0000000084300000)
 Metaspace       used 34814K, committed 35840K, reserved 1114112K
  class space    used 3616K, committed 4032K, reserved 1048576K
}
Event: 13.925 GC heap after
{Heap after GC invocations=14 (full 1):
 PSYoungGen      total 23552K, used 1337K [0x00000000d5580000, 0x00000000d7000000, 0x0000000100000000)
  eden space 22016K, 0% used [0x00000000d5580000,0x00000000d5580000,0x00000000d6b00000)
  from space 1536K, 87% used [0x00000000d6e00000,0x00000000d6f4e508,0x00000000d6f80000)
  to   space 512K, 0% used [0x00000000d6f80000,0x00000000d6f80000,0x00000000d7000000)
 ParOldGen       total 68608K, used 19077K [0x0000000080000000, 0x0000000084300000, 0x00000000d5580000)
  object space 68608K, 27% used [0x0000000080000000,0x00000000812a1448,0x0000000084300000)
 Metaspace       used 34814K, committed 35840K, reserved 1114112K
  class space    used 3616K, committed 4032K, reserved 1048576K
}
Event: 13.925 GC heap before
{Heap before GC invocations=15 (full 2):
 PSYoungGen      total 23552K, used 1337K [0x00000000d5580000, 0x00000000d7000000, 0x0000000100000000)
  eden space 22016K, 0% used [0x00000000d5580000,0x00000000d5580000,0x00000000d6b00000)
  from space 1536K, 87% used [0x00000000d6e00000,0x00000000d6f4e508,0x00000000d6f80000)
  to   space 512K, 0% used [0x00000000d6f80000,0x00000000d6f80000,0x00000000d7000000)
 ParOldGen       total 68608K, used 19077K [0x0000000080000000, 0x0000000084300000, 0x00000000d5580000)
  object space 68608K, 27% used [0x0000000080000000,0x00000000812a1448,0x0000000084300000)
 Metaspace       used 34814K, committed 35840K, reserved 1114112K
  class space    used 3616K, committed 4032K, reserved 1048576K
}
Event: 13.978 GC heap after
{Heap after GC invocations=15 (full 2):
 PSYoungGen      total 23552K, used 0K [0x00000000d5580000, 0x00000000d7000000, 0x0000000100000000)
  eden space 22016K, 0% used [0x00000000d5580000,0x00000000d5580000,0x00000000d6b00000)
  from space 1536K, 0% used [0x00000000d6e00000,0x00000000d6e00000,0x00000000d6f80000)
  to   space 512K, 0% used [0x00000000d6f80000,0x00000000d6f80000,0x00000000d7000000)
 ParOldGen       total 68608K, used 19094K [0x0000000080000000, 0x0000000084300000, 0x00000000d5580000)
  object space 68608K, 27% used [0x0000000080000000,0x00000000812a59c0,0x0000000084300000)
 Metaspace       used 34814K, committed 35840K, reserved 1114112K
  class space    used 3616K, committed 4032K, reserved 1048576K
}
Event: 14.375 GC heap before
{Heap before GC invocations=16 (full 2):
 PSYoungGen      total 23552K, used 22016K [0x00000000d5580000, 0x00000000d7000000, 0x0000000100000000)
  eden space 22016K, 100% used [0x00000000d5580000,0x00000000d6b00000,0x00000000d6b00000)
  from space 1536K, 0% used [0x00000000d6e00000,0x00000000d6e00000,0x00000000d6f80000)
  to   space 512K, 0% used [0x00000000d6f80000,0x00000000d6f80000,0x00000000d7000000)
 ParOldGen       total 68608K, used 19094K [0x0000000080000000, 0x0000000084300000, 0x00000000d5580000)
  object space 68608K, 27% used [0x0000000080000000,0x00000000812a59c0,0x0000000084300000)
 Metaspace       used 37202K, committed 38272K, reserved 1114112K
  class space    used 3891K, committed 4352K, reserved 1048576K
}
Event: 14.379 GC heap after
{Heap after GC invocations=16 (full 2):
 PSYoungGen      total 22528K, used 499K [0x00000000d5580000, 0x00000000d7300000, 0x0000000100000000)
  eden space 22016K, 0% used [0x00000000d5580000,0x00000000d5580000,0x00000000d6b00000)
  from space 512K, 97% used [0x00000000d6f80000,0x00000000d6ffcc20,0x00000000d7000000)
  to   space 4096K, 0% used [0x00000000d6b00000,0x00000000d6b00000,0x00000000d6f00000)
 ParOldGen       total 68608K, used 22077K [0x0000000080000000, 0x0000000084300000, 0x00000000d5580000)
  object space 68608K, 32% used [0x0000000080000000,0x000000008158f450,0x0000000084300000)
 Metaspace       used 37202K, committed 38272K, reserved 1114112K
  class space    used 3891K, committed 4352K, reserved 1048576K
}
Event: 14.905 GC heap before
{Heap before GC invocations=17 (full 2):
 PSYoungGen      total 22528K, used 22515K [0x00000000d5580000, 0x00000000d7300000, 0x0000000100000000)
  eden space 22016K, 100% used [0x00000000d5580000,0x00000000d6b00000,0x00000000d6b00000)
  from space 512K, 97% used [0x00000000d6f80000,0x00000000d6ffcc20,0x00000000d7000000)
  to   space 4096K, 0% used [0x00000000d6b00000,0x00000000d6b00000,0x00000000d6f00000)
 ParOldGen       total 68608K, used 22077K [0x0000000080000000, 0x0000000084300000, 0x00000000d5580000)
  object space 68608K, 32% used [0x0000000080000000,0x000000008158f450,0x0000000084300000)
 Metaspace       used 40193K, committed 41344K, reserved 1114112K
  class space    used 4266K, committed 4736K, reserved 1048576K
}
Event: 14.909 GC heap after
{Heap after GC invocations=17 (full 2):
 PSYoungGen      total 23552K, used 1392K [0x00000000d5580000, 0x00000000d7000000, 0x0000000100000000)
  eden space 22016K, 0% used [0x00000000d5580000,0x00000000d5580000,0x00000000d6b00000)
  from space 1536K, 90% used [0x00000000d6b00000,0x00000000d6c5c010,0x00000000d6c80000)
  to   space 2560K, 0% used [0x00000000d6d80000,0x00000000d6d80000,0x00000000d7000000)
 ParOldGen       total 68608K, used 22517K [0x0000000080000000, 0x0000000084300000, 0x00000000d5580000)
  object space 68608K, 32% used [0x0000000080000000,0x00000000815fd450,0x0000000084300000)
 Metaspace       used 40193K, committed 41344K, reserved 1114112K
  class space    used 4266K, committed 4736K, reserved 1048576K
}
Event: 16.211 GC heap before
{Heap before GC invocations=18 (full 2):
 PSYoungGen      total 23552K, used 23408K [0x00000000d5580000, 0x00000000d7000000, 0x0000000100000000)
  eden space 22016K, 100% used [0x00000000d5580000,0x00000000d6b00000,0x00000000d6b00000)
  from space 1536K, 90% used [0x00000000d6b00000,0x00000000d6c5c010,0x00000000d6c80000)
  to   space 2560K, 0% used [0x00000000d6d80000,0x00000000d6d80000,0x00000000d7000000)
 ParOldGen       total 68608K, used 22517K [0x0000000080000000, 0x0000000084300000, 0x00000000d5580000)
  object space 68608K, 32% used [0x0000000080000000,0x00000000815fd450,0x0000000084300000)
 Metaspace       used 43241K, committed 44352K, reserved 1114112K
  class space    used 4647K, committed 5056K, reserved 1048576K
}
Event: 16.219 GC heap after
{Heap after GC invocations=18 (full 2):
 PSYoungGen      total 23552K, used 1258K [0x00000000d5580000, 0x00000000d6f00000, 0x0000000100000000)
  eden space 22016K, 0% used [0x00000000d5580000,0x00000000d5580000,0x00000000d6b00000)
  from space 1536K, 81% used [0x00000000d6d80000,0x00000000d6ebab48,0x00000000d6f00000)
  to   space 1536K, 0% used [0x00000000d6b00000,0x00000000d6b00000,0x00000000d6c80000)
 ParOldGen       total 68608K, used 23754K [0x0000000080000000, 0x0000000084300000, 0x00000000d5580000)
  object space 68608K, 34% used [0x0000000080000000,0x0000000081732880,0x0000000084300000)
 Metaspace       used 43241K, committed 44352K, reserved 1114112K
  class space    used 4647K, committed 5056K, reserved 1048576K
}
Event: 16.841 GC heap before
{Heap before GC invocations=19 (full 2):
 PSYoungGen      total 23552K, used 23168K [0x00000000d5580000, 0x00000000d6f00000, 0x0000000100000000)
  eden space 22016K, 99% used [0x00000000d5580000,0x00000000d6ae5778,0x00000000d6b00000)
  from space 1536K, 81% used [0x00000000d6d80000,0x00000000d6ebab48,0x00000000d6f00000)
  to   space 1536K, 0% used [0x00000000d6b00000,0x00000000d6b00000,0x00000000d6c80000)
 ParOldGen       total 68608K, used 23754K [0x0000000080000000, 0x0000000084300000, 0x00000000d5580000)
  object space 68608K, 34% used [0x0000000080000000,0x0000000081732880,0x0000000084300000)
 Metaspace       used 45667K, committed 46848K, reserved 1114112K
  class space    used 4936K, committed 5440K, reserved 1048576K
}
Event: 16.848 GC heap after
{Heap after GC invocations=19 (full 2):
 PSYoungGen      total 23552K, used 1519K [0x00000000d5580000, 0x00000000d7100000, 0x0000000100000000)
  eden space 22016K, 0% used [0x00000000d5580000,0x00000000d5580000,0x00000000d6b00000)
  from space 1536K, 98% used [0x00000000d6b00000,0x00000000d6c7bdf8,0x00000000d6c80000)
  to   space 3072K, 0% used [0x00000000d6e00000,0x00000000d6e00000,0x00000000d7100000)
 ParOldGen       total 68608K, used 24810K [0x0000000080000000, 0x0000000084300000, 0x00000000d5580000)
  object space 68608K, 36% used [0x0000000080000000,0x000000008183ab50,0x0000000084300000)
 Metaspace       used 45667K, committed 46848K, reserved 1114112K
  class space    used 4936K, committed 5440K, reserved 1048576K
}
Event: 17.701 GC heap before
{Heap before GC invocations=20 (full 2):
 PSYoungGen      total 23552K, used 23535K [0x00000000d5580000, 0x00000000d7100000, 0x0000000100000000)
  eden space 22016K, 100% used [0x00000000d5580000,0x00000000d6b00000,0x00000000d6b00000)
  from space 1536K, 98% used [0x00000000d6b00000,0x00000000d6c7bdf8,0x00000000d6c80000)
  to   space 3072K, 0% used [0x00000000d6e00000,0x00000000d6e00000,0x00000000d7100000)
 ParOldGen       total 68608K, used 24810K [0x0000000080000000, 0x0000000084300000, 0x00000000d5580000)
  object space 68608K, 36% used [0x0000000080000000,0x000000008183ab50,0x0000000084300000)
 Metaspace       used 47543K, committed 48768K, reserved 1114112K
  class space    used 5187K, committed 5696K, reserved 1048576K
}
Event: 17.705 GC heap after
{Heap after GC invocations=20 (full 2):
 PSYoungGen      total 22016K, used 3049K [0x00000000d5580000, 0x00000000d7700000, 0x0000000100000000)
  eden space 18944K, 0% used [0x00000000d5580000,0x00000000d5580000,0x00000000d6800000)
  from space 3072K, 99% used [0x00000000d6e00000,0x00000000d70fa7c0,0x00000000d7100000)
  to   space 6144K, 0% used [0x00000000d6800000,0x00000000d6800000,0x00000000d6e00000)
 ParOldGen       total 68608K, used 27081K [0x0000000080000000, 0x0000000084300000, 0x00000000d5580000)
  object space 68608K, 39% used [0x0000000080000000,0x0000000081a725f8,0x0000000084300000)
 Metaspace       used 47543K, committed 48768K, reserved 1114112K
  class space    used 5187K, committed 5696K, reserved 1048576K
}
Event: 18.384 GC heap before
{Heap before GC invocations=21 (full 2):
 PSYoungGen      total 22016K, used 21993K [0x00000000d5580000, 0x00000000d7700000, 0x0000000100000000)
  eden space 18944K, 100% used [0x00000000d5580000,0x00000000d6800000,0x00000000d6800000)
  from space 3072K, 99% used [0x00000000d6e00000,0x00000000d70fa7c0,0x00000000d7100000)
  to   space 6144K, 0% used [0x00000000d6800000,0x00000000d6800000,0x00000000d6e00000)
 ParOldGen       total 68608K, used 27081K [0x0000000080000000, 0x0000000084300000, 0x00000000d5580000)
  object space 68608K, 39% used [0x0000000080000000,0x0000000081a725f8,0x0000000084300000)
 Metaspace       used 48921K, committed 50048K, reserved 1114112K
  class space    used 5379K, committed 5888K, reserved 1048576K
}
Event: 18.389 GC heap after
{Heap after GC invocations=21 (full 2):
 PSYoungGen      total 24064K, used 4672K [0x00000000d5580000, 0x00000000d7200000, 0x0000000100000000)
  eden space 18944K, 0% used [0x00000000d5580000,0x00000000d5580000,0x00000000d6800000)
  from space 5120K, 91% used [0x00000000d6800000,0x00000000d6c90000,0x00000000d6d00000)
  to   space 5120K, 0% used [0x00000000d6d00000,0x00000000d6d00000,0x00000000d7200000)
 ParOldGen       total 68608K, used 29487K [0x0000000080000000, 0x0000000084300000, 0x00000000d5580000)
  object space 68608K, 42% used [0x0000000080000000,0x0000000081ccbe38,0x0000000084300000)
 Metaspace       used 48921K, committed 50048K, reserved 1114112K
  class space    used 5379K, committed 5888K, reserved 1048576K
}
Event: 18.977 GC heap before
{Heap before GC invocations=22 (full 2):
 PSYoungGen      total 24064K, used 23614K [0x00000000d5580000, 0x00000000d7200000, 0x0000000100000000)
  eden space 18944K, 99% used [0x00000000d5580000,0x00000000d67ff8e8,0x00000000d6800000)
  from space 5120K, 91% used [0x00000000d6800000,0x00000000d6c90000,0x00000000d6d00000)
  to   space 5120K, 0% used [0x00000000d6d00000,0x00000000d6d00000,0x00000000d7200000)
 ParOldGen       total 68608K, used 29487K [0x0000000080000000, 0x0000000084300000, 0x00000000d5580000)
  object space 68608K, 42% used [0x0000000080000000,0x0000000081ccbe38,0x0000000084300000)
 Metaspace       used 50958K, committed 52224K, reserved 1114112K
  class space    used 5617K, committed 6144K, reserved 1048576K
}
Event: 18.984 GC heap after
{Heap after GC invocations=22 (full 2):
 PSYoungGen      total 20480K, used 1216K [0x00000000d5580000, 0x00000000d6e80000, 0x0000000100000000)
  eden space 18944K, 0% used [0x00000000d5580000,0x00000000d5580000,0x00000000d6800000)
  from space 1536K, 79% used [0x00000000d6d00000,0x00000000d6e30010,0x00000000d6e80000)
  to   space 2560K, 0% used [0x00000000d6980000,0x00000000d6980000,0x00000000d6c00000)
 ParOldGen       total 68608K, used 34067K [0x0000000080000000, 0x0000000084300000, 0x00000000d5580000)
  object space 68608K, 49% used [0x0000000080000000,0x0000000082144fa8,0x0000000084300000)
 Metaspace       used 50958K, committed 52224K, reserved 1114112K
  class space    used 5617K, committed 6144K, reserved 1048576K
}
Event: 20.501 GC heap before
{Heap before GC invocations=23 (full 2):
 PSYoungGen      total 20480K, used 20160K [0x00000000d5580000, 0x00000000d6e80000, 0x0000000100000000)
  eden space 18944K, 100% used [0x00000000d5580000,0x00000000d6800000,0x00000000d6800000)
  from space 1536K, 79% used [0x00000000d6d00000,0x00000000d6e30010,0x00000000d6e80000)
  to   space 2560K, 0% used [0x00000000d6980000,0x00000000d6980000,0x00000000d6c00000)
 ParOldGen       total 68608K, used 34067K [0x0000000080000000, 0x0000000084300000, 0x00000000d5580000)
  object space 68608K, 49% used [0x0000000080000000,0x0000000082144fa8,0x0000000084300000)
 Metaspace       used 52892K, committed 54208K, reserved 1114112K
  class space    used 5823K, committed 6400K, reserved 1048576K
}
Event: 20.507 GC heap after
{Heap after GC invocations=23 (full 2):
 PSYoungGen      total 21504K, used 1143K [0x00000000d5580000, 0x00000000d6d80000, 0x0000000100000000)
  eden space 18944K, 0% used [0x00000000d5580000,0x00000000d5580000,0x00000000d6800000)
  from space 2560K, 44% used [0x00000000d6980000,0x00000000d6a9ddc0,0x00000000d6c00000)
  to   space 1536K, 0% used [0x00000000d6c00000,0x00000000d6c00000,0x00000000d6d80000)
 ParOldGen       total 68608K, used 35063K [0x0000000080000000, 0x0000000084300000, 0x00000000d5580000)
  object space 68608K, 51% used [0x0000000080000000,0x000000008223de00,0x0000000084300000)
 Metaspace       used 52892K, committed 54208K, reserved 1114112K
  class space    used 5823K, committed 6400K, reserved 1048576K
}

Dll operation events (12 events):
Event: 0.044 Loaded shared library c:\Users\dives\.vscode\extensions\redhat.java-1.53.0-win32-x64\jre\21.0.10-win32-x86_64\bin\java.dll
Event: 0.233 Loaded shared library c:\Users\dives\.vscode\extensions\redhat.java-1.53.0-win32-x64\jre\21.0.10-win32-x86_64\bin\zip.dll
Event: 0.298 Loaded shared library C:\Users\dives\.vscode\extensions\redhat.java-1.53.0-win32-x64\jre\21.0.10-win32-x86_64\bin\instrument.dll
Event: 0.308 Loaded shared library C:\Users\dives\.vscode\extensions\redhat.java-1.53.0-win32-x64\jre\21.0.10-win32-x86_64\bin\net.dll
Event: 0.312 Loaded shared library C:\Users\dives\.vscode\extensions\redhat.java-1.53.0-win32-x64\jre\21.0.10-win32-x86_64\bin\nio.dll
Event: 0.319 Loaded shared library C:\Users\dives\.vscode\extensions\redhat.java-1.53.0-win32-x64\jre\21.0.10-win32-x86_64\bin\zip.dll
Event: 0.391 Loaded shared library C:\Users\dives\.vscode\extensions\redhat.java-1.53.0-win32-x64\jre\21.0.10-win32-x86_64\bin\jimage.dll
Event: 0.588 Loaded shared library c:\Users\dives\.vscode\extensions\redhat.java-1.53.0-win32-x64\jre\21.0.10-win32-x86_64\bin\verify.dll
Event: 4.740 Loaded shared library C:\Users\dives\AppData\Roaming\Code\User\globalStorage\redhat.java\1.53.0\config_win\org.eclipse.equinox.launcher\org.eclipse.equinox.launcher.win32.win32.x86_64_1.3.0.v20260203-2149\eclipse_11919.dll
Event: 8.518 Loaded shared library C:\Users\dives\AppData\Local\Temp\jna-95596799\jna13850194308787207027.dll
Event: 14.615 Loaded shared library C:\Users\dives\.vscode\extensions\redhat.java-1.53.0-win32-x64\jre\21.0.10-win32-x86_64\bin\sunmscapi.dll
Event: 15.270 Loaded shared library C:\Users\dives\.vscode\extensions\redhat.java-1.53.0-win32-x64\jre\21.0.10-win32-x86_64\bin\extnet.dll

Deoptimization events (20 events):
Event: 20.187 Thread 0x00000284f68f8650 Uncommon trap: trap_request=0xffffff45 fr.pc=0x00000284a00dc108 relative=0x00000000000001e8
Event: 20.187 Thread 0x00000284f68f8650 Uncommon trap: reason=unstable_if action=reinterpret pc=0x00000284a00dc108 method=org.eclipse.core.runtime.Path.computeLength()I @ 92 c2
Event: 20.187 Thread 0x00000284f68f8650 DEOPT PACKING pc=0x00000284a00dc108 sp=0x000000a002dfe580
Event: 20.187 Thread 0x00000284f68f8650 DEOPT UNPACKING pc=0x000002849f856da2 sp=0x000000a002dfe508 mode 2
Event: 20.201 Thread 0x00000284f68f9a00 DEOPT PACKING pc=0x0000028498331e86 sp=0x000000a002ffe7c0
Event: 20.201 Thread 0x00000284f68f9a00 DEOPT UNPACKING pc=0x000002849f8578e2 sp=0x000000a002ffdcb0 mode 0
Event: 20.324 Thread 0x00000284f577c890 DEOPT PACKING pc=0x00000284986b32d9 sp=0x000000a0033fa140
Event: 20.324 Thread 0x00000284f577c890 DEOPT UNPACKING pc=0x000002849f8578e2 sp=0x000000a0033f95c8 mode 0
Event: 20.507 Thread 0x00000284f3201c90 Uncommon trap: trap_request=0xffffff54 fr.pc=0x000002849fff806c relative=0x000000000000074c
Event: 20.507 Thread 0x00000284f3201c90 Uncommon trap: reason=speculate_null_assert action=make_not_entrant pc=0x000002849fff806c method=org.eclipse.osgi.internal.container.KeyBasedLockStore.getLock(Ljava/lang/Object;)Ljava/lang/Object; @ 71 c2
Event: 20.507 Thread 0x00000284f3201c90 DEOPT PACKING pc=0x000002849fff806c sp=0x000000a001dfc6a0
Event: 20.507 Thread 0x00000284f3201c90 DEOPT UNPACKING pc=0x000002849f856da2 sp=0x000000a001dfc520 mode 2
Event: 20.513 Thread 0x00000284f3201c90 Uncommon trap: trap_request=0xffffff45 fr.pc=0x00000284a00c9a20 relative=0x00000000000005c0
Event: 20.514 Thread 0x00000284f3201c90 Uncommon trap: reason=unstable_if action=reinterpret pc=0x00000284a00c9a20 method=java.util.concurrent.ConcurrentHashMap.replaceNode(Ljava/lang/Object;Ljava/lang/Object;Ljava/lang/Object;)Ljava/lang/Object; @ 167 c2
Event: 20.514 Thread 0x00000284f3201c90 DEOPT PACKING pc=0x00000284a00c9a20 sp=0x000000a001dfcdc0
Event: 20.514 Thread 0x00000284f3201c90 DEOPT UNPACKING pc=0x000002849f856da2 sp=0x000000a001dfcd28 mode 2
Event: 20.704 Thread 0x00000284f68f9a00 Uncommon trap: trap_request=0xfffffff4 fr.pc=0x00000284a00b0f88 relative=0x0000000000000348
Event: 20.704 Thread 0x00000284f68f9a00 Uncommon trap: reason=null_check action=make_not_entrant pc=0x00000284a00b0f88 method=sun.invoke.util.VerifyType.isNullConversion(Ljava/lang/Class;Ljava/lang/Class;Z)Z @ 67 c2
Event: 20.704 Thread 0x00000284f68f9a00 DEOPT PACKING pc=0x00000284a00b0f88 sp=0x000000a002ffd1c0
Event: 20.704 Thread 0x00000284f68f9a00 DEOPT UNPACKING pc=0x000002849f856da2 sp=0x000000a002ffd140 mode 2

Classes loaded (20 events):
Event: 20.702 Loading class sun/nio/ch/FileChannelImpl$DefaultUnmapper
Event: 20.703 Loading class sun/nio/ch/FileChannelImpl$Unmapper
Event: 20.703 Loading class jdk/internal/access/foreign/UnmapperProxy
Event: 20.703 Loading class jdk/internal/access/foreign/UnmapperProxy done
Event: 20.703 Loading class sun/nio/ch/FileChannelImpl$Unmapper done
Event: 20.703 Loading class sun/nio/ch/FileChannelImpl$DefaultUnmapper done
Event: 20.703 Loading class sun/nio/ch/Util$4
Event: 20.703 Loading class sun/nio/ch/Util$4 done
Event: 20.755 Loading class java/nio/file/ClosedDirectoryStreamException
Event: 20.755 Loading class java/nio/file/ClosedDirectoryStreamException done
Event: 20.756 Loading class jdk/internal/jrtfs/JrtFileSystem
Event: 20.756 Loading class jdk/internal/jrtfs/JrtFileSystem done
Event: 20.756 Loading class jdk/internal/jrtfs/JrtPath
Event: 20.757 Loading class jdk/internal/jrtfs/JrtPath done
Event: 20.757 Loading class jdk/internal/jimage/ImageReader$Node
Event: 20.758 Loading class jdk/internal/jimage/ImageReader$Node done
Event: 20.775 Loading class java/nio/ByteBufferAsIntBufferL
Event: 20.775 Loading class java/nio/ByteBufferAsIntBufferL done
Event: 20.794 Loading class jdk/internal/jimage/ImageReader$Directory
Event: 20.794 Loading class jdk/internal/jimage/ImageReader$Directory done

Classes unloaded (7 events):
Event: 9.898 Thread 0x0000028495180070 Unloading class 0x00000284ad1a5000 'java/lang/invoke/LambdaForm$MH+0x00000284ad1a5000'
Event: 9.898 Thread 0x0000028495180070 Unloading class 0x00000284ad1a4c00 'java/lang/invoke/LambdaForm$MH+0x00000284ad1a4c00'
Event: 9.898 Thread 0x0000028495180070 Unloading class 0x00000284ad1a4800 'java/lang/invoke/LambdaForm$MH+0x00000284ad1a4800'
Event: 9.898 Thread 0x0000028495180070 Unloading class 0x00000284ad1a4400 'java/lang/invoke/LambdaForm$MH+0x00000284ad1a4400'
Event: 9.898 Thread 0x0000028495180070 Unloading class 0x00000284ad1a4000 'java/lang/invoke/LambdaForm$BMH+0x00000284ad1a4000'
Event: 9.898 Thread 0x0000028495180070 Unloading class 0x00000284ad1a3c00 'java/lang/invoke/LambdaForm$DMH+0x00000284ad1a3c00'
Event: 9.898 Thread 0x0000028495180070 Unloading class 0x00000284ad1a2800 'java/lang/invoke/LambdaForm$DMH+0x00000284ad1a2800'

Classes redefined (0 events):
No events

Internal exceptions (20 events):
Event: 19.482 Thread 0x00000284f68f7930 Exception <a 'sun/nio/fs/WindowsException'{0x00000000d5ba6550}> (0x00000000d5ba6550) 
thrown [s\src\hotspot\share\prims\jni.cpp, line 520]
Event: 19.483 Thread 0x00000284f68f7930 Exception <a 'sun/nio/fs/WindowsException'{0x00000000d5ba72c0}> (0x00000000d5ba72c0) 
thrown [s\src\hotspot\share\prims\jni.cpp, line 520]
Event: 19.483 Thread 0x00000284f68f7930 Exception <a 'sun/nio/fs/WindowsException'{0x00000000d5ba79b0}> (0x00000000d5ba79b0) 
thrown [s\src\hotspot\share\prims\jni.cpp, line 520]
Event: 19.483 Thread 0x00000284f68f7930 Exception <a 'sun/nio/fs/WindowsException'{0x00000000d5ba87a8}> (0x00000000d5ba87a8) 
thrown [s\src\hotspot\share\prims\jni.cpp, line 520]
Event: 19.483 Thread 0x00000284f68f7930 Exception <a 'sun/nio/fs/WindowsException'{0x00000000d5ba8e98}> (0x00000000d5ba8e98) 
thrown [s\src\hotspot\share\prims\jni.cpp, line 520]
Event: 19.908 Thread 0x00000284f68f7930 Exception <a 'java/lang/IncompatibleClassChangeError'{0x00000000d5d969b8}: Found class java.lang.Object, but interface was expected> (0x00000000d5d969b8) 
thrown [s\src\hotspot\share\interpreter\linkResolver.cpp, line 840]
Event: 20.064 Thread 0x00000284f3201c90 Exception <a 'java/io/FileNotFoundException'{0x00000000d6341028}> (0x00000000d6341028) 
thrown [s\src\hotspot\share\prims\jni.cpp, line 520]
Event: 20.066 Thread 0x00000284f3201c90 Exception <a 'java/io/FileNotFoundException'{0x00000000d6342028}> (0x00000000d6342028) 
thrown [s\src\hotspot\share\prims\jni.cpp, line 520]
Event: 20.067 Thread 0x00000284f3201c90 Exception <a 'java/io/FileNotFoundException'{0x00000000d6342ff0}> (0x00000000d6342ff0) 
thrown [s\src\hotspot\share\prims\jni.cpp, line 520]
Event: 20.069 Thread 0x00000284f68f9a00 Implicit null exception at 0x00000284a0057064 to 0x00000284a0057ef4
Event: 20.081 Thread 0x00000284f68f7930 Exception <a 'java/lang/IncompatibleClassChangeError'{0x00000000d5df7e90}: Found class java.lang.Object, but interface was expected> (0x00000000d5df7e90) 
thrown [s\src\hotspot\share\interpreter\linkResolver.cpp, line 840]
Event: 20.188 Thread 0x00000284f68f7930 Exception <a 'java/lang/IncompatibleClassChangeError'{0x00000000d64cb170}: Found class java.lang.Object, but interface was expected> (0x00000000d64cb170) 
thrown [s\src\hotspot\share\interpreter\linkResolver.cpp, line 840]
Event: 20.240 Thread 0x00000284f68f9a00 Exception <a 'java/lang/NoSuchMethodError'{0x00000000d6585a90}: 'java.lang.Object java.lang.invoke.DirectMethodHandle$Holder.invokeStaticInit(java.lang.Object, java.lang.Object, java.lang.Object)'> (0x00000000d6585a90) 
thrown [s\src\hotspot\share\interpreter\linkResolver.cpp, line 773]
Event: 20.515 Thread 0x00000284f3201c90 Exception <a 'java/io/FileNotFoundException'{0x00000000d55a12f0}> (0x00000000d55a12f0) 
thrown [s\src\hotspot\share\prims\jni.cpp, line 520]
Event: 20.621 Thread 0x00000284f3201c90 Exception <a 'sun/nio/fs/WindowsException'{0x00000000d5770d68}> (0x00000000d5770d68) 
thrown [s\src\hotspot\share\prims\jni.cpp, line 520]
Event: 20.621 Thread 0x00000284f3201c90 Exception <a 'sun/nio/fs/WindowsException'{0x00000000d5771398}> (0x00000000d5771398) 
thrown [s\src\hotspot\share\prims\jni.cpp, line 520]
Event: 20.622 Thread 0x00000284f3201c90 Exception <a 'sun/nio/fs/WindowsException'{0x00000000d57721d0}> (0x00000000d57721d0) 
thrown [s\src\hotspot\share\prims\jni.cpp, line 520]
Event: 20.622 Thread 0x00000284f3201c90 Exception <a 'sun/nio/fs/WindowsException'{0x00000000d5772800}> (0x00000000d5772800) 
thrown [s\src\hotspot\share\prims\jni.cpp, line 520]
Event: 20.704 Thread 0x00000284f68f9a00 Implicit null exception at 0x00000284a00b0ca6 to 0x00000284a00b0f74
Event: 20.705 Thread 0x00000284f68f9a00 Exception <a 'java/lang/NoSuchMethodError'{0x00000000d58674a8}: 'java.lang.Object java.lang.invoke.DelegatingMethodHandle$Holder.reinvoke_L(java.lang.Object, int, long, java.lang.Object, java.lang.Object, int, java.lang.Object)'> (0x00000000d58674a8) 
thrown [s\src\hotspot\share\interpreter\linkResolver.cpp, line 773]

ZGC Phase Switch (0 events):
No events

VM Operations (20 events):
Event: 18.389 Executing safepoint VM operation: ParallelGCFailedAllocation (Allocation Failure) done
Event: 18.976 Executing safepoint VM operation: ParallelGCFailedAllocation (Allocation Failure)
Event: 18.984 Executing safepoint VM operation: ParallelGCFailedAllocation (Allocation Failure) done
Event: 19.225 Executing non-safepoint VM operation: HandshakeAllThreads (Deoptimize)
Event: 19.225 Executing non-safepoint VM operation: HandshakeAllThreads (Deoptimize) done
Event: 19.526 Executing non-safepoint VM operation: HandshakeAllThreads (Deoptimize)
Event: 19.527 Executing non-safepoint VM operation: HandshakeAllThreads (Deoptimize) done
Event: 19.531 Executing non-safepoint VM operation: HandshakeAllThreads (Deoptimize)
Event: 19.531 Executing non-safepoint VM operation: HandshakeAllThreads (Deoptimize) done
Event: 20.376 Executing non-safepoint VM operation: HandshakeAllThreads (Deoptimize)
Event: 20.462 Executing non-safepoint VM operation: HandshakeAllThreads (Deoptimize) done
Event: 20.462 Executing safepoint VM operation: Cleanup
Event: 20.479 Executing safepoint VM operation: Cleanup done
Event: 20.500 Executing safepoint VM operation: ParallelGCFailedAllocation (Allocation Failure)
Event: 20.507 Executing safepoint VM operation: ParallelGCFailedAllocation (Allocation Failure) done
Event: 20.652 Executing non-safepoint VM operation: HandshakeAllThreads (Deoptimize)
Event: 20.652 Executing non-safepoint VM operation: HandshakeAllThreads (Deoptimize) done
Event: 20.778 Executing non-safepoint VM operation: HandshakeAllThreads (Deoptimize)
Event: 20.778 Executing non-safepoint VM operation: HandshakeAllThreads (Deoptimize) done
Event: 21.779 Executing safepoint VM operation: Cleanup

Memory protections (0 events):
No events

Nmethod flushes (20 events):
Event: 13.949 Thread 0x0000028495180070 flushing  nmethod 0x0000028498924b10
Event: 13.949 Thread 0x0000028495180070 flushing  nmethod 0x0000028498926510
Event: 13.949 Thread 0x0000028495180070 flushing  nmethod 0x0000028498926c90
Event: 13.949 Thread 0x0000028495180070 flushing  nmethod 0x0000028498928d90
Event: 13.949 Thread 0x0000028495180070 flushing  nmethod 0x0000028498929a90
Event: 13.949 Thread 0x0000028495180070 flushing  nmethod 0x000002849892a490
Event: 13.949 Thread 0x0000028495180070 flushing  nmethod 0x000002849892a890
Event: 13.949 Thread 0x0000028495180070 flushing  nmethod 0x000002849892b510
Event: 13.949 Thread 0x0000028495180070 flushing  nmethod 0x000002849892be90
Event: 13.949 Thread 0x0000028495180070 flushing  nmethod 0x000002849892c690
Event: 13.949 Thread 0x0000028495180070 flushing  nmethod 0x0000028498965410
Event: 13.949 Thread 0x0000028495180070 flushing  nmethod 0x0000028498968010
Event: 13.949 Thread 0x0000028495180070 flushing  nmethod 0x0000028498970390
Event: 13.949 Thread 0x0000028495180070 flushing  nmethod 0x0000028498977e90
Event: 13.949 Thread 0x0000028495180070 flushing  nmethod 0x00000284989bdc90
Event: 13.949 Thread 0x0000028495180070 flushing  nmethod 0x00000284989d4390
Event: 13.949 Thread 0x0000028495180070 flushing  nmethod 0x00000284989e5290
Event: 13.949 Thread 0x0000028495180070 flushing  nmethod 0x0000028498a29c90
Event: 13.949 Thread 0x0000028495180070 flushing  nmethod 0x0000028498a2a110
Event: 13.949 Thread 0x0000028495180070 flushing  nmethod 0x0000028498a2e710

Events (20 events):
Event: 14.174 Thread 0x0000028492e36650 Thread added: 0x00000284f68f3100
Event: 14.174 Thread 0x0000028492e36650 Thread added: 0x00000284f68f6580
Event: 14.174 Thread 0x0000028492e36650 Thread added: 0x00000284f68f51d0
Event: 14.174 Thread 0x0000028492e36650 Thread added: 0x00000284f68f6c10
Event: 14.174 Thread 0x0000028492e36650 Thread added: 0x00000284f68f44b0
Event: 14.174 Thread 0x0000028492e36650 Thread added: 0x00000284f68f3790
Event: 14.228 Thread 0x0000028492e36650 Thread added: 0x00000284f68f72a0
Event: 15.193 Thread 0x0000028492e36650 Thread added: 0x00000284f68f3e20
Event: 15.193 Thread 0x0000028492e36650 Thread added: 0x00000284f68f7930
Event: 16.673 Thread 0x00000284f3200f70 Thread added: 0x00000284f68f9370
Event: 16.679 Thread 0x00000284f68f9370 Thread exited: 0x00000284f68f9370
Event: 16.862 Thread 0x00000284f3200f70 Thread added: 0x00000284f68f7fc0
Event: 17.668 Thread 0x00000284f32036d0 Thread added: 0x00000284f68f8650
Event: 17.668 Thread 0x00000284f32036d0 Thread added: 0x00000284f68f8ce0
Event: 17.670 Thread 0x00000284f68f8650 Thread added: 0x00000284f68f9a00
Event: 17.670 Thread 0x00000284f68f8ce0 Thread added: 0x00000284f68fa720
Event: 17.670 Thread 0x00000284f68f9a00 Thread added: 0x00000284f68f9370
Event: 17.672 Thread 0x00000284f68f9370 Thread added: 0x00000284f68fa090
Event: 17.672 Thread 0x00000284f68fa090 Thread added: 0x00000284f577c890
Event: 20.921 Thread 0x00000284f34181e0 Thread exited: 0x00000284f34181e0


Dynamic libraries:
0x00007ff75ae00000 - 0x00007ff75ae0e000 	c:\Users\dives\.vscode\extensions\redhat.java-1.53.0-win32-x64\jre\21.0.10-win32-x86_64\bin\java.exe
0x00007ffc94220000 - 0x00007ffc94487000 	C:\WINDOWS\SYSTEM32\ntdll.dll
0x00007ffc93020000 - 0x00007ffc930e9000 	C:\WINDOWS\System32\KERNEL32.DLL
0x00007ffc90e80000 - 0x00007ffc91271000 	C:\WINDOWS\System32\KERNELBASE.dll
0x00007ffc8dd10000 - 0x00007ffc8ddaf000 	C:\WINDOWS\SYSTEM32\apphelp.dll
0x00007ffc90b30000 - 0x00007ffc90c7b000 	C:\WINDOWS\System32\ucrtbase.dll
0x00007ffc825e0000 - 0x00007ffc825f8000 	c:\Users\dives\.vscode\extensions\redhat.java-1.53.0-win32-x64\jre\21.0.10-win32-x86_64\bin\jli.dll
0x00007ffc92830000 - 0x00007ffc929f5000 	C:\WINDOWS\System32\USER32.dll
0x00007ffc8dea0000 - 0x00007ffc8debe000 	c:\Users\dives\.vscode\extensions\redhat.java-1.53.0-win32-x64\jre\21.0.10-win32-x86_64\bin\VCRUNTIME140.dll
0x00007ffc90b00000 - 0x00007ffc90b27000 	C:\WINDOWS\System32\win32u.dll
0x00007ffc791a0000 - 0x00007ffc79433000 	C:\WINDOWS\WinSxS\amd64_microsoft.windows.common-controls_6595b64144ccf1df_6.0.26100.8037_none_3e092faae333b53b\COMCTL32.dll
0x00007ffc93380000 - 0x00007ffc93429000 	C:\WINDOWS\System32\msvcrt.dll
0x00007ffc930f0000 - 0x00007ffc9311b000 	C:\WINDOWS\System32\GDI32.dll
0x00007ffc91570000 - 0x00007ffc9169b000 	C:\WINDOWS\System32\gdi32full.dll
0x00007ffc916a0000 - 0x00007ffc91743000 	C:\WINDOWS\System32\msvcp_win.dll
0x00007ffc92a00000 - 0x00007ffc92a31000 	C:\WINDOWS\System32\IMM32.DLL
0x00007ffc8b9e0000 - 0x00007ffc8b9ec000 	c:\Users\dives\.vscode\extensions\redhat.java-1.53.0-win32-x64\jre\21.0.10-win32-x86_64\bin\vcruntime140_1.dll
0x00007ffc24bf0000 - 0x00007ffc24c7d000 	c:\Users\dives\.vscode\extensions\redhat.java-1.53.0-win32-x64\jre\21.0.10-win32-x86_64\bin\msvcp140.dll
0x00007ffbf07a0000 - 0x00007ffbf1541000 	c:\Users\dives\.vscode\extensions\redhat.java-1.53.0-win32-x64\jre\21.0.10-win32-x86_64\bin\server\jvm.dll
0x00007ffc92570000 - 0x00007ffc9262b000 	C:\WINDOWS\System32\ADVAPI32.dll
0x00007ffc92220000 - 0x00007ffc922c7000 	C:\WINDOWS\System32\sechost.dll
0x00007ffc92a40000 - 0x00007ffc92b58000 	C:\WINDOWS\System32\RPCRT4.dll
0x00007ffc93300000 - 0x00007ffc93374000 	C:\WINDOWS\System32\WS2_32.dll
0x00007ffc90960000 - 0x00007ffc909be000 	C:\WINDOWS\SYSTEM32\POWRPROF.dll
0x00007ffc80e60000 - 0x00007ffc80e6b000 	C:\WINDOWS\SYSTEM32\VERSION.dll
0x00007ffc8bc20000 - 0x00007ffc8bc55000 	C:\WINDOWS\SYSTEM32\WINMM.dll
0x00007ffc90940000 - 0x00007ffc90954000 	C:\WINDOWS\SYSTEM32\UMPDC.dll
0x00007ffc8f890000 - 0x00007ffc8f8ab000 	C:\WINDOWS\SYSTEM32\kernel.appcore.dll
0x00007ffc82390000 - 0x00007ffc8239a000 	c:\Users\dives\.vscode\extensions\redhat.java-1.53.0-win32-x64\jre\21.0.10-win32-x86_64\bin\jimage.dll
0x00007ffc8e660000 - 0x00007ffc8e8a2000 	C:\WINDOWS\SYSTEM32\DBGHELP.DLL
0x00007ffc93c20000 - 0x00007ffc93fa2000 	C:\WINDOWS\System32\combase.dll
0x00007ffc93120000 - 0x00007ffc931f7000 	C:\WINDOWS\System32\OLEAUT32.dll
0x00007ffc8bbe0000 - 0x00007ffc8bc1b000 	C:\WINDOWS\SYSTEM32\dbgcore.DLL
0x00007ffc91340000 - 0x00007ffc913e5000 	C:\WINDOWS\System32\bcryptPrimitives.dll
0x00007ffc821c0000 - 0x00007ffc821cf000 	c:\Users\dives\.vscode\extensions\redhat.java-1.53.0-win32-x64\jre\21.0.10-win32-x86_64\bin\instrument.dll
0x00007ffc7f240000 - 0x00007ffc7f260000 	c:\Users\dives\.vscode\extensions\redhat.java-1.53.0-win32-x64\jre\21.0.10-win32-x86_64\bin\java.dll
0x00007ffc934b0000 - 0x00007ffc93c0f000 	C:\WINDOWS\System32\SHELL32.dll
0x00007ffc90c80000 - 0x00007ffc90dea000 	C:\WINDOWS\System32\wintypes.dll
0x00007ffc91750000 - 0x00007ffc91fb4000 	C:\WINDOWS\System32\windows.storage.dll
0x00007ffc926c0000 - 0x00007ffc927b7000 	C:\WINDOWS\System32\SHCORE.dll
0x00007ffc927c0000 - 0x00007ffc92827000 	C:\WINDOWS\System32\shlwapi.dll
0x00007ffc90a20000 - 0x00007ffc90a49000 	C:\WINDOWS\SYSTEM32\profapi.dll
0x00007ffc7cc90000 - 0x00007ffc7cca8000 	c:\Users\dives\.vscode\extensions\redhat.java-1.53.0-win32-x64\jre\21.0.10-win32-x86_64\bin\zip.dll
0x00007ffc821b0000 - 0x00007ffc821c0000 	C:\Users\dives\.vscode\extensions\redhat.java-1.53.0-win32-x64\jre\21.0.10-win32-x86_64\bin\net.dll
0x00007ffc8aba0000 - 0x00007ffc8acc7000 	C:\WINDOWS\SYSTEM32\WINHTTP.dll
0x00007ffc8fe00000 - 0x00007ffc8fe6b000 	C:\WINDOWS\system32\mswsock.dll
0x00007ffc7cac0000 - 0x00007ffc7cad6000 	C:\Users\dives\.vscode\extensions\redhat.java-1.53.0-win32-x64\jre\21.0.10-win32-x86_64\bin\nio.dll
0x00007ffc7e1c0000 - 0x00007ffc7e1d0000 	c:\Users\dives\.vscode\extensions\redhat.java-1.53.0-win32-x64\jre\21.0.10-win32-x86_64\bin\verify.dll
0x00007ffc52380000 - 0x00007ffc523c5000 	C:\Users\dives\AppData\Roaming\Code\User\globalStorage\redhat.java\1.53.0\config_win\org.eclipse.equinox.launcher\org.eclipse.equinox.launcher.win32.win32.x86_64_1.3.0.v20260203-2149\eclipse_11919.dll
0x00007ffc92350000 - 0x00007ffc924e5000 	C:\WINDOWS\System32\ole32.dll
0x00007ffc900e0000 - 0x00007ffc900fb000 	C:\WINDOWS\SYSTEM32\CRYPTSP.dll
0x00007ffc8f7f0000 - 0x00007ffc8f829000 	C:\WINDOWS\system32\rsaenh.dll
0x00007ffc8feb0000 - 0x00007ffc8fee2000 	C:\WINDOWS\SYSTEM32\USERENV.dll
0x00007ffc909f0000 - 0x00007ffc90a1a000 	C:\WINDOWS\SYSTEM32\bcrypt.dll
0x00007ffc90100000 - 0x00007ffc9010c000 	C:\WINDOWS\SYSTEM32\CRYPTBASE.dll
0x00007ffc8f260000 - 0x00007ffc8f293000 	C:\WINDOWS\SYSTEM32\IPHLPAPI.DLL
0x00007ffc93430000 - 0x00007ffc9343a000 	C:\WINDOWS\System32\NSI.dll
0x00007ffc24b50000 - 0x00007ffc24b99000 	C:\Users\dives\AppData\Local\Temp\jna-95596799\jna13850194308787207027.dll
0x00007ffc92210000 - 0x00007ffc92218000 	C:\WINDOWS\System32\PSAPI.DLL
0x00007ffc8ad30000 - 0x00007ffc8ad4d000 	C:\WINDOWS\SYSTEM32\dhcpcsvc6.DLL
0x00007ffc8ad00000 - 0x00007ffc8ad23000 	C:\WINDOWS\SYSTEM32\dhcpcsvc.DLL
0x00007ffc707d0000 - 0x00007ffc707de000 	C:\Users\dives\.vscode\extensions\redhat.java-1.53.0-win32-x64\jre\21.0.10-win32-x86_64\bin\sunmscapi.dll
0x00007ffc913f0000 - 0x00007ffc91567000 	C:\WINDOWS\System32\CRYPT32.dll
0x00007ffc90300000 - 0x00007ffc90330000 	C:\WINDOWS\SYSTEM32\ncrypt.dll
0x00007ffc902b0000 - 0x00007ffc902ef000 	C:\WINDOWS\SYSTEM32\NTASN1.dll
0x00007ffc8f2f0000 - 0x00007ffc8f41a000 	C:\WINDOWS\SYSTEM32\DNSAPI.dll
0x00007ffc827c0000 - 0x00007ffc827cb000 	C:\Windows\System32\rasadhlp.dll
0x00007ffc8b4b0000 - 0x00007ffc8b536000 	C:\WINDOWS\System32\fwpuclnt.dll
0x00007ffc6fb60000 - 0x00007ffc6fb69000 	C:\Users\dives\.vscode\extensions\redhat.java-1.53.0-win32-x64\jre\21.0.10-win32-x86_64\bin\extnet.dll

JVMTI agents:
c:\Users\dives\.vscode\extensions\redhat.java-1.53.0-win32-x64\lombok\lombok-1.18.39-4050.jar path:c:\Users\dives\.vscode\extensions\redhat.java-1.53.0-win32-x64\jre\21.0.10-win32-x86_64\bin\instrument.dll, loaded, initialized, instrumentlib options:none

dbghelp: loaded successfully - version: 4.0.5 - missing functions: none
symbol engine: initialized successfully - sym options: 0x614 - pdb path: .;c:\Users\dives\.vscode\extensions\redhat.java-1.53.0-win32-x64\jre\21.0.10-win32-x86_64\bin;C:\WINDOWS\SYSTEM32;C:\WINDOWS\WinSxS\amd64_microsoft.windows.common-controls_6595b64144ccf1df_6.0.26100.8037_none_3e092faae333b53b;c:\Users\dives\.vscode\extensions\redhat.java-1.53.0-win32-x64\jre\21.0.10-win32-x86_64\bin\server;C:\Users\dives\AppData\Roaming\Code\User\globalStorage\redhat.java\1.53.0\config_win\org.eclipse.equinox.launcher\org.eclipse.equinox.launcher.win32.win32.x86_64_1.3.0.v20260203-2149;C:\Users\dives\AppData\Local\Temp\jna-95596799

VM Arguments:
jvm_args: --add-modules=ALL-SYSTEM --add-opens=java.base/java.util=ALL-UNNAMED --add-opens=java.base/java.lang=ALL-UNNAMED --add-opens=java.base/sun.nio.fs=ALL-UNNAMED -Declipse.application=org.eclipse.jdt.ls.core.id1 -Dosgi.bundles.defaultStartLevel=4 -Declipse.product=org.eclipse.jdt.ls.core.product -Djava.import.generatesMetadataFilesAtProjectRoot=false -DDetectVMInstallationsJob.disabled=true -Dfile.encoding=utf8 -XX:+UseParallelGC -XX:GCTimeRatio=4 -XX:AdaptiveSizePolicyWeight=90 -Dsun.zip.disableMemoryMapping=true -Xmx2G -Xms100m -Xlog:disable -javaagent:c:\Users\dives\.vscode\extensions\redhat.java-1.53.0-win32-x64\lombok\lombok-1.18.39-4050.jar -XX:+HeapDumpOnOutOfMemoryError -XX:HeapDumpPath=c:\Users\dives\AppData\Roaming\Code\User\workspaceStorage\e9fa50f7be65360a504befd0400b0aa0\redhat.java -Daether.dependencyCollector.impl=bf 
java_command: c:\Users\dives\.vscode\extensions\redhat.java-1.53.0-win32-x64\server\plugins\org.eclipse.equinox.launcher_1.7.100.v20251111-0406.jar -configuration c:\Users\dives\AppData\Roaming\Code\User\globalStorage\redhat.java\1.53.0\config_win -data c:\Users\dives\AppData\Roaming\Code\User\workspaceStorage\e9fa50f7be65360a504befd0400b0aa0\redhat.java\jdt_ws --pipe=\\.\pipe\lsp-0061a80c24a85f14ffa71aa68edf0cdd-sock
java_class_path (initial): c:\Users\dives\.vscode\extensions\redhat.java-1.53.0-win32-x64\server\plugins\org.eclipse.equinox.launcher_1.7.100.v20251111-0406.jar
Launcher Type: SUN_STANDARD

[Global flags]
    uintx AdaptiveSizePolicyWeight                 = 90                                        {product} {command line}
     intx CICompilerCount                          = 4                                         {product} {ergonomic}
    uintx GCTimeRatio                              = 4                                         {product} {command line}
     bool HeapDumpOnOutOfMemoryError               = true                                   {manageable} {command line}
    ccstr HeapDumpPath                             = c:\Users\dives\AppData\Roaming\Code\User\workspaceStorage\e9fa50f7be65360a504befd0400b0aa0\redhat.java         {manageable} {command line}
   size_t InitialHeapSize                          = 104857600                                 {product} {command line}
   size_t MaxHeapSize                              = 2147483648                                {product} {command line}
   size_t MaxNewSize                               = 715653120                                 {product} {ergonomic}
   size_t MinHeapDeltaBytes                        = 524288                                    {product} {ergonomic}
   size_t MinHeapSize                              = 104857600                                 {product} {command line}
   size_t NewSize                                  = 34603008                                  {product} {ergonomic}
    uintx NonNMethodCodeHeapSize                   = 5839372                                {pd product} {ergonomic}
    uintx NonProfiledCodeHeapSize                  = 122909434                              {pd product} {ergonomic}
   size_t OldSize                                  = 70254592                                  {product} {ergonomic}
    uintx ProfiledCodeHeapSize                     = 122909434                              {pd product} {ergonomic}
    uintx ReservedCodeCacheSize                    = 251658240                              {pd product} {ergonomic}
     bool SegmentedCodeCache                       = true                                      {product} {ergonomic}
   size_t SoftMaxHeapSize                          = 2147483648                             {manageable} {ergonomic}
     bool UseCompressedOops                        = true                           {product lp64_product} {ergonomic}
     bool UseLargePagesIndividualAllocation        = false                                  {pd product} {ergonomic}
     bool UseParallelGC                            = true                                      {product} {command line}

Logging:
Log output configuration:
 #0: stdout all=off uptime,level,tags foldmultilines=false
 #1: stderr all=off uptime,level,tags foldmultilines=false

Release file:
JAVA_VERSION="21.0.10" 
MODULES="java.base java.compiler java.datatransfer java.xml java.prefs java.desktop java.instrument java.logging java.management java.security.sasl java.naming java.rmi java.management.rmi java.net.http java.scripting java.security.jgss java.transaction.xa java.sql java.sql.rowset java.xml.crypto java.se java.smartcardio jdk.accessibility jdk.internal.jvmstat jdk.attach jdk.charsets jdk.internal.opt jdk.zipfs jdk.compiler jdk.crypto.ec jdk.crypto.cryptoki jdk.crypto.mscapi jdk.dynalink jdk.internal.ed jdk.editpad jdk.hotspot.agent jdk.httpserver jdk.internal.le jdk.internal.vm.ci jdk.internal.vm.compiler jdk.internal.vm.compiler.management jdk.jartool jdk.javadoc jdk.jcmd jdk.management jdk.management.agent jdk.jconsole jdk.jdeps jdk.jdwp.agent jdk.jdi jdk.jfr jdk.jshell jdk.jsobject jdk.jstatd jdk.localedata jdk.management.jfr jdk.naming.dns jdk.naming.rmi jdk.net jdk.nio.mapmode jdk.random jdk.sctp jdk.security.auth jdk.security.jgss jdk.unsupported jdk.unsupported.desktop jdk.xml.dom" 

Environment Variables:
JAVA_HOME=C:\Program Files\Java\jdk-19
PATH=C:\Users\dives\AppData\Local\Programs\Microsoft VS Code;C:\Program Files\Java\jdk-21\bin;C:\Program Files\Common Files\Oracle\Java\javapath;C:\WINDOWS\system32;C:\WINDOWS;C:\WINDOWS\System32\Wbem;C:\WINDOWS\System32\WindowsPowerShell\v1.0\;C:\WINDOWS\System32\OpenSSH\;C:\Program Files\dotnet\;C:\Program Files\Microsoft SQL Server\150\Tools\Binn\;C:\Program Files\Microsoft SQL Server\Client SDK\ODBC\170\Tools\Binn\;C:\ProgramData\chocolatey\bin;C:\Program Files\nodejs\;C:\php;C:\Program Files\Git\cmd;C:\ProgramData\ComposerSetup\bin;C:\Program Files\PuTTY\;C:\ffmpeg-8.0.1-essentials_build\bin;;C:\Program Files\Docker\Docker\resources\bin;C:\Program Files\MySQL\MySQL Shell 8.0\bin\;C:\Users\dives\AppData\Local\Microsoft\WindowsApps;C:\Users\dives\AppData\Local\GitHubDesktop\bin;C:\Users\dives\.dotnet\tools;;C:\Users\dives\AppData\Local\Programs\Microsoft VS Code\bin;C:\Users\dives\AppData\Roaming\npm;C:\Users\dives\AppData\Roaming\Composer\vendor\bin
USERNAME=dives
OS=Windows_NT
PROCESSOR_IDENTIFIER=Intel64 Family 6 Model 140 Stepping 1, GenuineIntel
TMP=C:\Users\dives\AppData\Local\Temp
TEMP=C:\Users\dives\AppData\Local\Temp




Periodic native trim disabled

---------------  S Y S T E M  ---------------

OS:
 Windows 11 , 64 bit Build 26100 (10.0.26100.7920)
OS uptime: 3 days 13:12 hours
Hyper-V role detected

CPU: total 8 (initial active 8) (4 cores per cpu, 2 threads per core) family 6 model 140 stepping 1 microcode 0xbe, cx8, cmov, fxsr, ht, mmx, 3dnowpref, sse, sse2, sse3, ssse3, sse4.1, sse4.2, popcnt, lzcnt, tsc, tscinvbit, avx, avx2, aes, erms, clmul, bmi1, bmi2, adx, avx512f, avx512dq, avx512cd, avx512bw, avx512vl, sha, fma, vzeroupper, avx512_vpopcntdq, avx512_vpclmulqdq, avx512_vaes, avx512_vnni, clflush, clflushopt, clwb, avx512_vbmi2, avx512_vbmi, hv, rdtscp, rdpid, fsrm, gfni, avx512_bitalg, f16c, cet_ibt, cet_ss, avx512_ifma
Processor Information for the first 8 processors :
  Max Mhz: 2419, Current Mhz: 2419, Mhz Limit: 2419

Memory: 4k page, system-wide physical 7926M (593M free)
TotalPageFile size 32502M (AvailPageFile size 223M)
current process WorkingSet (physical memory assigned to process): 228M, peak: 242M
current process commit charge ("private bytes"): 335M, peak: 353M

vm_info: OpenJDK 64-Bit Server VM (21.0.10+7-LTS) for windows-amd64 JRE (21.0.10+7-LTS), built on 2026-01-20T00:00:00Z by "admin" with MS VC++ 17.12 (VS2022)

END.
