#
# There is insufficient memory for the Java Runtime Environment to continue.
# Native memory allocation (malloc) failed to allocate 285136 bytes. Error detail: Chunk::new
# Possible reasons:
#   The system is out of physical RAM or swap space
#   This process is running with CompressedOops enabled, and the Java Heap may be blocking the growth of the native heap
# Possible solutions:
#   Reduce memory load on the system
#   Increase physical memory or swap space
#   Check if swap backing store is full
#   Decrease Java heap size (-Xmx/-Xms)
#   Decrease number of Java threads
#   Decrease Java thread stack sizes (-Xss)
#   Set larger code cache with -XX:ReservedCodeCacheSize=
#     placed in the first 4GB address space. The Java Heap base address is the
#     maximum limit for the native heap growth. Please use -XX:HeapBaseMinAddress
#     to set the Java Heap base and to place the Java Heap above 4GB virtual address.
# This output file may be truncated or incomplete.
#
#  Out of Memory Error (arena.cpp:168), pid=5652, tid=27440
#
# JRE version: OpenJDK Runtime Environment Temurin-21.0.10+7 (21.0.10+7) (build 21.0.10+7-LTS)
# Java VM: OpenJDK 64-Bit Server VM Temurin-21.0.10+7 (21.0.10+7-LTS, mixed mode, sharing, tiered, compressed oops, compressed class ptrs, parallel gc, windows-amd64)
# No core dump will be written. Minidumps are not enabled by default on client versions of Windows
#

---------------  S U M M A R Y ------------

Command Line: --add-modules=ALL-SYSTEM --add-opens=java.base/java.util=ALL-UNNAMED --add-opens=java.base/java.lang=ALL-UNNAMED --add-opens=java.base/sun.nio.fs=ALL-UNNAMED -Declipse.application=org.eclipse.jdt.ls.core.id1 -Dosgi.bundles.defaultStartLevel=4 -Declipse.product=org.eclipse.jdt.ls.core.product -Djava.import.generatesMetadataFilesAtProjectRoot=false -DDetectVMInstallationsJob.disabled=true -Dfile.encoding=utf8 -XX:+UseParallelGC -XX:GCTimeRatio=4 -XX:AdaptiveSizePolicyWeight=90 -Dsun.zip.disableMemoryMapping=true -Xmx2G -Xms100m -Xlog:disable -javaagent:c:\Users\dives\.vscode\extensions\redhat.java-1.53.0-win32-x64\lombok\lombok-1.18.39-4050.jar -XX:+HeapDumpOnOutOfMemoryError -XX:HeapDumpPath=c:\Users\dives\AppData\Roaming\Code\User\workspaceStorage\e9fa50f7be65360a504befd0400b0aa0\redhat.java -Daether.dependencyCollector.impl=bf c:\Users\dives\.vscode\extensions\redhat.java-1.53.0-win32-x64\server\plugins\org.eclipse.equinox.launcher_1.7.100.v20251111-0406.jar -configuration c:\Users\dives\AppData\Roaming\Code\User\globalStorage\redhat.java\1.53.0\config_win -data c:\Users\dives\AppData\Roaming\Code\User\workspaceStorage\e9fa50f7be65360a504befd0400b0aa0\redhat.java\jdt_ws --pipe=\\.\pipe\lsp-6e2aecc56452faf73cdf51a7b28bc499-sock

Host: 11th Gen Intel(R) Core(TM) i5-1135G7 @ 2.40GHz, 8 cores, 7G,  Windows 11 , 64 bit Build 26100 (10.0.26100.7920)
Time: Mon Mar 23 23:03:33 2026 India Standard Time elapsed time: 6.751822 seconds (0d 0h 0m 6s)

---------------  T H R E A D  ---------------

Current thread (0x000001bb92e05390):  JavaThread "C2 CompilerThread0" daemon [_thread_in_native, id=27440, stack(0x0000004fd1b00000,0x0000004fd1c00000) (1024K)]


Current CompileTask:
C2:6751 1620       4       lombok.patcher.scripts.AddFieldScript::patch (55 bytes)

Stack: [0x0000004fd1b00000,0x0000004fd1c00000]
Native frames: (J=compiled Java code, j=interpreted, Vv=VM code, C=native code)
V  [jvm.dll+0x6d7a39]
V  [jvm.dll+0x8b4b26]
V  [jvm.dll+0x8b70de]
V  [jvm.dll+0x8b77c3]
V  [jvm.dll+0x284346]
V  [jvm.dll+0xc66ed]
V  [jvm.dll+0xc6c31]
V  [jvm.dll+0x2fb29e]
V  [jvm.dll+0x5fe884]
V  [jvm.dll+0x255b17]
V  [jvm.dll+0x255edd]
V  [jvm.dll+0x24e500]
V  [jvm.dll+0x24ba42]
V  [jvm.dll+0x1cb34e]
V  [jvm.dll+0x25b85d]
V  [jvm.dll+0x259dea]
V  [jvm.dll+0x3f857e]
V  [jvm.dll+0x85f59d]
V  [jvm.dll+0x6d626d]
C  [ucrtbase.dll+0x37b0]
C  [KERNEL32.DLL+0x2e8d7]
C  [ntdll.dll+0x8c48c]


---------------  P R O C E S S  ---------------

Threads class SMR info:
_java_thread_list=0x000001bbec475ba0, length=13, elements={
0x000001bb92e71b40, 0x000001bb92ddb010, 0x000001bb92ddba70, 0x000001bb92de1f90,
0x000001bb92de4c60, 0x000001bb92df57e0, 0x000001bb92df0390, 0x000001bb92e05390,
0x000001bbec1202f0, 0x000001bbec3ce2d0, 0x000001bbec3cdc40, 0x000001bbec3cfd10,
0x000001bbec9e0ac0
}

Java Threads: ( => current thread )
  0x000001bb92e71b40 JavaThread "main"                              [_thread_in_Java, id=30336, stack(0x0000004fd1100000,0x0000004fd1200000) (1024K)]
  0x000001bb92ddb010 JavaThread "Reference Handler"          daemon [_thread_blocked, id=7576, stack(0x0000004fd1500000,0x0000004fd1600000) (1024K)]
  0x000001bb92ddba70 JavaThread "Finalizer"                  daemon [_thread_blocked, id=32420, stack(0x0000004fd1600000,0x0000004fd1700000) (1024K)]
  0x000001bb92de1f90 JavaThread "Signal Dispatcher"          daemon [_thread_blocked, id=16044, stack(0x0000004fd1700000,0x0000004fd1800000) (1024K)]
  0x000001bb92de4c60 JavaThread "Attach Listener"            daemon [_thread_blocked, id=30388, stack(0x0000004fd1800000,0x0000004fd1900000) (1024K)]
  0x000001bb92df57e0 JavaThread "Service Thread"             daemon [_thread_blocked, id=12260, stack(0x0000004fd1900000,0x0000004fd1a00000) (1024K)]
  0x000001bb92df0390 JavaThread "Monitor Deflation Thread"   daemon [_thread_blocked, id=12600, stack(0x0000004fd1a00000,0x0000004fd1b00000) (1024K)]
=>0x000001bb92e05390 JavaThread "C2 CompilerThread0"         daemon [_thread_in_native, id=27440, stack(0x0000004fd1b00000,0x0000004fd1c00000) (1024K)]
  0x000001bbec1202f0 JavaThread "C1 CompilerThread0"         daemon [_thread_in_native, id=32720, stack(0x0000004fd1c00000,0x0000004fd1d00000) (1024K)]
  0x000001bbec3ce2d0 JavaThread "Common-Cleaner"             daemon [_thread_blocked, id=17392, stack(0x0000004fd1e00000,0x0000004fd1f00000) (1024K)]
  0x000001bbec3cdc40 JavaThread "Notification Thread"        daemon [_thread_blocked, id=3908, stack(0x0000004fd1f00000,0x0000004fd2000000) (1024K)]
  0x000001bbec3cfd10 JavaThread "Active Thread: Equinox Container: 019b3250-c166-47a4-a8b3-11ee1c303582"        [_thread_blocked, id=29436, stack(0x0000004fd2000000,0x0000004fd2100000) (1024K)]
  0x000001bbec9e0ac0 JavaThread "C2 CompilerThread1"         daemon [_thread_in_vm, id=31328, stack(0x0000004fd1d00000,0x0000004fd1e00000) (1024K)]
Total: 13

Other Threads:
  0x000001bb92f0a4c0 VMThread "VM Thread"                           [id=11088, stack(0x0000004fd1400000,0x0000004fd1500000) (1024K)]
  0x000001bb92ed5520 WatcherThread "VM Periodic Task Thread"        [id=11416, stack(0x0000004fd1300000,0x0000004fd1400000) (1024K)]
  0x000001bb92e881e0 WorkerThread "GC Thread#0"                     [id=29800, stack(0x0000004fd1200000,0x0000004fd1300000) (1024K)]
  0x000001bbec835c70 WorkerThread "GC Thread#1"                     [id=12028, stack(0x0000004fd2100000,0x0000004fd2200000) (1024K)]
  0x000001bbec94edc0 WorkerThread "GC Thread#2"                     [id=19080, stack(0x0000004fd2200000,0x0000004fd2300000) (1024K)]
  0x000001bbf108fe20 WorkerThread "GC Thread#3"                     [id=15552, stack(0x0000004fd2300000,0x0000004fd2400000) (1024K)]
  0x000001bbf10901d0 WorkerThread "GC Thread#4"                     [id=26632, stack(0x0000004fd2400000,0x0000004fd2500000) (1024K)]
  0x000001bbf1090580 WorkerThread "GC Thread#5"                     [id=31212, stack(0x0000004fd2500000,0x0000004fd2600000) (1024K)]
  0x000001bbec84ab30 WorkerThread "GC Thread#6"                     [id=24080, stack(0x0000004fd2600000,0x0000004fd2700000) (1024K)]
Total: 9

Threads with active compile tasks:
C2 CompilerThread0  7818 1620       4       lombok.patcher.scripts.AddFieldScript::patch (55 bytes)
C1 CompilerThread0  7818 1769       3       org.eclipse.osgi.internal.framework.EquinoxConfiguration$ConfigValues::internalGet (24 bytes)
C2 CompilerThread1  7818 1764       4       java.io.WinNTFileSystem::normalize (224 bytes)
Total: 3

VM state: not at safepoint (normal execution)

VM Mutex/Monitor currently owned by a thread: None

Heap address: 0x0000000080000000, size: 2048 MB, Compressed Oops mode: 32-bit

CDS archive(s) mapped at: [0x000001bbaa000000-0x000001bbaaba0000-0x000001bbaaba0000), size 12189696, SharedBaseAddress: 0x000001bbaa000000, ArchiveRelocationMode: 1.
Compressed class space mapped at: 0x000001bbab000000-0x000001bbeb000000, reserved size: 1073741824
Narrow klass base: 0x000001bbaa000000, Narrow klass shift: 0, Narrow klass range: 0x100000000

GC Precious Log:
 CardTable entry size: 512
 CPUs: 8 total, 8 available
 Memory: 7926M
 Large Page Support: Disabled
 NUMA Support: Disabled
 Compressed Oops: Enabled (32-bit)
 Alignments: Space 512K, Generation 512K, Heap 2M
 Heap Min Capacity: 100M
 Heap Initial Capacity: 100M
 Heap Max Capacity: 2G
 Pre-touch: Disabled
 Parallel Workers: 8

Heap:
 PSYoungGen      total 29696K, used 28395K [0x00000000d5580000, 0x00000000d7680000, 0x0000000100000000)
  eden space 25600K, 98% used [0x00000000d5580000,0x00000000d6e04f10,0x00000000d6e80000)
  from space 4096K, 80% used [0x00000000d6e80000,0x00000000d71b5e88,0x00000000d7280000)
  to   space 4096K, 0% used [0x00000000d7280000,0x00000000d7280000,0x00000000d7680000)
 ParOldGen       total 68608K, used 16K [0x0000000080000000, 0x0000000084300000, 0x00000000d5580000)
  object space 68608K, 0% used [0x0000000080000000,0x0000000080004000,0x0000000084300000)
 Metaspace       used 7939K, committed 8192K, reserved 1114112K
  class space    used 830K, committed 960K, reserved 1048576K

Card table byte_map: [0x000001bb92800000,0x000001bb92c10000] _byte_map_base: 0x000001bb92400000

Marking Bits: (ParMarkBitMap*) 0x00007ffbf1463450
 Begin Bits: [0x000001bba5310000, 0x000001bba7310000)
 End Bits:   [0x000001bba7310000, 0x000001bba9310000)

Polling page: 0x000001bb90c60000

Metaspace:

Usage:
  Non-class:      6.94 MB used.
      Class:    830.52 KB used.
       Both:      7.75 MB used.

Virtual space:
  Non-class space:       64.00 MB reserved,       7.06 MB ( 11%) committed,  1 nodes.
      Class space:        1.00 GB reserved,     960.00 KB ( <1%) committed,  1 nodes.
             Both:        1.06 GB reserved,       8.00 MB ( <1%) committed. 

Chunk freelists:
   Non-Class:  8.83 MB
       Class:  14.91 MB
        Both:  23.73 MB

MaxMetaspaceSize: unlimited
CompressedClassSpaceSize: 1.00 GB
Initial GC threshold: 21.00 MB
Current GC threshold: 21.00 MB
CDS: on
 - commit_granule_bytes: 65536.
 - commit_granule_words: 8192.
 - virtual_space_node_default_size: 8388608.
 - enlarge_chunks_in_place: 1.
 - use_allocation_guard: 0.


Internal statistics:

num_allocs_failed_limit: 0.
num_arena_births: 228.
num_arena_deaths: 0.
num_vsnodes_births: 2.
num_vsnodes_deaths: 0.
num_space_committed: 128.
num_space_uncommitted: 0.
num_chunks_returned_to_freelist: 0.
num_chunks_taken_from_freelist: 423.
num_chunk_merges: 0.
num_chunk_splits: 271.
num_chunks_enlarged: 177.
num_inconsistent_stats: 0.

CodeHeap 'non-profiled nmethods': size=120000Kb used=727Kb max_used=727Kb free=119272Kb
 bounds [0x000001bb9db30000, 0x000001bb9dda0000, 0x000001bba5060000]
CodeHeap 'profiled nmethods': size=120000Kb used=3152Kb max_used=3152Kb free=116847Kb
 bounds [0x000001bb96060000, 0x000001bb96380000, 0x000001bb9d590000]
CodeHeap 'non-nmethods': size=5760Kb used=1226Kb max_used=1247Kb free=4533Kb
 bounds [0x000001bb9d590000, 0x000001bb9d800000, 0x000001bb9db30000]
CodeCache: size=245760Kb, used=5105Kb, max_used=5126Kb, free=240652Kb
 total_blobs=2245, nmethods=1762, adapters=390, full_count=0
Compilation: enabled, stopped_count=0, restarted_count=0

Compilation events (20 events):
Event: 4.571 Thread 0x000001bbec1202f0 nmethod 1628 0x000001bb9631de90 code [0x000001bb9631e020, 0x000001bb9631e118]
Event: 4.571 Thread 0x000001bbec1202f0 1629       3       java.lang.String::getBytesNoRepl1 (89 bytes)
Event: 4.576 Thread 0x000001bbec1202f0 nmethod 1629 0x000001bb9631e190 code [0x000001bb9631e420, 0x000001bb9631ed38]
Event: 4.576 Thread 0x000001bbec1202f0 1630       3       java.lang.String::isASCII (16 bytes)
Event: 4.576 Thread 0x000001bbec1202f0 nmethod 1630 0x000001bb9631f010 code [0x000001bb9631f1c0, 0x000001bb9631f3f0]
Event: 4.576 Thread 0x000001bbec1202f0 1631       3       java.util.Arrays::mismatch (69 bytes)
Event: 4.577 Thread 0x000001bbec1202f0 nmethod 1631 0x000001bb9631f510 code [0x000001bb9631f6e0, 0x000001bb9631fa08]
Event: 4.580 Thread 0x000001bbec1202f0 1632       1       java.util.Collections$EmptyMap::get (2 bytes)
Event: 4.581 Thread 0x000001bbec1202f0 nmethod 1632 0x000001bb9dbdb310 code [0x000001bb9dbdb4a0, 0x000001bb9dbdb570]
Event: 4.581 Thread 0x000001bbec1202f0 1633       1       org.eclipse.osgi.container.ModuleCapability::getDirectives (5 bytes)
Event: 4.581 Thread 0x000001bbec1202f0 nmethod 1633 0x000001bb9dbdb610 code [0x000001bb9dbdb7a0, 0x000001bb9dbdb868]
Event: 4.581 Thread 0x000001bbec1202f0 1634       3       java.util.ArrayList$SubList$1::hasNext (20 bytes)
Event: 4.581 Thread 0x000001bbec1202f0 nmethod 1634 0x000001bb9631fb90 code [0x000001bb9631fd40, 0x000001bb9631feb0]
Event: 4.581 Thread 0x000001bbec1202f0 1635       3       java.util.ArrayList$SubList$1::next (85 bytes)
Event: 4.582 Thread 0x000001bbec1202f0 nmethod 1635 0x000001bb9631ff90 code [0x000001bb96320180, 0x000001bb963205b0]
Event: 4.592 Thread 0x000001bbecc73970 

Event: 4.592 Thread 0x000001bbecc73970 

Event: 4.593 Thread 0x000001bbecc73970 

Event: 4.593 Thread 0x000001bbecc73970 1625       4       java.lang.AbstractStringBuilder::<init> (39 bytes)
Event: 4.595 Thread 0x000001bbecc73970 nmethod 1625 0x000001bb9dbdb910 code [0x000001bb9dbdbaa0, 0x000001bb9dbdbc70]

GC Heap History (2 events):
Event: 1.085 GC heap before
{Heap before GC invocations=1 (full 0):
 PSYoungGen      total 29696K, used 25600K [0x00000000d5580000, 0x00000000d7680000, 0x0000000100000000)
  eden space 25600K, 100% used [0x00000000d5580000,0x00000000d6e80000,0x00000000d6e80000)
  from space 4096K, 0% used [0x00000000d7280000,0x00000000d7280000,0x00000000d7680000)
  to   space 4096K, 0% used [0x00000000d6e80000,0x00000000d6e80000,0x00000000d7280000)
 ParOldGen       total 68608K, used 0K [0x0000000080000000, 0x0000000084300000, 0x00000000d5580000)
  object space 68608K, 0% used [0x0000000080000000,0x0000000080000000,0x0000000084300000)
 Metaspace       used 4345K, committed 4608K, reserved 1114112K
  class space    used 474K, committed 576K, reserved 1048576K
}
Event: 1.095 GC heap after
{Heap after GC invocations=1 (full 0):
 PSYoungGen      total 29696K, used 3287K [0x00000000d5580000, 0x00000000d7680000, 0x0000000100000000)
  eden space 25600K, 0% used [0x00000000d5580000,0x00000000d5580000,0x00000000d6e80000)
  from space 4096K, 80% used [0x00000000d6e80000,0x00000000d71b5e88,0x00000000d7280000)
  to   space 4096K, 0% used [0x00000000d7280000,0x00000000d7280000,0x00000000d7680000)
 ParOldGen       total 68608K, used 16K [0x0000000080000000, 0x0000000084300000, 0x00000000d5580000)
  object space 68608K, 0% used [0x0000000080000000,0x0000000080004000,0x0000000084300000)
 Metaspace       used 4345K, committed 4608K, reserved 1114112K
  class space    used 474K, committed 576K, reserved 1048576K
}

Dll operation events (8 events):
Event: 0.018 Loaded shared library c:\Users\dives\.vscode\extensions\redhat.java-1.53.0-win32-x64\jre\21.0.10-win32-x86_64\bin\java.dll
Event: 0.118 Loaded shared library c:\Users\dives\.vscode\extensions\redhat.java-1.53.0-win32-x64\jre\21.0.10-win32-x86_64\bin\zip.dll
Event: 0.148 Loaded shared library C:\Users\dives\.vscode\extensions\redhat.java-1.53.0-win32-x64\jre\21.0.10-win32-x86_64\bin\instrument.dll
Event: 0.155 Loaded shared library C:\Users\dives\.vscode\extensions\redhat.java-1.53.0-win32-x64\jre\21.0.10-win32-x86_64\bin\net.dll
Event: 0.158 Loaded shared library C:\Users\dives\.vscode\extensions\redhat.java-1.53.0-win32-x64\jre\21.0.10-win32-x86_64\bin\nio.dll
Event: 0.164 Loaded shared library C:\Users\dives\.vscode\extensions\redhat.java-1.53.0-win32-x64\jre\21.0.10-win32-x86_64\bin\zip.dll
Event: 0.195 Loaded shared library C:\Users\dives\.vscode\extensions\redhat.java-1.53.0-win32-x64\jre\21.0.10-win32-x86_64\bin\jimage.dll
Event: 0.319 Loaded shared library c:\Users\dives\.vscode\extensions\redhat.java-1.53.0-win32-x64\jre\21.0.10-win32-x86_64\bin\verify.dll

Deoptimization events (20 events):
Event: 1.549 Thread 0x000001bb92e71b40 DEOPT PACKING pc=0x000001bb9db71a78 sp=0x0000004fd11fed00
Event: 1.550 Thread 0x000001bb92e71b40 DEOPT UNPACKING pc=0x000001bb9d5e6da2 sp=0x0000004fd11fec58 mode 2
Event: 3.203 Thread 0x000001bb92e71b40 Uncommon trap: trap_request=0xffffff45 fr.pc=0x000001bb9db7b36c relative=0x0000000000000fec
Event: 3.203 Thread 0x000001bb92e71b40 Uncommon trap: reason=unstable_if action=reinterpret pc=0x000001bb9db7b36c method=lombok.patcher.PatchScript.classMatches(Ljava/lang/String;Ljava/util/Collection;)Z @ 25 c2
Event: 3.203 Thread 0x000001bb92e71b40 DEOPT PACKING pc=0x000001bb9db7b36c sp=0x0000004fd11f9020
Event: 3.203 Thread 0x000001bb92e71b40 DEOPT UNPACKING pc=0x000001bb9d5e6da2 sp=0x0000004fd11f8f88 mode 2
Event: 3.696 Thread 0x000001bb92e71b40 DEOPT PACKING pc=0x000001bb960fcc0d sp=0x0000004fd11f8470
Event: 3.696 Thread 0x000001bb92e71b40 DEOPT UNPACKING pc=0x000001bb9d5e78e2 sp=0x0000004fd11f7920 mode 0
Event: 4.488 Thread 0x000001bb92e71b40 Uncommon trap: trap_request=0xffffff45 fr.pc=0x000001bb9dbac04c relative=0x00000000000000ac
Event: 4.488 Thread 0x000001bb92e71b40 Uncommon trap: reason=unstable_if action=reinterpret pc=0x000001bb9dbac04c method=java.util.concurrent.locks.ReentrantLock$NonfairSync.initialTryLock()Z @ 10 c2
Event: 4.488 Thread 0x000001bb92e71b40 DEOPT PACKING pc=0x000001bb9dbac04c sp=0x0000004fd11fee30
Event: 4.488 Thread 0x000001bb92e71b40 DEOPT UNPACKING pc=0x000001bb9d5e6da2 sp=0x0000004fd11fedc0 mode 2
Event: 4.489 Thread 0x000001bb92e71b40 Uncommon trap: trap_request=0xffffff45 fr.pc=0x000001bb9dbaa834 relative=0x0000000000000094
Event: 4.489 Thread 0x000001bb92e71b40 Uncommon trap: reason=unstable_if action=reinterpret pc=0x000001bb9dbaa834 method=java.util.concurrent.locks.ReentrantLock$Sync.tryRelease(I)Z @ 26 c2
Event: 4.489 Thread 0x000001bb92e71b40 DEOPT PACKING pc=0x000001bb9dbaa834 sp=0x0000004fd11fef00
Event: 4.489 Thread 0x000001bb92e71b40 DEOPT UNPACKING pc=0x000001bb9d5e6da2 sp=0x0000004fd11fee80 mode 2
Event: 4.561 Thread 0x000001bb92e71b40 Uncommon trap: trap_request=0xffffff45 fr.pc=0x000001bb9dbaa4e0 relative=0x0000000000000040
Event: 4.561 Thread 0x000001bb92e71b40 Uncommon trap: reason=unstable_if action=reinterpret pc=0x000001bb9dbaa4e0 method=java.util.concurrent.locks.AbstractQueuedSynchronizer.signalNext(Ljava/util/concurrent/locks/AbstractQueuedSynchronizer$Node;)V @ 1 c2
Event: 4.561 Thread 0x000001bb92e71b40 DEOPT PACKING pc=0x000001bb9dbaa4e0 sp=0x0000004fd11fec30
Event: 4.561 Thread 0x000001bb92e71b40 DEOPT UNPACKING pc=0x000001bb9d5e6da2 sp=0x0000004fd11febc0 mode 2

Classes loaded (20 events):
Event: 4.552 Loading class java/util/concurrent/ScheduledThreadPoolExecutor$DelayedWorkQueue
Event: 4.552 Loading class java/util/concurrent/ScheduledThreadPoolExecutor$DelayedWorkQueue done
Event: 4.553 Loading class java/util/concurrent/RunnableScheduledFuture
Event: 4.553 Loading class java/util/concurrent/RunnableFuture
Event: 4.553 Loading class java/util/concurrent/RunnableFuture done
Event: 4.553 Loading class java/util/concurrent/ScheduledFuture
Event: 4.553 Loading class java/util/concurrent/Delayed
Event: 4.553 Loading class java/util/concurrent/Delayed done
Event: 4.553 Loading class java/util/concurrent/ScheduledFuture done
Event: 4.553 Loading class java/util/concurrent/RunnableScheduledFuture done
Event: 4.556 Loading class java/util/concurrent/ScheduledThreadPoolExecutor$ScheduledFutureTask
Event: 4.556 Loading class java/util/concurrent/FutureTask
Event: 4.557 Loading class java/util/concurrent/FutureTask done
Event: 4.557 Loading class java/util/concurrent/ScheduledThreadPoolExecutor$ScheduledFutureTask done
Event: 4.558 Loading class java/util/concurrent/FutureTask$WaitNode
Event: 4.558 Loading class java/util/concurrent/FutureTask$WaitNode done
Event: 4.558 Loading class java/util/concurrent/Executors$RunnableAdapter
Event: 4.558 Loading class java/util/concurrent/Executors$RunnableAdapter done
Event: 4.559 Loading class java/util/concurrent/ThreadPoolExecutor$Worker
Event: 4.559 Loading class java/util/concurrent/ThreadPoolExecutor$Worker done

Classes unloaded (0 events):
No events

Classes redefined (0 events):
No events

Internal exceptions (20 events):
Event: 0.801 Thread 0x000001bb92e71b40 Exception <a 'java/lang/NoSuchMethodError'{0x00000000d6543f98}: 'java.lang.Object java.lang.invoke.DirectMethodHandle$Holder.invokeInterface(java.lang.Object, java.lang.Object)'> (0x00000000d6543f98) 
thrown [s\src\hotspot\share\interpreter\linkResolver.cpp, line 773]
Event: 0.806 Thread 0x000001bb92e71b40 Exception <a 'java/lang/NoSuchMethodError'{0x00000000d6557528}: 'java.lang.Object java.lang.invoke.Invokers$Holder.invokeExact_MT(java.lang.Object, java.lang.Object, java.lang.Object, java.lang.Object, java.lang.Object, java.lang.Object)'> (0x00000000d6557528) 
thrown [s\src\hotspot\share\interpreter\linkResolver.cpp, line 773]
Event: 0.811 Thread 0x000001bb92e71b40 Exception <a 'java/lang/NoSuchMethodError'{0x00000000d656e600}: 'int java.lang.invoke.DirectMethodHandle$Holder.invokeStatic(java.lang.Object, java.lang.Object, java.lang.Object, java.lang.Object, java.lang.Object)'> (0x00000000d656e600) 
thrown [s\src\hotspot\share\interpreter\linkResolver.cpp, line 773]
Event: 0.848 Thread 0x000001bb92e71b40 Exception <a 'java/lang/NoSuchMethodError'{0x00000000d6601d68}: 'java.lang.Object java.lang.invoke.DirectMethodHandle$Holder.invokeInterface(java.lang.Object, java.lang.Object, int)'> (0x00000000d6601d68) 
thrown [s\src\hotspot\share\interpreter\linkResolver.cpp, line 773]
Event: 0.987 Thread 0x000001bb92e71b40 Exception <a 'java/lang/NoSuchMethodError'{0x00000000d6a69988}: 'java.lang.ClassLoader java.lang.ClassLoader.getPlatformClassLoader(java.lang.Class)'> (0x00000000d6a69988) 
thrown [s\src\hotspot\share\interpreter\linkResolver.cpp, line 773]
Event: 1.099 Thread 0x000001bb92e71b40 Exception <a 'java/lang/ClassNotFoundException'{0x00000000d5585890}: sun/net/www/protocol/c/Handler> (0x00000000d5585890) 
thrown [s\src\hotspot\share\classfile\systemDictionary.cpp, line 312]
Event: 1.100 Thread 0x000001bb92e71b40 Exception <a 'java/lang/ClassNotFoundException'{0x00000000d5586c60}: sun/net/www/protocol/d/Handler> (0x00000000d5586c60) 
thrown [s\src\hotspot\share\classfile\systemDictionary.cpp, line 312]
Event: 1.100 Thread 0x000001bb92e71b40 Exception <a 'java/lang/ClassNotFoundException'{0x00000000d5587e98}: sun/net/www/protocol/c/Handler> (0x00000000d5587e98) 
thrown [s\src\hotspot\share\classfile\systemDictionary.cpp, line 312]
Event: 1.118 Thread 0x000001bb92e71b40 Exception <a 'java/io/FileNotFoundException'{0x00000000d55b9b50}> (0x00000000d55b9b50) 
thrown [s\src\hotspot\share\prims\jni.cpp, line 520]
Event: 1.167 Thread 0x000001bb92e71b40 Implicit null exception at 0x000001bb9db8b529 to 0x000001bb9db8bdc8
Event: 1.167 Thread 0x000001bb92e71b40 Implicit null exception at 0x000001bb9db8e69a to 0x000001bb9db8e8a0
Event: 1.168 Thread 0x000001bb92e71b40 Exception <a 'java/lang/NoSuchMethodError'{0x00000000d572adc8}: 'void java.lang.invoke.DirectMethodHandle$Holder.invokeStatic(java.lang.Object, java.lang.Object, java.lang.Object, java.lang.Object)'> (0x00000000d572adc8) 
thrown [s\src\hotspot\share\interpreter\linkResolver.cpp, line 773]
Event: 1.170 Thread 0x000001bb92e71b40 Implicit null exception at 0x000001bb9db92c1a to 0x000001bb9db92e24
Event: 1.170 Thread 0x000001bb92e71b40 Implicit null exception at 0x000001bb9db8c7bd to 0x000001bb9db8c841
Event: 1.589 Thread 0x000001bb92e71b40 Exception <a 'java/lang/NoSuchMethodError'{0x00000000d59d6328}: 'void java.lang.invoke.DirectMethodHandle$Holder.invokeSpecial(java.lang.Object, java.lang.Object, java.lang.Object)'> (0x00000000d59d6328) 
thrown [s\src\hotspot\share\interpreter\linkResolver.cpp, line 773]
Event: 4.400 Thread 0x000001bb92e71b40 Exception <a 'java/lang/NoSuchMethodError'{0x00000000d645a490}: 'int java.lang.invoke.DirectMethodHandle$Holder.invokeVirtual(java.lang.Object, java.lang.Object)'> (0x00000000d645a490) 
thrown [s\src\hotspot\share\interpreter\linkResolver.cpp, line 773]
Event: 4.531 Thread 0x000001bb92e71b40 Exception <a 'java/lang/NoSuchMethodError'{0x00000000d65d1770}: 'int java.lang.invoke.DirectMethodHandle$Holder.invokeStaticInit(java.lang.Object, java.lang.Object, java.lang.Object, java.lang.Object)'> (0x00000000d65d1770) 
thrown [s\src\hotspot\share\interpreter\linkResolver.cpp, line 773]
Event: 4.534 Thread 0x000001bb92e71b40 Exception <a 'java/lang/IncompatibleClassChangeError'{0x00000000d65d9b78}: Found class java.lang.Object, but interface was expected> (0x00000000d65d9b78) 
thrown [s\src\hotspot\share\interpreter\linkResolver.cpp, line 840]
Event: 4.536 Thread 0x000001bb92e71b40 Exception <a 'java/lang/NoSuchMethodError'{0x00000000d65e0148}: 'void java.lang.invoke.DirectMethodHandle$Holder.invokeStaticInit(java.lang.Object, java.lang.Object)'> (0x00000000d65e0148) 
thrown [s\src\hotspot\share\interpreter\linkResolver.cpp, line 773]
Event: 4.537 Thread 0x000001bb92e71b40 Exception <a 'java/lang/NoSuchMethodError'{0x00000000d65e9340}: 'int java.lang.invoke.DirectMethodHandle$Holder.invokeStaticInit(java.lang.Object, java.lang.Object)'> (0x00000000d65e9340) 
thrown [s\src\hotspot\share\interpreter\linkResolver.cpp, line 773]

ZGC Phase Switch (0 events):
No events

VM Operations (20 events):
Event: 0.216 Executing non-safepoint VM operation: HandshakeAllThreads (Deoptimize)
Event: 0.216 Executing non-safepoint VM operation: HandshakeAllThreads (Deoptimize) done
Event: 0.694 Executing non-safepoint VM operation: HandshakeAllThreads (Deoptimize)
Event: 0.694 Executing non-safepoint VM operation: HandshakeAllThreads (Deoptimize) done
Event: 0.722 Executing non-safepoint VM operation: HandshakeAllThreads (Deoptimize)
Event: 0.722 Executing non-safepoint VM operation: HandshakeAllThreads (Deoptimize) done
Event: 1.035 Executing safepoint VM operation: ICBufferFull
Event: 1.036 Executing safepoint VM operation: ICBufferFull done
Event: 1.058 Executing non-safepoint VM operation: HandshakeAllThreads (Deoptimize)
Event: 1.058 Executing non-safepoint VM operation: HandshakeAllThreads (Deoptimize) done
Event: 1.085 Executing safepoint VM operation: ParallelGCFailedAllocation (Allocation Failure)
Event: 1.095 Executing safepoint VM operation: ParallelGCFailedAllocation (Allocation Failure) done
Event: 2.096 Executing safepoint VM operation: Cleanup
Event: 2.739 Executing safepoint VM operation: Cleanup done
Event: 3.743 Executing safepoint VM operation: Cleanup
Event: 3.743 Executing safepoint VM operation: Cleanup done
Event: 4.584 Executing non-safepoint VM operation: HandshakeAllThreads (Deoptimize)
Event: 4.584 Executing non-safepoint VM operation: HandshakeAllThreads (Deoptimize) done
Event: 5.597 Executing safepoint VM operation: Cleanup
Event: 5.597 Executing safepoint VM operation: Cleanup done

Memory protections (0 events):
No events

Nmethod flushes (0 events):
No events

Events (20 events):
Event: 0.073 Thread 0x000001bb92e71b40 Thread added: 0x000001bb92ddb010
Event: 0.073 Thread 0x000001bb92e71b40 Thread added: 0x000001bb92ddba70
Event: 0.074 Thread 0x000001bb92e71b40 Thread added: 0x000001bb92de1f90
Event: 0.074 Thread 0x000001bb92e71b40 Thread added: 0x000001bb92de4c60
Event: 0.074 Thread 0x000001bb92e71b40 Thread added: 0x000001bb92df57e0
Event: 0.074 Thread 0x000001bb92e71b40 Thread added: 0x000001bb92df0390
Event: 0.074 Thread 0x000001bb92e71b40 Thread added: 0x000001bb92e05390
Event: 0.074 Thread 0x000001bb92e71b40 Thread added: 0x000001bbec1202f0
Event: 0.133 Thread 0x000001bbec1202f0 Thread added: 0x000001bbec310700
Event: 0.151 Thread 0x000001bb92e71b40 Thread added: 0x000001bbec3ce2d0
Event: 0.457 Thread 0x000001bb92e71b40 Thread added: 0x000001bbec3cdc40
Event: 0.691 Thread 0x000001bbec1202f0 Thread added: 0x000001bbec802bd0
Event: 1.226 Thread 0x000001bbec802bd0 Thread exited: 0x000001bbec802bd0
Event: 1.432 Thread 0x000001bbec310700 Thread exited: 0x000001bbec310700
Event: 1.695 Thread 0x000001bbec1202f0 Thread added: 0x000001bbecaea010
Event: 1.697 Thread 0x000001bbecaea010 Thread added: 0x000001bbec4da430
Event: 2.915 Thread 0x000001bbec4da430 Thread exited: 0x000001bbec4da430
Event: 2.915 Thread 0x000001bbecaea010 Thread exited: 0x000001bbecaea010
Event: 4.367 Thread 0x000001bbec1202f0 Thread added: 0x000001bbecc73970
Event: 4.559 Thread 0x000001bb92e71b40 Thread added: 0x000001bbec3cfd10


Dynamic libraries:
0x00007ff75ae00000 - 0x00007ff75ae0e000 	c:\Users\dives\.vscode\extensions\redhat.java-1.53.0-win32-x64\jre\21.0.10-win32-x86_64\bin\java.exe
0x00007ffc94220000 - 0x00007ffc94487000 	C:\WINDOWS\SYSTEM32\ntdll.dll
0x00007ffc93020000 - 0x00007ffc930e9000 	C:\WINDOWS\System32\KERNEL32.DLL
0x00007ffc90e80000 - 0x00007ffc91271000 	C:\WINDOWS\System32\KERNELBASE.dll
0x00007ffc8dd10000 - 0x00007ffc8ddaf000 	C:\WINDOWS\SYSTEM32\apphelp.dll
0x00007ffc90b30000 - 0x00007ffc90c7b000 	C:\WINDOWS\System32\ucrtbase.dll
0x00007ffc8dea0000 - 0x00007ffc8debe000 	c:\Users\dives\.vscode\extensions\redhat.java-1.53.0-win32-x64\jre\21.0.10-win32-x86_64\bin\VCRUNTIME140.dll
0x00007ffc825e0000 - 0x00007ffc825f8000 	c:\Users\dives\.vscode\extensions\redhat.java-1.53.0-win32-x64\jre\21.0.10-win32-x86_64\bin\jli.dll
0x00007ffc92830000 - 0x00007ffc929f5000 	C:\WINDOWS\System32\USER32.dll
0x00007ffc791a0000 - 0x00007ffc79433000 	C:\WINDOWS\WinSxS\amd64_microsoft.windows.common-controls_6595b64144ccf1df_6.0.26100.8037_none_3e092faae333b53b\COMCTL32.dll
0x00007ffc90b00000 - 0x00007ffc90b27000 	C:\WINDOWS\System32\win32u.dll
0x00007ffc93380000 - 0x00007ffc93429000 	C:\WINDOWS\System32\msvcrt.dll
0x00007ffc930f0000 - 0x00007ffc9311b000 	C:\WINDOWS\System32\GDI32.dll
0x00007ffc91570000 - 0x00007ffc9169b000 	C:\WINDOWS\System32\gdi32full.dll
0x00007ffc916a0000 - 0x00007ffc91743000 	C:\WINDOWS\System32\msvcp_win.dll
0x00007ffc92a00000 - 0x00007ffc92a31000 	C:\WINDOWS\System32\IMM32.DLL
0x00007ffc8b9e0000 - 0x00007ffc8b9ec000 	c:\Users\dives\.vscode\extensions\redhat.java-1.53.0-win32-x64\jre\21.0.10-win32-x86_64\bin\vcruntime140_1.dll
0x00007ffc24bf0000 - 0x00007ffc24c7d000 	c:\Users\dives\.vscode\extensions\redhat.java-1.53.0-win32-x64\jre\21.0.10-win32-x86_64\bin\msvcp140.dll
0x00007ffbf07a0000 - 0x00007ffbf1541000 	c:\Users\dives\.vscode\extensions\redhat.java-1.53.0-win32-x64\jre\21.0.10-win32-x86_64\bin\server\jvm.dll
0x00007ffc92570000 - 0x00007ffc9262b000 	C:\WINDOWS\System32\ADVAPI32.dll
0x00007ffc92220000 - 0x00007ffc922c7000 	C:\WINDOWS\System32\sechost.dll
0x00007ffc92a40000 - 0x00007ffc92b58000 	C:\WINDOWS\System32\RPCRT4.dll
0x00007ffc93300000 - 0x00007ffc93374000 	C:\WINDOWS\System32\WS2_32.dll
0x00007ffc90960000 - 0x00007ffc909be000 	C:\WINDOWS\SYSTEM32\POWRPROF.dll
0x00007ffc8bc20000 - 0x00007ffc8bc55000 	C:\WINDOWS\SYSTEM32\WINMM.dll
0x00007ffc80e60000 - 0x00007ffc80e6b000 	C:\WINDOWS\SYSTEM32\VERSION.dll
0x00007ffc90940000 - 0x00007ffc90954000 	C:\WINDOWS\SYSTEM32\UMPDC.dll
0x00007ffc8f890000 - 0x00007ffc8f8ab000 	C:\WINDOWS\SYSTEM32\kernel.appcore.dll
0x00007ffc82390000 - 0x00007ffc8239a000 	c:\Users\dives\.vscode\extensions\redhat.java-1.53.0-win32-x64\jre\21.0.10-win32-x86_64\bin\jimage.dll
0x00007ffc8e660000 - 0x00007ffc8e8a2000 	C:\WINDOWS\SYSTEM32\DBGHELP.DLL
0x00007ffc93c20000 - 0x00007ffc93fa2000 	C:\WINDOWS\System32\combase.dll
0x00007ffc93120000 - 0x00007ffc931f7000 	C:\WINDOWS\System32\OLEAUT32.dll
0x00007ffc8bbe0000 - 0x00007ffc8bc1b000 	C:\WINDOWS\SYSTEM32\dbgcore.DLL
0x00007ffc91340000 - 0x00007ffc913e5000 	C:\WINDOWS\System32\bcryptPrimitives.dll
0x00007ffc821c0000 - 0x00007ffc821cf000 	c:\Users\dives\.vscode\extensions\redhat.java-1.53.0-win32-x64\jre\21.0.10-win32-x86_64\bin\instrument.dll
0x00007ffc7f240000 - 0x00007ffc7f260000 	c:\Users\dives\.vscode\extensions\redhat.java-1.53.0-win32-x64\jre\21.0.10-win32-x86_64\bin\java.dll
0x00007ffc934b0000 - 0x00007ffc93c0f000 	C:\WINDOWS\System32\SHELL32.dll
0x00007ffc90c80000 - 0x00007ffc90dea000 	C:\WINDOWS\System32\wintypes.dll
0x00007ffc91750000 - 0x00007ffc91fb4000 	C:\WINDOWS\System32\windows.storage.dll
0x00007ffc926c0000 - 0x00007ffc927b7000 	C:\WINDOWS\System32\SHCORE.dll
0x00007ffc927c0000 - 0x00007ffc92827000 	C:\WINDOWS\System32\shlwapi.dll
0x00007ffc90a20000 - 0x00007ffc90a49000 	C:\WINDOWS\SYSTEM32\profapi.dll
0x00007ffc7cc90000 - 0x00007ffc7cca8000 	c:\Users\dives\.vscode\extensions\redhat.java-1.53.0-win32-x64\jre\21.0.10-win32-x86_64\bin\zip.dll
0x00007ffc821b0000 - 0x00007ffc821c0000 	C:\Users\dives\.vscode\extensions\redhat.java-1.53.0-win32-x64\jre\21.0.10-win32-x86_64\bin\net.dll
0x00007ffc8aba0000 - 0x00007ffc8acc7000 	C:\WINDOWS\SYSTEM32\WINHTTP.dll
0x00007ffc8fe00000 - 0x00007ffc8fe6b000 	C:\WINDOWS\system32\mswsock.dll
0x00007ffc7cac0000 - 0x00007ffc7cad6000 	C:\Users\dives\.vscode\extensions\redhat.java-1.53.0-win32-x64\jre\21.0.10-win32-x86_64\bin\nio.dll
0x00007ffc7e1c0000 - 0x00007ffc7e1d0000 	c:\Users\dives\.vscode\extensions\redhat.java-1.53.0-win32-x64\jre\21.0.10-win32-x86_64\bin\verify.dll

JVMTI agents:
c:\Users\dives\.vscode\extensions\redhat.java-1.53.0-win32-x64\lombok\lombok-1.18.39-4050.jar path:c:\Users\dives\.vscode\extensions\redhat.java-1.53.0-win32-x64\jre\21.0.10-win32-x86_64\bin\instrument.dll, loaded, initialized, instrumentlib options:none

dbghelp: loaded successfully - version: 4.0.5 - missing functions: none
symbol engine: initialized successfully - sym options: 0x614 - pdb path: .;c:\Users\dives\.vscode\extensions\redhat.java-1.53.0-win32-x64\jre\21.0.10-win32-x86_64\bin;C:\WINDOWS\SYSTEM32;C:\WINDOWS\WinSxS\amd64_microsoft.windows.common-controls_6595b64144ccf1df_6.0.26100.8037_none_3e092faae333b53b;c:\Users\dives\.vscode\extensions\redhat.java-1.53.0-win32-x64\jre\21.0.10-win32-x86_64\bin\server

VM Arguments:
jvm_args: --add-modules=ALL-SYSTEM --add-opens=java.base/java.util=ALL-UNNAMED --add-opens=java.base/java.lang=ALL-UNNAMED --add-opens=java.base/sun.nio.fs=ALL-UNNAMED -Declipse.application=org.eclipse.jdt.ls.core.id1 -Dosgi.bundles.defaultStartLevel=4 -Declipse.product=org.eclipse.jdt.ls.core.product -Djava.import.generatesMetadataFilesAtProjectRoot=false -DDetectVMInstallationsJob.disabled=true -Dfile.encoding=utf8 -XX:+UseParallelGC -XX:GCTimeRatio=4 -XX:AdaptiveSizePolicyWeight=90 -Dsun.zip.disableMemoryMapping=true -Xmx2G -Xms100m -Xlog:disable -javaagent:c:\Users\dives\.vscode\extensions\redhat.java-1.53.0-win32-x64\lombok\lombok-1.18.39-4050.jar -XX:+HeapDumpOnOutOfMemoryError -XX:HeapDumpPath=c:\Users\dives\AppData\Roaming\Code\User\workspaceStorage\e9fa50f7be65360a504befd0400b0aa0\redhat.java -Daether.dependencyCollector.impl=bf 
java_command: c:\Users\dives\.vscode\extensions\redhat.java-1.53.0-win32-x64\server\plugins\org.eclipse.equinox.launcher_1.7.100.v20251111-0406.jar -configuration c:\Users\dives\AppData\Roaming\Code\User\globalStorage\redhat.java\1.53.0\config_win -data c:\Users\dives\AppData\Roaming\Code\User\workspaceStorage\e9fa50f7be65360a504befd0400b0aa0\redhat.java\jdt_ws --pipe=\\.\pipe\lsp-6e2aecc56452faf73cdf51a7b28bc499-sock
java_class_path (initial): c:\Users\dives\.vscode\extensions\redhat.java-1.53.0-win32-x64\server\plugins\org.eclipse.equinox.launcher_1.7.100.v20251111-0406.jar
Launcher Type: SUN_STANDARD

[Global flags]
    uintx AdaptiveSizePolicyWeight                 = 90                                        {product} {command line}
     intx CICompilerCount                          = 4                                         {product} {ergonomic}
    uintx GCTimeRatio                              = 4                                         {product} {command line}
     bool HeapDumpOnOutOfMemoryError               = true                                   {manageable} {command line}
    ccstr HeapDumpPath                             = c:\Users\dives\AppData\Roaming\Code\User\workspaceStorage\e9fa50f7be65360a504befd0400b0aa0\redhat.java         {manageable} {command line}
   size_t InitialHeapSize                          = 104857600                                 {product} {command line}
   size_t MaxHeapSize                              = 2147483648                                {product} {command line}
   size_t MaxNewSize                               = 715653120                                 {product} {ergonomic}
   size_t MinHeapDeltaBytes                        = 524288                                    {product} {ergonomic}
   size_t MinHeapSize                              = 104857600                                 {product} {command line}
   size_t NewSize                                  = 34603008                                  {product} {ergonomic}
    uintx NonNMethodCodeHeapSize                   = 5839372                                {pd product} {ergonomic}
    uintx NonProfiledCodeHeapSize                  = 122909434                              {pd product} {ergonomic}
   size_t OldSize                                  = 70254592                                  {product} {ergonomic}
    uintx ProfiledCodeHeapSize                     = 122909434                              {pd product} {ergonomic}
    uintx ReservedCodeCacheSize                    = 251658240                              {pd product} {ergonomic}
     bool SegmentedCodeCache                       = true                                      {product} {ergonomic}
   size_t SoftMaxHeapSize                          = 2147483648                             {manageable} {ergonomic}
     bool UseCompressedOops                        = true                           {product lp64_product} {ergonomic}
     bool UseLargePagesIndividualAllocation        = false                                  {pd product} {ergonomic}
     bool UseParallelGC                            = true                                      {product} {command line}

Logging:
Log output configuration:
 #0: stdout all=off uptime,level,tags foldmultilines=false
 #1: stderr all=off uptime,level,tags foldmultilines=false

Release file:
JAVA_VERSION="21.0.10" 
MODULES="java.base java.compiler java.datatransfer java.xml java.prefs java.desktop java.instrument java.logging java.management java.security.sasl java.naming java.rmi java.management.rmi java.net.http java.scripting java.security.jgss java.transaction.xa java.sql java.sql.rowset java.xml.crypto java.se java.smartcardio jdk.accessibility jdk.internal.jvmstat jdk.attach jdk.charsets jdk.internal.opt jdk.zipfs jdk.compiler jdk.crypto.ec jdk.crypto.cryptoki jdk.crypto.mscapi jdk.dynalink jdk.internal.ed jdk.editpad jdk.hotspot.agent jdk.httpserver jdk.internal.le jdk.internal.vm.ci jdk.internal.vm.compiler jdk.internal.vm.compiler.management jdk.jartool jdk.javadoc jdk.jcmd jdk.management jdk.management.agent jdk.jconsole jdk.jdeps jdk.jdwp.agent jdk.jdi jdk.jfr jdk.jshell jdk.jsobject jdk.jstatd jdk.localedata jdk.management.jfr jdk.naming.dns jdk.naming.rmi jdk.net jdk.nio.mapmode jdk.random jdk.sctp jdk.security.auth jdk.security.jgss jdk.unsupported jdk.unsupported.desktop jdk.xml.dom" 

Environment Variables:
JAVA_HOME=C:\Program Files\Java\jdk-19
PATH=C:\Users\dives\AppData\Local\Programs\Microsoft VS Code;C:\Program Files\Java\jdk-21\bin;C:\Program Files\Common Files\Oracle\Java\javapath;C:\WINDOWS\system32;C:\WINDOWS;C:\WINDOWS\System32\Wbem;C:\WINDOWS\System32\WindowsPowerShell\v1.0\;C:\WINDOWS\System32\OpenSSH\;C:\Program Files\dotnet\;C:\Program Files\Microsoft SQL Server\150\Tools\Binn\;C:\Program Files\Microsoft SQL Server\Client SDK\ODBC\170\Tools\Binn\;C:\ProgramData\chocolatey\bin;C:\Program Files\nodejs\;C:\php;C:\Program Files\Git\cmd;C:\ProgramData\ComposerSetup\bin;C:\Program Files\PuTTY\;C:\ffmpeg-8.0.1-essentials_build\bin;;C:\Program Files\Docker\Docker\resources\bin;C:\Program Files\MySQL\MySQL Shell 8.0\bin\;C:\Users\dives\AppData\Local\Microsoft\WindowsApps;C:\Users\dives\AppData\Local\GitHubDesktop\bin;C:\Users\dives\.dotnet\tools;;C:\Users\dives\AppData\Local\Programs\Microsoft VS Code\bin;C:\Users\dives\AppData\Roaming\npm;C:\Users\dives\AppData\Roaming\Composer\vendor\bin
USERNAME=dives
OS=Windows_NT
PROCESSOR_IDENTIFIER=Intel64 Family 6 Model 140 Stepping 1, GenuineIntel
TMP=C:\Users\dives\AppData\Local\Temp
TEMP=C:\Users\dives\AppData\Local\Temp




Periodic native trim disabled

---------------  S Y S T E M  ---------------

OS:
 Windows 11 , 64 bit Build 26100 (10.0.26100.7920)
OS uptime: 3 days 13:12 hours
Hyper-V role detected

CPU: total 8 (initial active 8) (4 cores per cpu, 2 threads per core) family 6 model 140 stepping 1 microcode 0xbe, cx8, cmov, fxsr, ht, mmx, 3dnowpref, sse, sse2, sse3, ssse3, sse4.1, sse4.2, popcnt, lzcnt, tsc, tscinvbit, avx, avx2, aes, erms, clmul, bmi1, bmi2, adx, avx512f, avx512dq, avx512cd, avx512bw, avx512vl, sha, fma, vzeroupper, avx512_vpopcntdq, avx512_vpclmulqdq, avx512_vaes, avx512_vnni, clflush, clflushopt, clwb, avx512_vbmi2, avx512_vbmi, hv, rdtscp, rdpid, fsrm, gfni, avx512_bitalg, f16c, cet_ibt, cet_ss, avx512_ifma
Processor Information for the first 8 processors :
  Max Mhz: 2419, Current Mhz: 2419, Mhz Limit: 2419

Memory: 4k page, system-wide physical 7926M (764M free)
TotalPageFile size 32502M (AvailPageFile size 10M)
current process WorkingSet (physical memory assigned to process): 89M, peak: 90M
current process commit charge ("private bytes"): 239M, peak: 240M

vm_info: OpenJDK 64-Bit Server VM (21.0.10+7-LTS) for windows-amd64 JRE (21.0.10+7-LTS), built on 2026-01-20T00:00:00Z by "admin" with MS VC++ 17.12 (VS2022)

END.
